[2023-04-22 15:07:45,461][__main__][INFO] - Epoch:0 Train_TotalLoss: 9130.131
[2023-04-22 15:07:45,461][__main__][INFO] - Epoch:0 Train_ReconLoss: 325.378
[2023-04-22 15:07:45,461][__main__][INFO] - Epoch:0 Train_RegLoss: 8728.092
[2023-04-22 15:07:45,461][__main__][INFO] - Epoch:0 Train_TripletLoss: 49.071
[2023-04-22 15:07:45,461][__main__][INFO] - Epoch:0 Train_KLLoss: 27.591
[2023-04-22 15:07:45,461][__main__][INFO] - Epoch:0 Val_TotalLoss: 7386.428
[2023-04-22 15:07:45,461][__main__][INFO] - Epoch:0 Val_ReconLoss: 292.064
[2023-04-22 15:07:45,461][__main__][INFO] - Epoch:0 Val_RegLoss: 7002.878
[2023-04-22 15:07:45,461][__main__][INFO] - Epoch:0 Val_TripletLoss: 46.577
[2023-04-22 15:07:45,461][__main__][INFO] - Epoch:0 Val_KLLoss: 44.908
[2023-04-22 15:07:48,274][__main__][INFO] - Epoch:1 Train_TotalLoss: 7097.610
[2023-04-22 15:07:48,275][__main__][INFO] - Epoch:1 Train_ReconLoss: 234.888
[2023-04-22 15:07:48,275][__main__][INFO] - Epoch:1 Train_RegLoss: 6775.533
[2023-04-22 15:07:48,275][__main__][INFO] - Epoch:1 Train_TripletLoss: 44.491
[2023-04-22 15:07:48,275][__main__][INFO] - Epoch:1 Train_KLLoss: 42.698
[2023-04-22 15:07:48,275][__main__][INFO] - Epoch:1 Val_TotalLoss: 5768.700
[2023-04-22 15:07:48,275][__main__][INFO] - Epoch:1 Val_ReconLoss: 232.873
[2023-04-22 15:07:48,275][__main__][INFO] - Epoch:1 Val_RegLoss: 5446.619
[2023-04-22 15:07:48,275][__main__][INFO] - Epoch:1 Val_TripletLoss: 46.120
[2023-04-22 15:07:48,275][__main__][INFO] - Epoch:1 Val_KLLoss: 43.087
[2023-04-22 15:07:48,275][__main__][INFO] - Epoch:1 Test_score: 140281.094
[2023-04-22 15:07:48,275][__main__][INFO] - Epoch:1 Test_RMSE: 72.727
[2023-04-22 15:07:51,072][__main__][INFO] - Epoch:2 Train_TotalLoss: 5617.591
[2023-04-22 15:07:51,073][__main__][INFO] - Epoch:2 Train_ReconLoss: 211.619
[2023-04-22 15:07:51,073][__main__][INFO] - Epoch:2 Train_RegLoss: 5326.195
[2023-04-22 15:07:51,073][__main__][INFO] - Epoch:2 Train_TripletLoss: 42.907
[2023-04-22 15:07:51,073][__main__][INFO] - Epoch:2 Train_KLLoss: 36.870
[2023-04-22 15:07:51,073][__main__][INFO] - Epoch:2 Val_TotalLoss: 4608.086
[2023-04-22 15:07:51,073][__main__][INFO] - Epoch:2 Val_ReconLoss: 232.928
[2023-04-22 15:07:51,073][__main__][INFO] - Epoch:2 Val_RegLoss: 4290.959
[2023-04-22 15:07:51,073][__main__][INFO] - Epoch:2 Val_TripletLoss: 44.693
[2023-04-22 15:07:51,073][__main__][INFO] - Epoch:2 Val_KLLoss: 39.506
[2023-04-22 15:07:51,073][__main__][INFO] - Epoch:2 Test_score: 56569.988
[2023-04-22 15:07:51,073][__main__][INFO] - Epoch:2 Test_RMSE: 63.010
[2023-04-22 15:07:53,910][__main__][INFO] - Epoch:3 Train_TotalLoss: 4444.641
[2023-04-22 15:07:53,910][__main__][INFO] - Epoch:3 Train_ReconLoss: 175.228
[2023-04-22 15:07:53,910][__main__][INFO] - Epoch:3 Train_RegLoss: 4198.481
[2023-04-22 15:07:53,910][__main__][INFO] - Epoch:3 Train_TripletLoss: 39.934
[2023-04-22 15:07:53,910][__main__][INFO] - Epoch:3 Train_KLLoss: 30.999
[2023-04-22 15:07:53,910][__main__][INFO] - Epoch:3 Val_TotalLoss: 3601.942
[2023-04-22 15:07:53,910][__main__][INFO] - Epoch:3 Val_ReconLoss: 196.449
[2023-04-22 15:07:53,910][__main__][INFO] - Epoch:3 Val_RegLoss: 3336.799
[2023-04-22 15:07:53,910][__main__][INFO] - Epoch:3 Val_TripletLoss: 38.213
[2023-04-22 15:07:53,910][__main__][INFO] - Epoch:3 Val_KLLoss: 30.481
[2023-04-22 15:07:53,910][__main__][INFO] - Epoch:3 Test_score: 25210.809
[2023-04-22 15:07:53,910][__main__][INFO] - Epoch:3 Test_RMSE: 54.768
[2023-04-22 15:07:56,684][__main__][INFO] - Epoch:4 Train_TotalLoss: 3533.452
[2023-04-22 15:07:56,684][__main__][INFO] - Epoch:4 Train_ReconLoss: 156.153
[2023-04-22 15:07:56,685][__main__][INFO] - Epoch:4 Train_RegLoss: 3314.192
[2023-04-22 15:07:56,685][__main__][INFO] - Epoch:4 Train_TripletLoss: 36.323
[2023-04-22 15:07:56,685][__main__][INFO] - Epoch:4 Train_KLLoss: 26.784
[2023-04-22 15:07:56,685][__main__][INFO] - Epoch:4 Val_TotalLoss: 2915.747
[2023-04-22 15:07:56,685][__main__][INFO] - Epoch:4 Val_ReconLoss: 189.398
[2023-04-22 15:07:56,685][__main__][INFO] - Epoch:4 Val_RegLoss: 2664.285
[2023-04-22 15:07:56,685][__main__][INFO] - Epoch:4 Val_TripletLoss: 35.420
[2023-04-22 15:07:56,685][__main__][INFO] - Epoch:4 Val_KLLoss: 26.643
[2023-04-22 15:07:56,685][__main__][INFO] - Epoch:4 Test_score: 12153.638
[2023-04-22 15:07:56,685][__main__][INFO] - Epoch:4 Test_RMSE: 47.559
[2023-04-22 15:07:59,426][__main__][INFO] - Epoch:5 Train_TotalLoss: 2830.651
[2023-04-22 15:07:59,426][__main__][INFO] - Epoch:5 Train_ReconLoss: 152.864
[2023-04-22 15:07:59,427][__main__][INFO] - Epoch:5 Train_RegLoss: 2619.900
[2023-04-22 15:07:59,427][__main__][INFO] - Epoch:5 Train_TripletLoss: 34.177
[2023-04-22 15:07:59,427][__main__][INFO] - Epoch:5 Train_KLLoss: 23.710
[2023-04-22 15:07:59,427][__main__][INFO] - Epoch:5 Val_TotalLoss: 2366.735
[2023-04-22 15:07:59,427][__main__][INFO] - Epoch:5 Val_ReconLoss: 179.657
[2023-04-22 15:07:59,427][__main__][INFO] - Epoch:5 Val_RegLoss: 2130.805
[2023-04-22 15:07:59,427][__main__][INFO] - Epoch:5 Val_TripletLoss: 33.007
[2023-04-22 15:07:59,427][__main__][INFO] - Epoch:5 Val_KLLoss: 23.265
[2023-04-22 15:07:59,427][__main__][INFO] - Epoch:5 Test_score: 6225.074
[2023-04-22 15:07:59,427][__main__][INFO] - Epoch:5 Test_RMSE: 41.283
[2023-04-22 15:08:02,117][__main__][INFO] - Epoch:6 Train_TotalLoss: 2292.755
[2023-04-22 15:08:02,118][__main__][INFO] - Epoch:6 Train_ReconLoss: 149.245
[2023-04-22 15:08:02,118][__main__][INFO] - Epoch:6 Train_RegLoss: 2089.506
[2023-04-22 15:08:02,118][__main__][INFO] - Epoch:6 Train_TripletLoss: 32.582
[2023-04-22 15:08:02,118][__main__][INFO] - Epoch:6 Train_KLLoss: 21.422
[2023-04-22 15:08:02,118][__main__][INFO] - Epoch:6 Val_TotalLoss: 1942.854
[2023-04-22 15:08:02,118][__main__][INFO] - Epoch:6 Val_ReconLoss: 172.877
[2023-04-22 15:08:02,118][__main__][INFO] - Epoch:6 Val_RegLoss: 1715.342
[2023-04-22 15:08:02,118][__main__][INFO] - Epoch:6 Val_TripletLoss: 33.129
[2023-04-22 15:08:02,118][__main__][INFO] - Epoch:6 Val_KLLoss: 21.506
[2023-04-22 15:08:02,118][__main__][INFO] - Epoch:6 Test_score: 3390.989
[2023-04-22 15:08:02,118][__main__][INFO] - Epoch:6 Test_RMSE: 35.900
[2023-04-22 15:08:04,792][__main__][INFO] - Epoch:7 Train_TotalLoss: 1896.546
[2023-04-22 15:08:04,792][__main__][INFO] - Epoch:7 Train_ReconLoss: 147.523
[2023-04-22 15:08:04,792][__main__][INFO] - Epoch:7 Train_RegLoss: 1697.405
[2023-04-22 15:08:04,792][__main__][INFO] - Epoch:7 Train_TripletLoss: 31.916
[2023-04-22 15:08:04,792][__main__][INFO] - Epoch:7 Train_KLLoss: 19.702
[2023-04-22 15:08:04,792][__main__][INFO] - Epoch:7 Val_TotalLoss: 1623.202
[2023-04-22 15:08:04,792][__main__][INFO] - Epoch:7 Val_ReconLoss: 170.709
[2023-04-22 15:08:04,792][__main__][INFO] - Epoch:7 Val_RegLoss: 1401.627
[2023-04-22 15:08:04,792][__main__][INFO] - Epoch:7 Val_TripletLoss: 31.094
[2023-04-22 15:08:04,792][__main__][INFO] - Epoch:7 Val_KLLoss: 19.773
[2023-04-22 15:08:04,792][__main__][INFO] - Epoch:7 Test_score: 1983.680
[2023-04-22 15:08:04,792][__main__][INFO] - Epoch:7 Test_RMSE: 31.379
[2023-04-22 15:08:07,593][__main__][INFO] - Epoch:8 Train_TotalLoss: 1585.639
[2023-04-22 15:08:07,593][__main__][INFO] - Epoch:8 Train_ReconLoss: 146.517
[2023-04-22 15:08:07,593][__main__][INFO] - Epoch:8 Train_RegLoss: 1389.970
[2023-04-22 15:08:07,593][__main__][INFO] - Epoch:8 Train_TripletLoss: 30.771
[2023-04-22 15:08:07,593][__main__][INFO] - Epoch:8 Train_KLLoss: 18.381
[2023-04-22 15:08:07,593][__main__][INFO] - Epoch:8 Val_TotalLoss: 1408.692
[2023-04-22 15:08:07,593][__main__][INFO] - Epoch:8 Val_ReconLoss: 185.834
[2023-04-22 15:08:07,593][__main__][INFO] - Epoch:8 Val_RegLoss: 1173.165
[2023-04-22 15:08:07,593][__main__][INFO] - Epoch:8 Val_TripletLoss: 31.249
[2023-04-22 15:08:07,593][__main__][INFO] - Epoch:8 Val_KLLoss: 18.444
[2023-04-22 15:08:07,593][__main__][INFO] - Epoch:8 Test_score: 1263.606
[2023-04-22 15:08:07,593][__main__][INFO] - Epoch:8 Test_RMSE: 27.708
[2023-04-22 15:08:10,366][__main__][INFO] - Epoch:9 Train_TotalLoss: 1352.213
[2023-04-22 15:08:10,367][__main__][INFO] - Epoch:9 Train_ReconLoss: 151.644
[2023-04-22 15:08:10,367][__main__][INFO] - Epoch:9 Train_RegLoss: 1152.165
[2023-04-22 15:08:10,367][__main__][INFO] - Epoch:9 Train_TripletLoss: 31.027
[2023-04-22 15:08:10,367][__main__][INFO] - Epoch:9 Train_KLLoss: 17.377
[2023-04-22 15:08:10,367][__main__][INFO] - Epoch:9 Val_TotalLoss: 1207.532
[2023-04-22 15:08:10,367][__main__][INFO] - Epoch:9 Val_ReconLoss: 171.547
[2023-04-22 15:08:10,367][__main__][INFO] - Epoch:9 Val_RegLoss: 989.137
[2023-04-22 15:08:10,367][__main__][INFO] - Epoch:9 Val_TripletLoss: 29.879
[2023-04-22 15:08:10,367][__main__][INFO] - Epoch:9 Val_KLLoss: 16.969
[2023-04-22 15:08:10,367][__main__][INFO] - Epoch:9 Test_score: 876.803
[2023-04-22 15:08:10,367][__main__][INFO] - Epoch:9 Test_RMSE: 24.675
[2023-04-22 15:08:13,098][__main__][INFO] - Epoch:10 Train_TotalLoss: 1168.787
[2023-04-22 15:08:13,098][__main__][INFO] - Epoch:10 Train_ReconLoss: 145.573
[2023-04-22 15:08:13,098][__main__][INFO] - Epoch:10 Train_RegLoss: 976.758
[2023-04-22 15:08:13,098][__main__][INFO] - Epoch:10 Train_TripletLoss: 30.067
[2023-04-22 15:08:13,098][__main__][INFO] - Epoch:10 Train_KLLoss: 16.388
[2023-04-22 15:08:13,098][__main__][INFO] - Epoch:10 Val_TotalLoss: 1049.733
[2023-04-22 15:08:13,098][__main__][INFO] - Epoch:10 Val_ReconLoss: 173.121
[2023-04-22 15:08:13,098][__main__][INFO] - Epoch:10 Val_RegLoss: 833.351
[2023-04-22 15:08:13,098][__main__][INFO] - Epoch:10 Val_TripletLoss: 28.180
[2023-04-22 15:08:13,098][__main__][INFO] - Epoch:10 Val_KLLoss: 15.081
[2023-04-22 15:08:13,098][__main__][INFO] - Epoch:10 Test_score: 583.413
[2023-04-22 15:08:13,098][__main__][INFO] - Epoch:10 Test_RMSE: 21.567
[2023-04-22 15:08:15,806][__main__][INFO] - Epoch:11 Train_TotalLoss: 1034.807
[2023-04-22 15:08:15,806][__main__][INFO] - Epoch:11 Train_ReconLoss: 154.439
[2023-04-22 15:08:15,807][__main__][INFO] - Epoch:11 Train_RegLoss: 834.902
[2023-04-22 15:08:15,807][__main__][INFO] - Epoch:11 Train_TripletLoss: 30.273
[2023-04-22 15:08:15,807][__main__][INFO] - Epoch:11 Train_KLLoss: 15.193
[2023-04-22 15:08:15,807][__main__][INFO] - Epoch:11 Val_TotalLoss: 1059.775
[2023-04-22 15:08:15,807][__main__][INFO] - Epoch:11 Val_ReconLoss: 201.309
[2023-04-22 15:08:15,807][__main__][INFO] - Epoch:11 Val_RegLoss: 808.584
[2023-04-22 15:08:15,807][__main__][INFO] - Epoch:11 Val_TripletLoss: 32.926
[2023-04-22 15:08:15,807][__main__][INFO] - Epoch:11 Val_KLLoss: 16.956
[2023-04-22 15:08:15,807][__main__][INFO] - Epoch:11 Test_score: 434.077
[2023-04-22 15:08:15,807][__main__][INFO] - Epoch:11 Test_RMSE: 19.050
[2023-04-22 15:08:18,557][__main__][INFO] - Epoch:12 Train_TotalLoss: 966.898
[2023-04-22 15:08:18,557][__main__][INFO] - Epoch:12 Train_ReconLoss: 158.903
[2023-04-22 15:08:18,557][__main__][INFO] - Epoch:12 Train_RegLoss: 761.923
[2023-04-22 15:08:18,557][__main__][INFO] - Epoch:12 Train_TripletLoss: 31.615
[2023-04-22 15:08:18,557][__main__][INFO] - Epoch:12 Train_KLLoss: 14.456
[2023-04-22 15:08:18,557][__main__][INFO] - Epoch:12 Val_TotalLoss: 945.278
[2023-04-22 15:08:18,557][__main__][INFO] - Epoch:12 Val_ReconLoss: 184.149
[2023-04-22 15:08:18,557][__main__][INFO] - Epoch:12 Val_RegLoss: 714.431
[2023-04-22 15:08:18,557][__main__][INFO] - Epoch:12 Val_TripletLoss: 31.763
[2023-04-22 15:08:18,557][__main__][INFO] - Epoch:12 Val_KLLoss: 14.936
[2023-04-22 15:08:18,557][__main__][INFO] - Epoch:12 Test_score: 487.226
[2023-04-22 15:08:18,557][__main__][INFO] - Epoch:12 Test_RMSE: 18.702
[2023-04-22 15:08:21,288][__main__][INFO] - Epoch:13 Train_TotalLoss: 882.126
[2023-04-22 15:08:21,288][__main__][INFO] - Epoch:13 Train_ReconLoss: 155.498
[2023-04-22 15:08:21,288][__main__][INFO] - Epoch:13 Train_RegLoss: 681.349
[2023-04-22 15:08:21,288][__main__][INFO] - Epoch:13 Train_TripletLoss: 31.611
[2023-04-22 15:08:21,288][__main__][INFO] - Epoch:13 Train_KLLoss: 13.668
[2023-04-22 15:08:21,288][__main__][INFO] - Epoch:13 Val_TotalLoss: 863.079
[2023-04-22 15:08:21,288][__main__][INFO] - Epoch:13 Val_ReconLoss: 182.578
[2023-04-22 15:08:21,288][__main__][INFO] - Epoch:13 Val_RegLoss: 636.545
[2023-04-22 15:08:21,288][__main__][INFO] - Epoch:13 Val_TripletLoss: 29.671
[2023-04-22 15:08:21,288][__main__][INFO] - Epoch:13 Val_KLLoss: 14.285
[2023-04-22 15:08:21,288][__main__][INFO] - Epoch:13 Test_score: 392.120
[2023-04-22 15:08:21,288][__main__][INFO] - Epoch:13 Test_RMSE: 16.713
[2023-04-22 15:08:23,987][__main__][INFO] - Epoch:14 Train_TotalLoss: 816.880
[2023-04-22 15:08:23,987][__main__][INFO] - Epoch:14 Train_ReconLoss: 146.959
[2023-04-22 15:08:23,987][__main__][INFO] - Epoch:14 Train_RegLoss: 625.872
[2023-04-22 15:08:23,987][__main__][INFO] - Epoch:14 Train_TripletLoss: 30.444
[2023-04-22 15:08:23,987][__main__][INFO] - Epoch:14 Train_KLLoss: 13.605
[2023-04-22 15:08:23,987][__main__][INFO] - Epoch:14 Val_TotalLoss: 817.038
[2023-04-22 15:08:23,987][__main__][INFO] - Epoch:14 Val_ReconLoss: 172.218
[2023-04-22 15:08:23,987][__main__][INFO] - Epoch:14 Val_RegLoss: 600.641
[2023-04-22 15:08:23,987][__main__][INFO] - Epoch:14 Val_TripletLoss: 30.356
[2023-04-22 15:08:23,987][__main__][INFO] - Epoch:14 Val_KLLoss: 13.824
[2023-04-22 15:08:23,987][__main__][INFO] - Epoch:14 Test_score: 410.533
[2023-04-22 15:08:23,987][__main__][INFO] - Epoch:14 Test_RMSE: 15.990
[2023-04-22 15:08:26,764][__main__][INFO] - Epoch:15 Train_TotalLoss: 767.377
[2023-04-22 15:08:26,764][__main__][INFO] - Epoch:15 Train_ReconLoss: 146.564
[2023-04-22 15:08:26,764][__main__][INFO] - Epoch:15 Train_RegLoss: 577.026
[2023-04-22 15:08:26,764][__main__][INFO] - Epoch:15 Train_TripletLoss: 31.444
[2023-04-22 15:08:26,765][__main__][INFO] - Epoch:15 Train_KLLoss: 12.343
[2023-04-22 15:08:26,765][__main__][INFO] - Epoch:15 Val_TotalLoss: 816.781
[2023-04-22 15:08:26,765][__main__][INFO] - Epoch:15 Val_ReconLoss: 168.126
[2023-04-22 15:08:26,765][__main__][INFO] - Epoch:15 Val_RegLoss: 606.837
[2023-04-22 15:08:26,765][__main__][INFO] - Epoch:15 Val_TripletLoss: 29.245
[2023-04-22 15:08:26,765][__main__][INFO] - Epoch:15 Val_KLLoss: 12.574
[2023-04-22 15:08:26,765][__main__][INFO] - Epoch:15 Test_score: 468.800
[2023-04-22 15:08:26,765][__main__][INFO] - Epoch:15 Test_RMSE: 15.026
[2023-04-22 15:08:29,441][__main__][INFO] - Epoch:16 Train_TotalLoss: 757.399
[2023-04-22 15:08:29,441][__main__][INFO] - Epoch:16 Train_ReconLoss: 149.746
[2023-04-22 15:08:29,441][__main__][INFO] - Epoch:16 Train_RegLoss: 564.878
[2023-04-22 15:08:29,442][__main__][INFO] - Epoch:16 Train_TripletLoss: 30.559
[2023-04-22 15:08:29,442][__main__][INFO] - Epoch:16 Train_KLLoss: 12.216
[2023-04-22 15:08:29,442][__main__][INFO] - Epoch:16 Val_TotalLoss: 832.275
[2023-04-22 15:08:29,442][__main__][INFO] - Epoch:16 Val_ReconLoss: 169.568
[2023-04-22 15:08:29,442][__main__][INFO] - Epoch:16 Val_RegLoss: 617.632
[2023-04-22 15:08:29,442][__main__][INFO] - Epoch:16 Val_TripletLoss: 32.223
[2023-04-22 15:08:29,442][__main__][INFO] - Epoch:16 Val_KLLoss: 12.852
[2023-04-22 15:08:29,442][__main__][INFO] - Epoch:16 Test_score: 405.988
[2023-04-22 15:08:29,442][__main__][INFO] - Epoch:16 Test_RMSE: 14.253
[2023-04-22 15:08:32,160][__main__][INFO] - Epoch:17 Train_TotalLoss: 720.468
[2023-04-22 15:08:32,160][__main__][INFO] - Epoch:17 Train_ReconLoss: 144.002
[2023-04-22 15:08:32,160][__main__][INFO] - Epoch:17 Train_RegLoss: 533.812
[2023-04-22 15:08:32,160][__main__][INFO] - Epoch:17 Train_TripletLoss: 30.919
[2023-04-22 15:08:32,160][__main__][INFO] - Epoch:17 Train_KLLoss: 11.735
[2023-04-22 15:08:32,160][__main__][INFO] - Epoch:17 Val_TotalLoss: 727.742
[2023-04-22 15:08:32,160][__main__][INFO] - Epoch:17 Val_ReconLoss: 168.345
[2023-04-22 15:08:32,161][__main__][INFO] - Epoch:17 Val_RegLoss: 516.715
[2023-04-22 15:08:32,161][__main__][INFO] - Epoch:17 Val_TripletLoss: 30.685
[2023-04-22 15:08:32,161][__main__][INFO] - Epoch:17 Val_KLLoss: 11.998
[2023-04-22 15:08:32,161][__main__][INFO] - Epoch:17 Test_score: 552.500
[2023-04-22 15:08:32,161][__main__][INFO] - Epoch:17 Test_RMSE: 14.637
[2023-04-22 15:08:34,886][__main__][INFO] - Epoch:18 Train_TotalLoss: 738.243
[2023-04-22 15:08:34,886][__main__][INFO] - Epoch:18 Train_ReconLoss: 160.343
[2023-04-22 15:08:34,886][__main__][INFO] - Epoch:18 Train_RegLoss: 535.186
[2023-04-22 15:08:34,886][__main__][INFO] - Epoch:18 Train_TripletLoss: 31.171
[2023-04-22 15:08:34,887][__main__][INFO] - Epoch:18 Train_KLLoss: 11.543
[2023-04-22 15:08:34,887][__main__][INFO] - Epoch:18 Val_TotalLoss: 823.731
[2023-04-22 15:08:34,887][__main__][INFO] - Epoch:18 Val_ReconLoss: 187.517
[2023-04-22 15:08:34,887][__main__][INFO] - Epoch:18 Val_RegLoss: 591.766
[2023-04-22 15:08:34,887][__main__][INFO] - Epoch:18 Val_TripletLoss: 32.087
[2023-04-22 15:08:34,887][__main__][INFO] - Epoch:18 Val_KLLoss: 12.361
[2023-04-22 15:08:34,887][__main__][INFO] - Epoch:18 Test_score: 441.447
[2023-04-22 15:08:34,887][__main__][INFO] - Epoch:18 Test_RMSE: 13.406
[2023-04-22 15:08:38,042][__main__][INFO] - Epoch:19 Train_TotalLoss: 720.963
[2023-04-22 15:08:38,043][__main__][INFO] - Epoch:19 Train_ReconLoss: 151.393
[2023-04-22 15:08:38,043][__main__][INFO] - Epoch:19 Train_RegLoss: 526.526
[2023-04-22 15:08:38,043][__main__][INFO] - Epoch:19 Train_TripletLoss: 31.301
[2023-04-22 15:08:38,043][__main__][INFO] - Epoch:19 Train_KLLoss: 11.743
[2023-04-22 15:08:38,043][__main__][INFO] - Epoch:19 Val_TotalLoss: 765.233
[2023-04-22 15:08:38,043][__main__][INFO] - Epoch:19 Val_ReconLoss: 172.083
[2023-04-22 15:08:38,043][__main__][INFO] - Epoch:19 Val_RegLoss: 549.029
[2023-04-22 15:08:38,043][__main__][INFO] - Epoch:19 Val_TripletLoss: 31.466
[2023-04-22 15:08:38,043][__main__][INFO] - Epoch:19 Val_KLLoss: 12.655
[2023-04-22 15:08:38,043][__main__][INFO] - Epoch:19 Test_score: 525.054
[2023-04-22 15:08:38,043][__main__][INFO] - Epoch:19 Test_RMSE: 14.050
[2023-04-22 15:08:40,731][__main__][INFO] - Epoch:20 Train_TotalLoss: 688.788
[2023-04-22 15:08:40,731][__main__][INFO] - Epoch:20 Train_ReconLoss: 145.209
[2023-04-22 15:08:40,731][__main__][INFO] - Epoch:20 Train_RegLoss: 500.395
[2023-04-22 15:08:40,731][__main__][INFO] - Epoch:20 Train_TripletLoss: 31.491
[2023-04-22 15:08:40,731][__main__][INFO] - Epoch:20 Train_KLLoss: 11.694
[2023-04-22 15:08:40,731][__main__][INFO] - Epoch:20 Val_TotalLoss: 795.847
[2023-04-22 15:08:40,731][__main__][INFO] - Epoch:20 Val_ReconLoss: 168.330
[2023-04-22 15:08:40,731][__main__][INFO] - Epoch:20 Val_RegLoss: 584.440
[2023-04-22 15:08:40,731][__main__][INFO] - Epoch:20 Val_TripletLoss: 30.713
[2023-04-22 15:08:40,731][__main__][INFO] - Epoch:20 Val_KLLoss: 12.363
[2023-04-22 15:08:40,732][__main__][INFO] - Epoch:20 Test_score: 561.996
[2023-04-22 15:08:40,732][__main__][INFO] - Epoch:20 Test_RMSE: 13.618
[2023-04-22 15:08:43,472][__main__][INFO] - Epoch:21 Train_TotalLoss: 681.884
[2023-04-22 15:08:43,472][__main__][INFO] - Epoch:21 Train_ReconLoss: 144.917
[2023-04-22 15:08:43,473][__main__][INFO] - Epoch:21 Train_RegLoss: 493.550
[2023-04-22 15:08:43,473][__main__][INFO] - Epoch:21 Train_TripletLoss: 32.200
[2023-04-22 15:08:43,473][__main__][INFO] - Epoch:21 Train_KLLoss: 11.217
[2023-04-22 15:08:43,473][__main__][INFO] - Epoch:21 Val_TotalLoss: 697.282
[2023-04-22 15:08:43,473][__main__][INFO] - Epoch:21 Val_ReconLoss: 169.655
[2023-04-22 15:08:43,473][__main__][INFO] - Epoch:21 Val_RegLoss: 483.066
[2023-04-22 15:08:43,473][__main__][INFO] - Epoch:21 Val_TripletLoss: 32.660
[2023-04-22 15:08:43,473][__main__][INFO] - Epoch:21 Val_KLLoss: 11.902
[2023-04-22 15:08:43,473][__main__][INFO] - Epoch:21 Test_score: 564.889
[2023-04-22 15:08:43,473][__main__][INFO] - Epoch:21 Test_RMSE: 13.455
[2023-04-22 15:08:46,277][__main__][INFO] - Epoch:22 Train_TotalLoss: 680.916
[2023-04-22 15:08:46,277][__main__][INFO] - Epoch:22 Train_ReconLoss: 143.329
[2023-04-22 15:08:46,277][__main__][INFO] - Epoch:22 Train_RegLoss: 494.952
[2023-04-22 15:08:46,277][__main__][INFO] - Epoch:22 Train_TripletLoss: 31.748
[2023-04-22 15:08:46,277][__main__][INFO] - Epoch:22 Train_KLLoss: 10.888
[2023-04-22 15:08:46,277][__main__][INFO] - Epoch:22 Val_TotalLoss: 750.699
[2023-04-22 15:08:46,277][__main__][INFO] - Epoch:22 Val_ReconLoss: 167.665
[2023-04-22 15:08:46,277][__main__][INFO] - Epoch:22 Val_RegLoss: 539.296
[2023-04-22 15:08:46,277][__main__][INFO] - Epoch:22 Val_TripletLoss: 32.072
[2023-04-22 15:08:46,277][__main__][INFO] - Epoch:22 Val_KLLoss: 11.666
[2023-04-22 15:08:46,277][__main__][INFO] - Epoch:22 Test_score: 594.604
[2023-04-22 15:08:46,278][__main__][INFO] - Epoch:22 Test_RMSE: 13.366
[2023-04-22 15:08:49,075][__main__][INFO] - Epoch:23 Train_TotalLoss: 658.456
[2023-04-22 15:08:49,076][__main__][INFO] - Epoch:23 Train_ReconLoss: 142.933
[2023-04-22 15:08:49,076][__main__][INFO] - Epoch:23 Train_RegLoss: 473.717
[2023-04-22 15:08:49,076][__main__][INFO] - Epoch:23 Train_TripletLoss: 31.143
[2023-04-22 15:08:49,076][__main__][INFO] - Epoch:23 Train_KLLoss: 10.663
[2023-04-22 15:08:49,076][__main__][INFO] - Epoch:23 Val_TotalLoss: 723.819
[2023-04-22 15:08:49,076][__main__][INFO] - Epoch:23 Val_ReconLoss: 169.567
[2023-04-22 15:08:49,076][__main__][INFO] - Epoch:23 Val_RegLoss: 510.436
[2023-04-22 15:08:49,076][__main__][INFO] - Epoch:23 Val_TripletLoss: 32.745
[2023-04-22 15:08:49,076][__main__][INFO] - Epoch:23 Val_KLLoss: 11.071
[2023-04-22 15:08:49,076][__main__][INFO] - Epoch:23 Test_score: 599.941
[2023-04-22 15:08:49,076][__main__][INFO] - Epoch:23 Test_RMSE: 12.914
[2023-04-22 15:08:51,789][__main__][INFO] - Epoch:24 Train_TotalLoss: 659.954
[2023-04-22 15:08:51,790][__main__][INFO] - Epoch:24 Train_ReconLoss: 141.916
[2023-04-22 15:08:51,790][__main__][INFO] - Epoch:24 Train_RegLoss: 476.369
[2023-04-22 15:08:51,790][__main__][INFO] - Epoch:24 Train_TripletLoss: 31.291
[2023-04-22 15:08:51,790][__main__][INFO] - Epoch:24 Train_KLLoss: 10.378
[2023-04-22 15:08:51,790][__main__][INFO] - Epoch:24 Val_TotalLoss: 712.095
[2023-04-22 15:08:51,790][__main__][INFO] - Epoch:24 Val_ReconLoss: 167.354
[2023-04-22 15:08:51,790][__main__][INFO] - Epoch:24 Val_RegLoss: 502.205
[2023-04-22 15:08:51,790][__main__][INFO] - Epoch:24 Val_TripletLoss: 31.758
[2023-04-22 15:08:51,790][__main__][INFO] - Epoch:24 Val_KLLoss: 10.778
[2023-04-22 15:08:51,790][__main__][INFO] - Epoch:24 Test_score: 198.193
[2023-04-22 15:08:51,790][__main__][INFO] - Epoch:24 Test_RMSE: 11.254
[2023-04-22 15:08:54,590][__main__][INFO] - Epoch:25 Train_TotalLoss: 660.876
[2023-04-22 15:08:54,590][__main__][INFO] - Epoch:25 Train_ReconLoss: 141.389
[2023-04-22 15:08:54,590][__main__][INFO] - Epoch:25 Train_RegLoss: 478.336
[2023-04-22 15:08:54,590][__main__][INFO] - Epoch:25 Train_TripletLoss: 30.805
[2023-04-22 15:08:54,590][__main__][INFO] - Epoch:25 Train_KLLoss: 10.346
[2023-04-22 15:08:54,590][__main__][INFO] - Epoch:25 Val_TotalLoss: 702.364
[2023-04-22 15:08:54,590][__main__][INFO] - Epoch:25 Val_ReconLoss: 167.440
[2023-04-22 15:08:54,590][__main__][INFO] - Epoch:25 Val_RegLoss: 492.326
[2023-04-22 15:08:54,590][__main__][INFO] - Epoch:25 Val_TripletLoss: 31.963
[2023-04-22 15:08:54,590][__main__][INFO] - Epoch:25 Val_KLLoss: 10.636
[2023-04-22 15:08:54,590][__main__][INFO] - Epoch:25 Test_score: 688.506
[2023-04-22 15:08:54,590][__main__][INFO] - Epoch:25 Test_RMSE: 13.142
[2023-04-22 15:08:57,295][__main__][INFO] - Epoch:26 Train_TotalLoss: 646.374
[2023-04-22 15:08:57,295][__main__][INFO] - Epoch:26 Train_ReconLoss: 141.582
[2023-04-22 15:08:57,295][__main__][INFO] - Epoch:26 Train_RegLoss: 463.445
[2023-04-22 15:08:57,296][__main__][INFO] - Epoch:26 Train_TripletLoss: 31.199
[2023-04-22 15:08:57,296][__main__][INFO] - Epoch:26 Train_KLLoss: 10.148
[2023-04-22 15:08:57,296][__main__][INFO] - Epoch:26 Val_TotalLoss: 699.181
[2023-04-22 15:08:57,296][__main__][INFO] - Epoch:26 Val_ReconLoss: 165.462
[2023-04-22 15:08:57,296][__main__][INFO] - Epoch:26 Val_RegLoss: 489.928
[2023-04-22 15:08:57,296][__main__][INFO] - Epoch:26 Val_TripletLoss: 33.009
[2023-04-22 15:08:57,296][__main__][INFO] - Epoch:26 Val_KLLoss: 10.782
[2023-04-22 15:08:57,296][__main__][INFO] - Epoch:26 Test_score: 613.693
[2023-04-22 15:08:57,296][__main__][INFO] - Epoch:26 Test_RMSE: 13.181
[2023-04-22 15:08:59,962][__main__][INFO] - Epoch:27 Train_TotalLoss: 654.503
[2023-04-22 15:08:59,962][__main__][INFO] - Epoch:27 Train_ReconLoss: 141.271
[2023-04-22 15:08:59,962][__main__][INFO] - Epoch:27 Train_RegLoss: 471.643
[2023-04-22 15:08:59,962][__main__][INFO] - Epoch:27 Train_TripletLoss: 31.399
[2023-04-22 15:08:59,962][__main__][INFO] - Epoch:27 Train_KLLoss: 10.189
[2023-04-22 15:08:59,962][__main__][INFO] - Epoch:27 Val_TotalLoss: 752.844
[2023-04-22 15:08:59,962][__main__][INFO] - Epoch:27 Val_ReconLoss: 165.583
[2023-04-22 15:08:59,962][__main__][INFO] - Epoch:27 Val_RegLoss: 541.074
[2023-04-22 15:08:59,962][__main__][INFO] - Epoch:27 Val_TripletLoss: 35.650
[2023-04-22 15:08:59,963][__main__][INFO] - Epoch:27 Val_KLLoss: 10.537
[2023-04-22 15:08:59,963][__main__][INFO] - Epoch:27 Test_score: 708.262
[2023-04-22 15:08:59,963][__main__][INFO] - Epoch:27 Test_RMSE: 13.269
[2023-04-22 15:09:02,660][__main__][INFO] - Epoch:28 Train_TotalLoss: 647.033
[2023-04-22 15:09:02,660][__main__][INFO] - Epoch:28 Train_ReconLoss: 140.821
[2023-04-22 15:09:02,660][__main__][INFO] - Epoch:28 Train_RegLoss: 465.564
[2023-04-22 15:09:02,660][__main__][INFO] - Epoch:28 Train_TripletLoss: 30.425
[2023-04-22 15:09:02,660][__main__][INFO] - Epoch:28 Train_KLLoss: 10.224
[2023-04-22 15:09:02,660][__main__][INFO] - Epoch:28 Val_TotalLoss: 718.791
[2023-04-22 15:09:02,660][__main__][INFO] - Epoch:28 Val_ReconLoss: 165.222
[2023-04-22 15:09:02,660][__main__][INFO] - Epoch:28 Val_RegLoss: 512.034
[2023-04-22 15:09:02,660][__main__][INFO] - Epoch:28 Val_TripletLoss: 30.592
[2023-04-22 15:09:02,660][__main__][INFO] - Epoch:28 Val_KLLoss: 10.943
[2023-04-22 15:09:02,660][__main__][INFO] - Epoch:28 Test_score: 792.056
[2023-04-22 15:09:02,660][__main__][INFO] - Epoch:28 Test_RMSE: 14.583
[2023-04-22 15:09:05,389][__main__][INFO] - Epoch:29 Train_TotalLoss: 647.271
[2023-04-22 15:09:05,389][__main__][INFO] - Epoch:29 Train_ReconLoss: 140.697
[2023-04-22 15:09:05,389][__main__][INFO] - Epoch:29 Train_RegLoss: 465.883
[2023-04-22 15:09:05,389][__main__][INFO] - Epoch:29 Train_TripletLoss: 30.594
[2023-04-22 15:09:05,389][__main__][INFO] - Epoch:29 Train_KLLoss: 10.097
[2023-04-22 15:09:05,389][__main__][INFO] - Epoch:29 Val_TotalLoss: 744.968
[2023-04-22 15:09:05,389][__main__][INFO] - Epoch:29 Val_ReconLoss: 168.387
[2023-04-22 15:09:05,389][__main__][INFO] - Epoch:29 Val_RegLoss: 529.920
[2023-04-22 15:09:05,389][__main__][INFO] - Epoch:29 Val_TripletLoss: 36.082
[2023-04-22 15:09:05,389][__main__][INFO] - Epoch:29 Val_KLLoss: 10.580
[2023-04-22 15:09:05,389][__main__][INFO] - Epoch:29 Test_score: 254.142
[2023-04-22 15:09:05,389][__main__][INFO] - Epoch:29 Test_RMSE: 12.110
