[2023-04-04 04:37:07,470][train][INFO] - Epoch:0 Train_TotalLoss: 8380.990
[2023-04-04 04:37:07,471][train][INFO] - Epoch:0 Train_ReconLoss: 104.203
[2023-04-04 04:37:07,471][train][INFO] - Epoch:0 Train_RegLoss: 8241.229
[2023-04-04 04:37:07,471][train][INFO] - Epoch:0 Train_TripletLoss: 0.997
[2023-04-04 04:37:07,471][train][INFO] - Epoch:0 Train_KLLoss: 34.561
[2023-04-04 04:37:07,471][train][INFO] - Epoch:0 Val_TotalLoss: 6233.254
[2023-04-04 04:37:07,471][train][INFO] - Epoch:0 Val_ReconLoss: 101.363
[2023-04-04 04:37:07,471][train][INFO] - Epoch:0 Val_RegLoss: 6071.241
[2023-04-04 04:37:07,471][train][INFO] - Epoch:0 Val_TripletLoss: 0.927
[2023-04-04 04:37:07,471][train][INFO] - Epoch:0 Val_KLLoss: 59.723
[2023-04-04 04:37:10,159][train][INFO] - Epoch:1 Train_TotalLoss: 5593.475
[2023-04-04 04:37:10,160][train][INFO] - Epoch:1 Train_ReconLoss: 70.403
[2023-04-04 04:37:10,160][train][INFO] - Epoch:1 Train_RegLoss: 5464.282
[2023-04-04 04:37:10,160][train][INFO] - Epoch:1 Train_TripletLoss: 0.723
[2023-04-04 04:37:10,160][train][INFO] - Epoch:1 Train_KLLoss: 58.068
[2023-04-04 04:37:10,160][train][INFO] - Epoch:1 Val_TotalLoss: 4167.570
[2023-04-04 04:37:10,160][train][INFO] - Epoch:1 Val_ReconLoss: 63.943
[2023-04-04 04:37:10,160][train][INFO] - Epoch:1 Val_RegLoss: 4046.533
[2023-04-04 04:37:10,160][train][INFO] - Epoch:1 Val_TripletLoss: 0.708
[2023-04-04 04:37:10,160][train][INFO] - Epoch:1 Val_KLLoss: 56.386
[2023-04-04 04:37:12,824][train][INFO] - Epoch:2 Train_TotalLoss: 3808.046
[2023-04-04 04:37:12,824][train][INFO] - Epoch:2 Train_ReconLoss: 65.008
[2023-04-04 04:37:12,824][train][INFO] - Epoch:2 Train_RegLoss: 3694.032
[2023-04-04 04:37:12,824][train][INFO] - Epoch:2 Train_TripletLoss: 0.666
[2023-04-04 04:37:12,824][train][INFO] - Epoch:2 Train_KLLoss: 48.340
[2023-04-04 04:37:12,824][train][INFO] - Epoch:2 Val_TotalLoss: 2843.755
[2023-04-04 04:37:12,824][train][INFO] - Epoch:2 Val_ReconLoss: 65.697
[2023-04-04 04:37:12,824][train][INFO] - Epoch:2 Val_RegLoss: 2735.701
[2023-04-04 04:37:12,824][train][INFO] - Epoch:2 Val_TripletLoss: 0.631
[2023-04-04 04:37:12,824][train][INFO] - Epoch:2 Val_KLLoss: 41.726
[2023-04-04 04:37:15,480][train][INFO] - Epoch:3 Train_TotalLoss: 2616.040
[2023-04-04 04:37:15,480][train][INFO] - Epoch:3 Train_ReconLoss: 61.147
[2023-04-04 04:37:15,480][train][INFO] - Epoch:3 Train_RegLoss: 2514.975
[2023-04-04 04:37:15,480][train][INFO] - Epoch:3 Train_TripletLoss: 0.632
[2023-04-04 04:37:15,481][train][INFO] - Epoch:3 Train_KLLoss: 39.285
[2023-04-04 04:37:15,481][train][INFO] - Epoch:3 Val_TotalLoss: 1957.281
[2023-04-04 04:37:15,481][train][INFO] - Epoch:3 Val_ReconLoss: 57.006
[2023-04-04 04:37:15,481][train][INFO] - Epoch:3 Val_RegLoss: 1866.813
[2023-04-04 04:37:15,481][train][INFO] - Epoch:3 Val_TripletLoss: 0.627
[2023-04-04 04:37:15,481][train][INFO] - Epoch:3 Val_KLLoss: 32.835
[2023-04-04 04:37:18,219][train][INFO] - Epoch:4 Train_TotalLoss: 1796.239
[2023-04-04 04:37:18,219][train][INFO] - Epoch:4 Train_ReconLoss: 47.318
[2023-04-04 04:37:18,219][train][INFO] - Epoch:4 Train_RegLoss: 1715.081
[2023-04-04 04:37:18,219][train][INFO] - Epoch:4 Train_TripletLoss: 0.593
[2023-04-04 04:37:18,219][train][INFO] - Epoch:4 Train_KLLoss: 33.246
[2023-04-04 04:37:18,219][train][INFO] - Epoch:4 Val_TotalLoss: 1365.411
[2023-04-04 04:37:18,219][train][INFO] - Epoch:4 Val_ReconLoss: 41.172
[2023-04-04 04:37:18,219][train][INFO] - Epoch:4 Val_RegLoss: 1297.684
[2023-04-04 04:37:18,219][train][INFO] - Epoch:4 Val_TripletLoss: 0.619
[2023-04-04 04:37:18,219][train][INFO] - Epoch:4 Val_KLLoss: 25.936
[2023-04-04 04:37:20,926][train][INFO] - Epoch:5 Train_TotalLoss: 1258.722
[2023-04-04 04:37:20,926][train][INFO] - Epoch:5 Train_ReconLoss: 39.496
[2023-04-04 04:37:20,926][train][INFO] - Epoch:5 Train_RegLoss: 1190.093
[2023-04-04 04:37:20,926][train][INFO] - Epoch:5 Train_TripletLoss: 0.574
[2023-04-04 04:37:20,926][train][INFO] - Epoch:5 Train_KLLoss: 28.558
[2023-04-04 04:37:20,926][train][INFO] - Epoch:5 Val_TotalLoss: 986.751
[2023-04-04 04:37:20,926][train][INFO] - Epoch:5 Val_ReconLoss: 37.525
[2023-04-04 04:37:20,926][train][INFO] - Epoch:5 Val_RegLoss: 924.590
[2023-04-04 04:37:20,926][train][INFO] - Epoch:5 Val_TripletLoss: 0.565
[2023-04-04 04:37:20,926][train][INFO] - Epoch:5 Val_KLLoss: 24.071
[2023-04-04 04:37:23,534][train][INFO] - Epoch:6 Train_TotalLoss: 907.632
[2023-04-04 04:37:23,535][train][INFO] - Epoch:6 Train_ReconLoss: 39.762
[2023-04-04 04:37:23,535][train][INFO] - Epoch:6 Train_RegLoss: 842.823
[2023-04-04 04:37:23,535][train][INFO] - Epoch:6 Train_TripletLoss: 0.583
[2023-04-04 04:37:23,535][train][INFO] - Epoch:6 Train_KLLoss: 24.465
[2023-04-04 04:37:23,535][train][INFO] - Epoch:6 Val_TotalLoss: 746.726
[2023-04-04 04:37:23,535][train][INFO] - Epoch:6 Val_ReconLoss: 36.356
[2023-04-04 04:37:23,535][train][INFO] - Epoch:6 Val_RegLoss: 686.131
[2023-04-04 04:37:23,535][train][INFO] - Epoch:6 Val_TripletLoss: 0.620
[2023-04-04 04:37:23,535][train][INFO] - Epoch:6 Val_KLLoss: 23.620
[2023-04-04 04:37:26,242][train][INFO] - Epoch:7 Train_TotalLoss: 681.632
[2023-04-04 04:37:26,242][train][INFO] - Epoch:7 Train_ReconLoss: 39.250
[2023-04-04 04:37:26,242][train][INFO] - Epoch:7 Train_RegLoss: 620.471
[2023-04-04 04:37:26,242][train][INFO] - Epoch:7 Train_TripletLoss: 0.596
[2023-04-04 04:37:26,242][train][INFO] - Epoch:7 Train_KLLoss: 21.315
[2023-04-04 04:37:26,242][train][INFO] - Epoch:7 Val_TotalLoss: 654.332
[2023-04-04 04:37:26,242][train][INFO] - Epoch:7 Val_ReconLoss: 37.272
[2023-04-04 04:37:26,242][train][INFO] - Epoch:7 Val_RegLoss: 596.099
[2023-04-04 04:37:26,242][train][INFO] - Epoch:7 Val_TripletLoss: 0.607
[2023-04-04 04:37:26,242][train][INFO] - Epoch:7 Val_KLLoss: 20.354
[2023-04-04 04:37:29,096][train][INFO] - Epoch:8 Train_TotalLoss: 532.971
[2023-04-04 04:37:29,096][train][INFO] - Epoch:8 Train_ReconLoss: 39.389
[2023-04-04 04:37:29,096][train][INFO] - Epoch:8 Train_RegLoss: 474.084
[2023-04-04 04:37:29,096][train][INFO] - Epoch:8 Train_TripletLoss: 0.611
[2023-04-04 04:37:29,096][train][INFO] - Epoch:8 Train_KLLoss: 18.887
[2023-04-04 04:37:29,096][train][INFO] - Epoch:8 Val_TotalLoss: 534.993
[2023-04-04 04:37:29,096][train][INFO] - Epoch:8 Val_ReconLoss: 38.223
[2023-04-04 04:37:29,096][train][INFO] - Epoch:8 Val_RegLoss: 477.522
[2023-04-04 04:37:29,096][train][INFO] - Epoch:8 Val_TripletLoss: 0.586
[2023-04-04 04:37:29,096][train][INFO] - Epoch:8 Val_KLLoss: 18.661
[2023-04-04 04:37:32,061][train][INFO] - Epoch:9 Train_TotalLoss: 444.025
[2023-04-04 04:37:32,061][train][INFO] - Epoch:9 Train_ReconLoss: 39.395
[2023-04-04 04:37:32,061][train][INFO] - Epoch:9 Train_RegLoss: 386.785
[2023-04-04 04:37:32,061][train][INFO] - Epoch:9 Train_TripletLoss: 0.619
[2023-04-04 04:37:32,061][train][INFO] - Epoch:9 Train_KLLoss: 17.226
[2023-04-04 04:37:32,061][train][INFO] - Epoch:9 Val_TotalLoss: 483.732
[2023-04-04 04:37:32,062][train][INFO] - Epoch:9 Val_ReconLoss: 36.690
[2023-04-04 04:37:32,062][train][INFO] - Epoch:9 Val_RegLoss: 430.393
[2023-04-04 04:37:32,062][train][INFO] - Epoch:9 Val_TripletLoss: 0.601
[2023-04-04 04:37:32,062][train][INFO] - Epoch:9 Val_KLLoss: 16.048
