[2023-04-04 04:38:14,567][train][INFO] - Epoch:0 Train_TotalLoss: 5846.777
[2023-04-04 04:38:14,568][train][INFO] - Epoch:0 Train_ReconLoss: 72.478
[2023-04-04 04:38:14,568][train][INFO] - Epoch:0 Train_RegLoss: 5726.924
[2023-04-04 04:38:14,568][train][INFO] - Epoch:0 Train_TripletLoss: 0.793
[2023-04-04 04:38:14,568][train][INFO] - Epoch:0 Train_KLLoss: 46.582
[2023-04-04 04:38:14,568][train][INFO] - Epoch:0 Val_TotalLoss: 2608.297
[2023-04-04 04:38:14,568][train][INFO] - Epoch:0 Val_ReconLoss: 65.432
[2023-04-04 04:38:14,568][train][INFO] - Epoch:0 Val_RegLoss: 2498.415
[2023-04-04 04:38:14,568][train][INFO] - Epoch:0 Val_TripletLoss: 0.638
[2023-04-04 04:38:14,568][train][INFO] - Epoch:0 Val_KLLoss: 43.813
[2023-04-04 04:38:20,169][train][INFO] - Epoch:1 Train_TotalLoss: 1702.714
[2023-04-04 04:38:20,169][train][INFO] - Epoch:1 Train_ReconLoss: 65.986
[2023-04-04 04:38:20,169][train][INFO] - Epoch:1 Train_RegLoss: 1602.421
[2023-04-04 04:38:20,169][train][INFO] - Epoch:1 Train_TripletLoss: 0.597
[2023-04-04 04:38:20,169][train][INFO] - Epoch:1 Train_KLLoss: 33.710
[2023-04-04 04:38:20,169][train][INFO] - Epoch:1 Val_TotalLoss: 946.451
[2023-04-04 04:38:20,169][train][INFO] - Epoch:1 Val_ReconLoss: 64.957
[2023-04-04 04:38:20,169][train][INFO] - Epoch:1 Val_RegLoss: 853.258
[2023-04-04 04:38:20,169][train][INFO] - Epoch:1 Val_TripletLoss: 0.637
[2023-04-04 04:38:20,169][train][INFO] - Epoch:1 Val_KLLoss: 27.599
[2023-04-04 04:38:25,693][train][INFO] - Epoch:2 Train_TotalLoss: 669.245
[2023-04-04 04:38:25,694][train][INFO] - Epoch:2 Train_ReconLoss: 53.440
[2023-04-04 04:38:25,694][train][INFO] - Epoch:2 Train_RegLoss: 593.500
[2023-04-04 04:38:25,694][train][INFO] - Epoch:2 Train_TripletLoss: 0.603
[2023-04-04 04:38:25,694][train][INFO] - Epoch:2 Train_KLLoss: 21.703
[2023-04-04 04:38:25,694][train][INFO] - Epoch:2 Val_TotalLoss: 557.273
[2023-04-04 04:38:25,694][train][INFO] - Epoch:2 Val_ReconLoss: 48.068
[2023-04-04 04:38:25,694][train][INFO] - Epoch:2 Val_RegLoss: 488.523
[2023-04-04 04:38:25,694][train][INFO] - Epoch:2 Val_TripletLoss: 0.610
[2023-04-04 04:38:25,694][train][INFO] - Epoch:2 Val_KLLoss: 20.073
[2023-04-04 04:38:31,584][train][INFO] - Epoch:3 Train_TotalLoss: 413.382
[2023-04-04 04:38:31,584][train][INFO] - Epoch:3 Train_ReconLoss: 47.413
[2023-04-04 04:38:31,584][train][INFO] - Epoch:3 Train_RegLoss: 349.435
[2023-04-04 04:38:31,584][train][INFO] - Epoch:3 Train_TripletLoss: 0.637
[2023-04-04 04:38:31,584][train][INFO] - Epoch:3 Train_KLLoss: 15.897
[2023-04-04 04:38:31,584][train][INFO] - Epoch:3 Val_TotalLoss: 415.469
[2023-04-04 04:38:31,584][train][INFO] - Epoch:3 Val_ReconLoss: 46.304
[2023-04-04 04:38:31,584][train][INFO] - Epoch:3 Val_RegLoss: 353.887
[2023-04-04 04:38:31,584][train][INFO] - Epoch:3 Val_TripletLoss: 0.614
[2023-04-04 04:38:31,585][train][INFO] - Epoch:3 Val_KLLoss: 14.663
[2023-04-04 04:38:37,383][train][INFO] - Epoch:4 Train_TotalLoss: 338.403
[2023-04-04 04:38:37,383][train][INFO] - Epoch:4 Train_ReconLoss: 43.573
[2023-04-04 04:38:37,383][train][INFO] - Epoch:4 Train_RegLoss: 281.243
[2023-04-04 04:38:37,383][train][INFO] - Epoch:4 Train_TripletLoss: 0.647
[2023-04-04 04:38:37,383][train][INFO] - Epoch:4 Train_KLLoss: 12.940
[2023-04-04 04:38:37,384][train][INFO] - Epoch:4 Val_TotalLoss: 397.363
[2023-04-04 04:38:37,384][train][INFO] - Epoch:4 Val_ReconLoss: 41.078
[2023-04-04 04:38:37,384][train][INFO] - Epoch:4 Val_RegLoss: 344.071
[2023-04-04 04:38:37,384][train][INFO] - Epoch:4 Val_TripletLoss: 0.683
[2023-04-04 04:38:37,384][train][INFO] - Epoch:4 Val_KLLoss: 11.530
[2023-04-04 04:38:42,898][train][INFO] - Epoch:5 Train_TotalLoss: 302.938
[2023-04-04 04:38:42,899][train][INFO] - Epoch:5 Train_ReconLoss: 39.208
[2023-04-04 04:38:42,899][train][INFO] - Epoch:5 Train_RegLoss: 251.773
[2023-04-04 04:38:42,899][train][INFO] - Epoch:5 Train_TripletLoss: 0.660
[2023-04-04 04:38:42,899][train][INFO] - Epoch:5 Train_KLLoss: 11.297
[2023-04-04 04:38:42,899][train][INFO] - Epoch:5 Val_TotalLoss: 371.229
[2023-04-04 04:38:42,899][train][INFO] - Epoch:5 Val_ReconLoss: 37.194
[2023-04-04 04:38:42,899][train][INFO] - Epoch:5 Val_RegLoss: 323.432
[2023-04-04 04:38:42,899][train][INFO] - Epoch:5 Val_TripletLoss: 0.710
[2023-04-04 04:38:42,899][train][INFO] - Epoch:5 Val_KLLoss: 9.894
[2023-04-04 04:38:48,616][train][INFO] - Epoch:6 Train_TotalLoss: 292.514
[2023-04-04 04:38:48,616][train][INFO] - Epoch:6 Train_ReconLoss: 38.415
[2023-04-04 04:38:48,616][train][INFO] - Epoch:6 Train_RegLoss: 242.957
[2023-04-04 04:38:48,616][train][INFO] - Epoch:6 Train_TripletLoss: 0.671
[2023-04-04 04:38:48,617][train][INFO] - Epoch:6 Train_KLLoss: 10.471
[2023-04-04 04:38:48,617][train][INFO] - Epoch:6 Val_TotalLoss: 404.566
[2023-04-04 04:38:48,617][train][INFO] - Epoch:6 Val_ReconLoss: 36.817
[2023-04-04 04:38:48,617][train][INFO] - Epoch:6 Val_RegLoss: 357.558
[2023-04-04 04:38:48,617][train][INFO] - Epoch:6 Val_TripletLoss: 0.717
[2023-04-04 04:38:48,617][train][INFO] - Epoch:6 Val_KLLoss: 9.474
[2023-04-04 04:38:54,334][train][INFO] - Epoch:7 Train_TotalLoss: 283.542
[2023-04-04 04:38:54,334][train][INFO] - Epoch:7 Train_ReconLoss: 37.929
[2023-04-04 04:38:54,334][train][INFO] - Epoch:7 Train_RegLoss: 234.943
[2023-04-04 04:38:54,335][train][INFO] - Epoch:7 Train_TripletLoss: 0.676
[2023-04-04 04:38:54,335][train][INFO] - Epoch:7 Train_KLLoss: 9.995
[2023-04-04 04:38:54,335][train][INFO] - Epoch:7 Val_TotalLoss: 345.768
[2023-04-04 04:38:54,335][train][INFO] - Epoch:7 Val_ReconLoss: 35.832
[2023-04-04 04:38:54,335][train][INFO] - Epoch:7 Val_RegLoss: 300.156
[2023-04-04 04:38:54,335][train][INFO] - Epoch:7 Val_TripletLoss: 0.733
[2023-04-04 04:38:54,335][train][INFO] - Epoch:7 Val_KLLoss: 9.047
[2023-04-04 04:39:00,036][train][INFO] - Epoch:8 Train_TotalLoss: 274.419
[2023-04-04 04:39:00,036][train][INFO] - Epoch:8 Train_ReconLoss: 37.500
[2023-04-04 04:39:00,036][train][INFO] - Epoch:8 Train_RegLoss: 226.585
[2023-04-04 04:39:00,036][train][INFO] - Epoch:8 Train_TripletLoss: 0.675
[2023-04-04 04:39:00,036][train][INFO] - Epoch:8 Train_KLLoss: 9.659
[2023-04-04 04:39:00,036][train][INFO] - Epoch:8 Val_TotalLoss: 356.899
[2023-04-04 04:39:00,036][train][INFO] - Epoch:8 Val_ReconLoss: 36.167
[2023-04-04 04:39:00,036][train][INFO] - Epoch:8 Val_RegLoss: 310.926
[2023-04-04 04:39:00,036][train][INFO] - Epoch:8 Val_TripletLoss: 0.711
[2023-04-04 04:39:00,036][train][INFO] - Epoch:8 Val_KLLoss: 9.094
[2023-04-04 04:39:05,670][train][INFO] - Epoch:9 Train_TotalLoss: 275.571
[2023-04-04 04:39:05,670][train][INFO] - Epoch:9 Train_ReconLoss: 37.293
[2023-04-04 04:39:05,670][train][INFO] - Epoch:9 Train_RegLoss: 228.135
[2023-04-04 04:39:05,670][train][INFO] - Epoch:9 Train_TripletLoss: 0.677
[2023-04-04 04:39:05,670][train][INFO] - Epoch:9 Train_KLLoss: 9.466
[2023-04-04 04:39:05,670][train][INFO] - Epoch:9 Val_TotalLoss: 367.176
[2023-04-04 04:39:05,670][train][INFO] - Epoch:9 Val_ReconLoss: 35.978
[2023-04-04 04:39:05,670][train][INFO] - Epoch:9 Val_RegLoss: 322.004
[2023-04-04 04:39:05,670][train][INFO] - Epoch:9 Val_TripletLoss: 0.737
[2023-04-04 04:39:05,671][train][INFO] - Epoch:9 Val_KLLoss: 8.457
