[2023-04-19 20:41:18,495][__main__][INFO] - Epoch:0 Train_TotalLoss: 9162.859
[2023-04-19 20:41:18,496][__main__][INFO] - Epoch:0 Train_ReconLoss: 233.175
[2023-04-19 20:41:18,496][__main__][INFO] - Epoch:0 Train_RegLoss: 8861.706
[2023-04-19 20:41:18,496][__main__][INFO] - Epoch:0 Train_TripletLoss: 46.211
[2023-04-19 20:41:18,496][__main__][INFO] - Epoch:0 Train_KLLoss: 21.767
[2023-04-19 20:41:18,496][__main__][INFO] - Epoch:0 Val_TotalLoss: 7415.848
[2023-04-19 20:41:18,496][__main__][INFO] - Epoch:0 Val_ReconLoss: 214.363
[2023-04-19 20:41:18,496][__main__][INFO] - Epoch:0 Val_RegLoss: 7105.895
[2023-04-19 20:41:18,496][__main__][INFO] - Epoch:0 Val_TripletLoss: 48.941
[2023-04-19 20:41:18,496][__main__][INFO] - Epoch:0 Val_KLLoss: 46.649
[2023-04-19 20:41:21,417][__main__][INFO] - Epoch:1 Train_TotalLoss: 7010.861
[2023-04-19 20:41:21,417][__main__][INFO] - Epoch:1 Train_ReconLoss: 157.782
[2023-04-19 20:41:21,417][__main__][INFO] - Epoch:1 Train_RegLoss: 6768.511
[2023-04-19 20:41:21,417][__main__][INFO] - Epoch:1 Train_TripletLoss: 38.530
[2023-04-19 20:41:21,417][__main__][INFO] - Epoch:1 Train_KLLoss: 46.039
[2023-04-19 20:41:21,417][__main__][INFO] - Epoch:1 Val_TotalLoss: 5660.703
[2023-04-19 20:41:21,417][__main__][INFO] - Epoch:1 Val_ReconLoss: 196.410
[2023-04-19 20:41:21,417][__main__][INFO] - Epoch:1 Val_RegLoss: 5371.035
[2023-04-19 20:41:21,417][__main__][INFO] - Epoch:1 Val_TripletLoss: 44.531
[2023-04-19 20:41:21,417][__main__][INFO] - Epoch:1 Val_KLLoss: 48.726
[2023-04-19 20:41:21,417][__main__][INFO] - Epoch:1 Test_score: 142365.453
[2023-04-19 20:41:21,417][__main__][INFO] - Epoch:1 Test_RMSE: 72.883
[2023-04-19 20:41:24,233][__main__][INFO] - Epoch:2 Train_TotalLoss: 5442.381
[2023-04-19 20:41:24,233][__main__][INFO] - Epoch:2 Train_ReconLoss: 151.772
[2023-04-19 20:41:24,233][__main__][INFO] - Epoch:2 Train_RegLoss: 5225.397
[2023-04-19 20:41:24,233][__main__][INFO] - Epoch:2 Train_TripletLoss: 25.843
[2023-04-19 20:41:24,233][__main__][INFO] - Epoch:2 Train_KLLoss: 39.370
[2023-04-19 20:41:24,233][__main__][INFO] - Epoch:2 Val_TotalLoss: 4542.611
[2023-04-19 20:41:24,233][__main__][INFO] - Epoch:2 Val_ReconLoss: 225.540
[2023-04-19 20:41:24,233][__main__][INFO] - Epoch:2 Val_RegLoss: 4230.907
[2023-04-19 20:41:24,233][__main__][INFO] - Epoch:2 Val_TripletLoss: 40.537
[2023-04-19 20:41:24,233][__main__][INFO] - Epoch:2 Val_KLLoss: 45.627
[2023-04-19 20:41:24,233][__main__][INFO] - Epoch:2 Test_score: 53205.086
[2023-04-19 20:41:24,233][__main__][INFO] - Epoch:2 Test_RMSE: 62.299
[2023-04-19 20:41:27,096][__main__][INFO] - Epoch:3 Train_TotalLoss: 4287.355
[2023-04-19 20:41:27,096][__main__][INFO] - Epoch:3 Train_ReconLoss: 149.091
[2023-04-19 20:41:27,096][__main__][INFO] - Epoch:3 Train_RegLoss: 4088.173
[2023-04-19 20:41:27,096][__main__][INFO] - Epoch:3 Train_TripletLoss: 15.510
[2023-04-19 20:41:27,096][__main__][INFO] - Epoch:3 Train_KLLoss: 34.580
[2023-04-19 20:41:27,096][__main__][INFO] - Epoch:3 Val_TotalLoss: 3580.118
[2023-04-19 20:41:27,096][__main__][INFO] - Epoch:3 Val_ReconLoss: 207.333
[2023-04-19 20:41:27,096][__main__][INFO] - Epoch:3 Val_RegLoss: 3292.661
[2023-04-19 20:41:27,096][__main__][INFO] - Epoch:3 Val_TripletLoss: 37.986
[2023-04-19 20:41:27,096][__main__][INFO] - Epoch:3 Val_KLLoss: 42.138
[2023-04-19 20:41:27,096][__main__][INFO] - Epoch:3 Test_score: 23043.092
[2023-04-19 20:41:27,096][__main__][INFO] - Epoch:3 Test_RMSE: 54.194
[2023-04-19 20:41:29,926][__main__][INFO] - Epoch:4 Train_TotalLoss: 3384.550
[2023-04-19 20:41:29,926][__main__][INFO] - Epoch:4 Train_ReconLoss: 145.117
[2023-04-19 20:41:29,926][__main__][INFO] - Epoch:4 Train_RegLoss: 3198.332
[2023-04-19 20:41:29,926][__main__][INFO] - Epoch:4 Train_TripletLoss: 10.638
[2023-04-19 20:41:29,926][__main__][INFO] - Epoch:4 Train_KLLoss: 30.463
[2023-04-19 20:41:29,926][__main__][INFO] - Epoch:4 Val_TotalLoss: 2854.652
[2023-04-19 20:41:29,926][__main__][INFO] - Epoch:4 Val_ReconLoss: 177.119
[2023-04-19 20:41:29,926][__main__][INFO] - Epoch:4 Val_RegLoss: 2605.560
[2023-04-19 20:41:29,926][__main__][INFO] - Epoch:4 Val_TripletLoss: 36.662
[2023-04-19 20:41:29,926][__main__][INFO] - Epoch:4 Val_KLLoss: 35.311
[2023-04-19 20:41:29,926][__main__][INFO] - Epoch:4 Test_score: 10970.766
[2023-04-19 20:41:29,926][__main__][INFO] - Epoch:4 Test_RMSE: 47.084
[2023-04-19 20:41:32,606][__main__][INFO] - Epoch:5 Train_TotalLoss: 2721.359
[2023-04-19 20:41:32,606][__main__][INFO] - Epoch:5 Train_ReconLoss: 142.943
[2023-04-19 20:41:32,606][__main__][INFO] - Epoch:5 Train_RegLoss: 2539.788
[2023-04-19 20:41:32,606][__main__][INFO] - Epoch:5 Train_TripletLoss: 11.365
[2023-04-19 20:41:32,606][__main__][INFO] - Epoch:5 Train_KLLoss: 27.264
[2023-04-19 20:41:32,606][__main__][INFO] - Epoch:5 Val_TotalLoss: 2336.590
[2023-04-19 20:41:32,606][__main__][INFO] - Epoch:5 Val_ReconLoss: 191.137
[2023-04-19 20:41:32,606][__main__][INFO] - Epoch:5 Val_RegLoss: 2079.680
[2023-04-19 20:41:32,606][__main__][INFO] - Epoch:5 Val_TripletLoss: 34.113
[2023-04-19 20:41:32,606][__main__][INFO] - Epoch:5 Val_KLLoss: 31.661
[2023-04-19 20:41:32,606][__main__][INFO] - Epoch:5 Test_score: 5559.999
[2023-04-19 20:41:32,607][__main__][INFO] - Epoch:5 Test_RMSE: 40.325
[2023-04-19 20:41:35,275][__main__][INFO] - Epoch:6 Train_TotalLoss: 2196.564
[2023-04-19 20:41:35,276][__main__][INFO] - Epoch:6 Train_ReconLoss: 141.345
[2023-04-19 20:41:35,276][__main__][INFO] - Epoch:6 Train_RegLoss: 2019.707
[2023-04-19 20:41:35,276][__main__][INFO] - Epoch:6 Train_TripletLoss: 11.344
[2023-04-19 20:41:35,276][__main__][INFO] - Epoch:6 Train_KLLoss: 24.168
[2023-04-19 20:41:35,276][__main__][INFO] - Epoch:6 Val_TotalLoss: 2096.251
[2023-04-19 20:41:35,276][__main__][INFO] - Epoch:6 Val_ReconLoss: 220.367
[2023-04-19 20:41:35,276][__main__][INFO] - Epoch:6 Val_RegLoss: 1808.917
[2023-04-19 20:41:35,276][__main__][INFO] - Epoch:6 Val_TripletLoss: 34.567
[2023-04-19 20:41:35,276][__main__][INFO] - Epoch:6 Val_KLLoss: 32.400
[2023-04-19 20:41:35,276][__main__][INFO] - Epoch:6 Test_score: 3156.804
[2023-04-19 20:41:35,276][__main__][INFO] - Epoch:6 Test_RMSE: 35.755
[2023-04-19 20:41:38,112][__main__][INFO] - Epoch:7 Train_TotalLoss: 1823.728
[2023-04-19 20:41:38,112][__main__][INFO] - Epoch:7 Train_ReconLoss: 140.883
[2023-04-19 20:41:38,112][__main__][INFO] - Epoch:7 Train_RegLoss: 1648.673
[2023-04-19 20:41:38,112][__main__][INFO] - Epoch:7 Train_TripletLoss: 11.985
[2023-04-19 20:41:38,112][__main__][INFO] - Epoch:7 Train_KLLoss: 22.187
[2023-04-19 20:41:38,112][__main__][INFO] - Epoch:7 Val_TotalLoss: 1666.947
[2023-04-19 20:41:38,112][__main__][INFO] - Epoch:7 Val_ReconLoss: 180.034
[2023-04-19 20:41:38,112][__main__][INFO] - Epoch:7 Val_RegLoss: 1426.018
[2023-04-19 20:41:38,112][__main__][INFO] - Epoch:7 Val_TripletLoss: 34.586
[2023-04-19 20:41:38,112][__main__][INFO] - Epoch:7 Val_KLLoss: 26.308
[2023-04-19 20:41:38,112][__main__][INFO] - Epoch:7 Test_score: 2428.452
[2023-04-19 20:41:38,112][__main__][INFO] - Epoch:7 Test_RMSE: 34.152
[2023-04-19 20:41:41,001][__main__][INFO] - Epoch:8 Train_TotalLoss: 1541.417
[2023-04-19 20:41:41,001][__main__][INFO] - Epoch:8 Train_ReconLoss: 141.744
[2023-04-19 20:41:41,001][__main__][INFO] - Epoch:8 Train_RegLoss: 1361.937
[2023-04-19 20:41:41,001][__main__][INFO] - Epoch:8 Train_TripletLoss: 17.173
[2023-04-19 20:41:41,001][__main__][INFO] - Epoch:8 Train_KLLoss: 20.562
[2023-04-19 20:41:41,001][__main__][INFO] - Epoch:8 Val_TotalLoss: 1500.598
[2023-04-19 20:41:41,001][__main__][INFO] - Epoch:8 Val_ReconLoss: 190.677
[2023-04-19 20:41:41,001][__main__][INFO] - Epoch:8 Val_RegLoss: 1254.687
[2023-04-19 20:41:41,001][__main__][INFO] - Epoch:8 Val_TripletLoss: 30.986
[2023-04-19 20:41:41,001][__main__][INFO] - Epoch:8 Val_KLLoss: 24.249
[2023-04-19 20:41:41,001][__main__][INFO] - Epoch:8 Test_score: 1333.259
[2023-04-19 20:41:41,001][__main__][INFO] - Epoch:8 Test_RMSE: 28.170
[2023-04-19 20:41:43,784][__main__][INFO] - Epoch:9 Train_TotalLoss: 1307.089
[2023-04-19 20:41:43,784][__main__][INFO] - Epoch:9 Train_ReconLoss: 139.954
[2023-04-19 20:41:43,784][__main__][INFO] - Epoch:9 Train_RegLoss: 1131.124
[2023-04-19 20:41:43,784][__main__][INFO] - Epoch:9 Train_TripletLoss: 17.330
[2023-04-19 20:41:43,784][__main__][INFO] - Epoch:9 Train_KLLoss: 18.681
[2023-04-19 20:41:43,785][__main__][INFO] - Epoch:9 Val_TotalLoss: 1237.861
[2023-04-19 20:41:43,785][__main__][INFO] - Epoch:9 Val_ReconLoss: 169.509
[2023-04-19 20:41:43,785][__main__][INFO] - Epoch:9 Val_RegLoss: 1017.034
[2023-04-19 20:41:43,785][__main__][INFO] - Epoch:9 Val_TripletLoss: 30.158
[2023-04-19 20:41:43,785][__main__][INFO] - Epoch:9 Val_KLLoss: 21.160
[2023-04-19 20:41:43,785][__main__][INFO] - Epoch:9 Test_score: 1013.185
[2023-04-19 20:41:43,785][__main__][INFO] - Epoch:9 Test_RMSE: 25.614
[2023-04-19 20:41:46,629][__main__][INFO] - Epoch:10 Train_TotalLoss: 1146.221
[2023-04-19 20:41:46,629][__main__][INFO] - Epoch:10 Train_ReconLoss: 139.749
[2023-04-19 20:41:46,629][__main__][INFO] - Epoch:10 Train_RegLoss: 971.679
[2023-04-19 20:41:46,629][__main__][INFO] - Epoch:10 Train_TripletLoss: 17.468
[2023-04-19 20:41:46,629][__main__][INFO] - Epoch:10 Train_KLLoss: 17.325
[2023-04-19 20:41:46,629][__main__][INFO] - Epoch:10 Val_TotalLoss: 1127.888
[2023-04-19 20:41:46,629][__main__][INFO] - Epoch:10 Val_ReconLoss: 172.114
[2023-04-19 20:41:46,629][__main__][INFO] - Epoch:10 Val_RegLoss: 907.448
[2023-04-19 20:41:46,629][__main__][INFO] - Epoch:10 Val_TripletLoss: 29.322
[2023-04-19 20:41:46,629][__main__][INFO] - Epoch:10 Val_KLLoss: 19.004
[2023-04-19 20:41:46,629][__main__][INFO] - Epoch:10 Test_score: 752.787
[2023-04-19 20:41:46,629][__main__][INFO] - Epoch:10 Test_RMSE: 22.657
[2023-04-19 20:41:49,423][__main__][INFO] - Epoch:11 Train_TotalLoss: 1012.788
[2023-04-19 20:41:49,423][__main__][INFO] - Epoch:11 Train_ReconLoss: 138.517
[2023-04-19 20:41:49,424][__main__][INFO] - Epoch:11 Train_RegLoss: 836.040
[2023-04-19 20:41:49,424][__main__][INFO] - Epoch:11 Train_TripletLoss: 21.450
[2023-04-19 20:41:49,424][__main__][INFO] - Epoch:11 Train_KLLoss: 16.781
[2023-04-19 20:41:49,424][__main__][INFO] - Epoch:11 Val_TotalLoss: 1012.252
[2023-04-19 20:41:49,424][__main__][INFO] - Epoch:11 Val_ReconLoss: 168.287
[2023-04-19 20:41:49,424][__main__][INFO] - Epoch:11 Val_RegLoss: 798.134
[2023-04-19 20:41:49,424][__main__][INFO] - Epoch:11 Val_TripletLoss: 27.849
[2023-04-19 20:41:49,424][__main__][INFO] - Epoch:11 Val_KLLoss: 17.981
[2023-04-19 20:41:49,424][__main__][INFO] - Epoch:11 Test_score: 577.641
[2023-04-19 20:41:49,424][__main__][INFO] - Epoch:11 Test_RMSE: 20.141
[2023-04-19 20:41:52,328][__main__][INFO] - Epoch:12 Train_TotalLoss: 912.324
[2023-04-19 20:41:52,328][__main__][INFO] - Epoch:12 Train_ReconLoss: 136.772
[2023-04-19 20:41:52,328][__main__][INFO] - Epoch:12 Train_RegLoss: 741.845
[2023-04-19 20:41:52,328][__main__][INFO] - Epoch:12 Train_TripletLoss: 17.914
[2023-04-19 20:41:52,328][__main__][INFO] - Epoch:12 Train_KLLoss: 15.793
[2023-04-19 20:41:52,328][__main__][INFO] - Epoch:12 Val_TotalLoss: 992.876
[2023-04-19 20:41:52,328][__main__][INFO] - Epoch:12 Val_ReconLoss: 171.665
[2023-04-19 20:41:52,328][__main__][INFO] - Epoch:12 Val_RegLoss: 777.863
[2023-04-19 20:41:52,329][__main__][INFO] - Epoch:12 Val_TripletLoss: 25.795
[2023-04-19 20:41:52,329][__main__][INFO] - Epoch:12 Val_KLLoss: 17.552
[2023-04-19 20:41:52,329][__main__][INFO] - Epoch:12 Test_score: 441.946
[2023-04-19 20:41:52,329][__main__][INFO] - Epoch:12 Test_RMSE: 18.167
[2023-04-19 20:41:55,150][__main__][INFO] - Epoch:13 Train_TotalLoss: 852.119
[2023-04-19 20:41:55,150][__main__][INFO] - Epoch:13 Train_ReconLoss: 136.755
[2023-04-19 20:41:55,150][__main__][INFO] - Epoch:13 Train_RegLoss: 683.752
[2023-04-19 20:41:55,151][__main__][INFO] - Epoch:13 Train_TripletLoss: 16.664
[2023-04-19 20:41:55,151][__main__][INFO] - Epoch:13 Train_KLLoss: 14.948
[2023-04-19 20:41:55,151][__main__][INFO] - Epoch:13 Val_TotalLoss: 945.401
[2023-04-19 20:41:55,151][__main__][INFO] - Epoch:13 Val_ReconLoss: 168.490
[2023-04-19 20:41:55,151][__main__][INFO] - Epoch:13 Val_RegLoss: 733.607
[2023-04-19 20:41:55,151][__main__][INFO] - Epoch:13 Val_TripletLoss: 26.550
[2023-04-19 20:41:55,151][__main__][INFO] - Epoch:13 Val_KLLoss: 16.754
[2023-04-19 20:41:55,151][__main__][INFO] - Epoch:13 Test_score: 528.087
[2023-04-19 20:41:55,151][__main__][INFO] - Epoch:13 Test_RMSE: 17.796
[2023-04-19 20:41:58,010][__main__][INFO] - Epoch:14 Train_TotalLoss: 817.068
[2023-04-19 20:41:58,010][__main__][INFO] - Epoch:14 Train_ReconLoss: 136.414
[2023-04-19 20:41:58,010][__main__][INFO] - Epoch:14 Train_RegLoss: 643.795
[2023-04-19 20:41:58,010][__main__][INFO] - Epoch:14 Train_TripletLoss: 22.594
[2023-04-19 20:41:58,011][__main__][INFO] - Epoch:14 Train_KLLoss: 14.266
[2023-04-19 20:41:58,011][__main__][INFO] - Epoch:14 Val_TotalLoss: 870.746
[2023-04-19 20:41:58,011][__main__][INFO] - Epoch:14 Val_ReconLoss: 164.100
[2023-04-19 20:41:58,011][__main__][INFO] - Epoch:14 Val_RegLoss: 665.156
[2023-04-19 20:41:58,011][__main__][INFO] - Epoch:14 Val_TripletLoss: 26.897
[2023-04-19 20:41:58,011][__main__][INFO] - Epoch:14 Val_KLLoss: 14.594
[2023-04-19 20:41:58,011][__main__][INFO] - Epoch:14 Test_score: 716.470
[2023-04-19 20:41:58,011][__main__][INFO] - Epoch:14 Test_RMSE: 18.527
[2023-04-19 20:42:00,839][__main__][INFO] - Epoch:15 Train_TotalLoss: 770.924
[2023-04-19 20:42:00,839][__main__][INFO] - Epoch:15 Train_ReconLoss: 135.026
[2023-04-19 20:42:00,839][__main__][INFO] - Epoch:15 Train_RegLoss: 603.489
[2023-04-19 20:42:00,839][__main__][INFO] - Epoch:15 Train_TripletLoss: 18.663
[2023-04-19 20:42:00,839][__main__][INFO] - Epoch:15 Train_KLLoss: 13.747
[2023-04-19 20:42:00,839][__main__][INFO] - Epoch:15 Val_TotalLoss: 991.692
[2023-04-19 20:42:00,839][__main__][INFO] - Epoch:15 Val_ReconLoss: 170.600
[2023-04-19 20:42:00,839][__main__][INFO] - Epoch:15 Val_RegLoss: 776.889
[2023-04-19 20:42:00,839][__main__][INFO] - Epoch:15 Val_TripletLoss: 28.215
[2023-04-19 20:42:00,839][__main__][INFO] - Epoch:15 Val_KLLoss: 15.988
[2023-04-19 20:42:00,839][__main__][INFO] - Epoch:15 Test_score: 279.421
[2023-04-19 20:42:00,840][__main__][INFO] - Epoch:15 Test_RMSE: 14.281
[2023-04-19 20:42:03,847][__main__][INFO] - Epoch:16 Train_TotalLoss: 741.933
[2023-04-19 20:42:03,847][__main__][INFO] - Epoch:16 Train_ReconLoss: 134.794
[2023-04-19 20:42:03,847][__main__][INFO] - Epoch:16 Train_RegLoss: 575.247
[2023-04-19 20:42:03,847][__main__][INFO] - Epoch:16 Train_TripletLoss: 18.430
[2023-04-19 20:42:03,847][__main__][INFO] - Epoch:16 Train_KLLoss: 13.463
[2023-04-19 20:42:03,847][__main__][INFO] - Epoch:16 Val_TotalLoss: 824.191
[2023-04-19 20:42:03,847][__main__][INFO] - Epoch:16 Val_ReconLoss: 170.695
[2023-04-19 20:42:03,847][__main__][INFO] - Epoch:16 Val_RegLoss: 614.262
[2023-04-19 20:42:03,847][__main__][INFO] - Epoch:16 Val_TripletLoss: 25.499
[2023-04-19 20:42:03,847][__main__][INFO] - Epoch:16 Val_KLLoss: 13.735
[2023-04-19 20:42:03,847][__main__][INFO] - Epoch:16 Test_score: 1202.121
[2023-04-19 20:42:03,847][__main__][INFO] - Epoch:16 Test_RMSE: 19.878
[2023-04-19 20:42:06,684][__main__][INFO] - Epoch:17 Train_TotalLoss: 730.604
[2023-04-19 20:42:06,684][__main__][INFO] - Epoch:17 Train_ReconLoss: 133.864
[2023-04-19 20:42:06,685][__main__][INFO] - Epoch:17 Train_RegLoss: 564.466
[2023-04-19 20:42:06,685][__main__][INFO] - Epoch:17 Train_TripletLoss: 19.668
[2023-04-19 20:42:06,685][__main__][INFO] - Epoch:17 Train_KLLoss: 12.607
[2023-04-19 20:42:06,685][__main__][INFO] - Epoch:17 Val_TotalLoss: 868.724
[2023-04-19 20:42:06,685][__main__][INFO] - Epoch:17 Val_ReconLoss: 169.659
[2023-04-19 20:42:06,685][__main__][INFO] - Epoch:17 Val_RegLoss: 655.828
[2023-04-19 20:42:06,685][__main__][INFO] - Epoch:17 Val_TripletLoss: 28.271
[2023-04-19 20:42:06,685][__main__][INFO] - Epoch:17 Val_KLLoss: 14.967
[2023-04-19 20:42:06,685][__main__][INFO] - Epoch:17 Test_score: 366.454
[2023-04-19 20:42:06,685][__main__][INFO] - Epoch:17 Test_RMSE: 14.399
[2023-04-19 20:42:09,490][__main__][INFO] - Epoch:18 Train_TotalLoss: 716.281
[2023-04-19 20:42:09,490][__main__][INFO] - Epoch:18 Train_ReconLoss: 133.949
[2023-04-19 20:42:09,490][__main__][INFO] - Epoch:18 Train_RegLoss: 549.645
[2023-04-19 20:42:09,490][__main__][INFO] - Epoch:18 Train_TripletLoss: 20.187
[2023-04-19 20:42:09,490][__main__][INFO] - Epoch:18 Train_KLLoss: 12.500
[2023-04-19 20:42:09,490][__main__][INFO] - Epoch:18 Val_TotalLoss: 772.172
[2023-04-19 20:42:09,490][__main__][INFO] - Epoch:18 Val_ReconLoss: 162.199
[2023-04-19 20:42:09,491][__main__][INFO] - Epoch:18 Val_RegLoss: 571.400
[2023-04-19 20:42:09,491][__main__][INFO] - Epoch:18 Val_TripletLoss: 26.032
[2023-04-19 20:42:09,491][__main__][INFO] - Epoch:18 Val_KLLoss: 12.542
[2023-04-19 20:42:09,491][__main__][INFO] - Epoch:18 Test_score: 604.704
[2023-04-19 20:42:09,491][__main__][INFO] - Epoch:18 Test_RMSE: 15.601
[2023-04-19 20:42:12,356][__main__][INFO] - Epoch:19 Train_TotalLoss: 716.494
[2023-04-19 20:42:12,356][__main__][INFO] - Epoch:19 Train_ReconLoss: 134.046
[2023-04-19 20:42:12,356][__main__][INFO] - Epoch:19 Train_RegLoss: 549.962
[2023-04-19 20:42:12,356][__main__][INFO] - Epoch:19 Train_TripletLoss: 20.722
[2023-04-19 20:42:12,356][__main__][INFO] - Epoch:19 Train_KLLoss: 11.764
[2023-04-19 20:42:12,356][__main__][INFO] - Epoch:19 Val_TotalLoss: 921.723
[2023-04-19 20:42:12,356][__main__][INFO] - Epoch:19 Val_ReconLoss: 164.409
[2023-04-19 20:42:12,356][__main__][INFO] - Epoch:19 Val_RegLoss: 718.355
[2023-04-19 20:42:12,356][__main__][INFO] - Epoch:19 Val_TripletLoss: 25.535
[2023-04-19 20:42:12,356][__main__][INFO] - Epoch:19 Val_KLLoss: 13.424
[2023-04-19 20:42:12,356][__main__][INFO] - Epoch:19 Test_score: 324.467
[2023-04-19 20:42:12,356][__main__][INFO] - Epoch:19 Test_RMSE: 13.715
[2023-04-19 20:42:15,268][__main__][INFO] - Epoch:20 Train_TotalLoss: 708.242
[2023-04-19 20:42:15,268][__main__][INFO] - Epoch:20 Train_ReconLoss: 135.705
[2023-04-19 20:42:15,268][__main__][INFO] - Epoch:20 Train_RegLoss: 540.489
[2023-04-19 20:42:15,268][__main__][INFO] - Epoch:20 Train_TripletLoss: 20.613
[2023-04-19 20:42:15,268][__main__][INFO] - Epoch:20 Train_KLLoss: 11.435
[2023-04-19 20:42:15,268][__main__][INFO] - Epoch:20 Val_TotalLoss: 841.782
[2023-04-19 20:42:15,268][__main__][INFO] - Epoch:20 Val_ReconLoss: 164.253
[2023-04-19 20:42:15,268][__main__][INFO] - Epoch:20 Val_RegLoss: 638.423
[2023-04-19 20:42:15,268][__main__][INFO] - Epoch:20 Val_TripletLoss: 26.730
[2023-04-19 20:42:15,268][__main__][INFO] - Epoch:20 Val_KLLoss: 12.375
[2023-04-19 20:42:15,268][__main__][INFO] - Epoch:20 Test_score: 868.282
[2023-04-19 20:42:15,268][__main__][INFO] - Epoch:20 Test_RMSE: 16.374
[2023-04-19 20:42:18,073][__main__][INFO] - Epoch:21 Train_TotalLoss: 697.899
[2023-04-19 20:42:18,073][__main__][INFO] - Epoch:21 Train_ReconLoss: 133.249
[2023-04-19 20:42:18,073][__main__][INFO] - Epoch:21 Train_RegLoss: 532.811
[2023-04-19 20:42:18,073][__main__][INFO] - Epoch:21 Train_TripletLoss: 20.228
[2023-04-19 20:42:18,073][__main__][INFO] - Epoch:21 Train_KLLoss: 11.611
[2023-04-19 20:42:18,073][__main__][INFO] - Epoch:21 Val_TotalLoss: 1036.140
[2023-04-19 20:42:18,073][__main__][INFO] - Epoch:21 Val_ReconLoss: 165.827
[2023-04-19 20:42:18,073][__main__][INFO] - Epoch:21 Val_RegLoss: 828.635
[2023-04-19 20:42:18,073][__main__][INFO] - Epoch:21 Val_TripletLoss: 29.152
[2023-04-19 20:42:18,073][__main__][INFO] - Epoch:21 Val_KLLoss: 12.525
[2023-04-19 20:42:18,073][__main__][INFO] - Epoch:21 Test_score: 429.901
[2023-04-19 20:42:18,073][__main__][INFO] - Epoch:21 Test_RMSE: 14.216
[2023-04-19 20:42:20,875][__main__][INFO] - Epoch:22 Train_TotalLoss: 696.279
[2023-04-19 20:42:20,875][__main__][INFO] - Epoch:22 Train_ReconLoss: 134.441
[2023-04-19 20:42:20,875][__main__][INFO] - Epoch:22 Train_RegLoss: 529.947
[2023-04-19 20:42:20,875][__main__][INFO] - Epoch:22 Train_TripletLoss: 20.608
[2023-04-19 20:42:20,875][__main__][INFO] - Epoch:22 Train_KLLoss: 11.283
[2023-04-19 20:42:20,875][__main__][INFO] - Epoch:22 Val_TotalLoss: 831.323
[2023-04-19 20:42:20,876][__main__][INFO] - Epoch:22 Val_ReconLoss: 164.096
[2023-04-19 20:42:20,876][__main__][INFO] - Epoch:22 Val_RegLoss: 628.065
[2023-04-19 20:42:20,876][__main__][INFO] - Epoch:22 Val_TripletLoss: 27.616
[2023-04-19 20:42:20,876][__main__][INFO] - Epoch:22 Val_KLLoss: 11.546
[2023-04-19 20:42:20,876][__main__][INFO] - Epoch:22 Test_score: 1713.968
[2023-04-19 20:42:20,876][__main__][INFO] - Epoch:22 Test_RMSE: 23.037
[2023-04-19 20:42:23,787][__main__][INFO] - Epoch:23 Train_TotalLoss: 667.548
[2023-04-19 20:42:23,787][__main__][INFO] - Epoch:23 Train_ReconLoss: 134.269
[2023-04-19 20:42:23,787][__main__][INFO] - Epoch:23 Train_RegLoss: 501.577
[2023-04-19 20:42:23,787][__main__][INFO] - Epoch:23 Train_TripletLoss: 20.821
[2023-04-19 20:42:23,787][__main__][INFO] - Epoch:23 Train_KLLoss: 10.881
[2023-04-19 20:42:23,787][__main__][INFO] - Epoch:23 Val_TotalLoss: 872.363
[2023-04-19 20:42:23,787][__main__][INFO] - Epoch:23 Val_ReconLoss: 164.297
[2023-04-19 20:42:23,787][__main__][INFO] - Epoch:23 Val_RegLoss: 670.176
[2023-04-19 20:42:23,787][__main__][INFO] - Epoch:23 Val_TripletLoss: 26.004
[2023-04-19 20:42:23,787][__main__][INFO] - Epoch:23 Val_KLLoss: 11.885
[2023-04-19 20:42:23,787][__main__][INFO] - Epoch:23 Test_score: 410.053
[2023-04-19 20:42:23,787][__main__][INFO] - Epoch:23 Test_RMSE: 14.114
[2023-04-19 20:42:26,767][__main__][INFO] - Epoch:24 Train_TotalLoss: 688.067
[2023-04-19 20:42:26,767][__main__][INFO] - Epoch:24 Train_ReconLoss: 134.049
[2023-04-19 20:42:26,767][__main__][INFO] - Epoch:24 Train_RegLoss: 523.160
[2023-04-19 20:42:26,767][__main__][INFO] - Epoch:24 Train_TripletLoss: 19.770
[2023-04-19 20:42:26,767][__main__][INFO] - Epoch:24 Train_KLLoss: 11.087
[2023-04-19 20:42:26,768][__main__][INFO] - Epoch:24 Val_TotalLoss: 876.053
[2023-04-19 20:42:26,768][__main__][INFO] - Epoch:24 Val_ReconLoss: 165.609
[2023-04-19 20:42:26,768][__main__][INFO] - Epoch:24 Val_RegLoss: 671.784
[2023-04-19 20:42:26,768][__main__][INFO] - Epoch:24 Val_TripletLoss: 26.787
[2023-04-19 20:42:26,768][__main__][INFO] - Epoch:24 Val_KLLoss: 11.872
[2023-04-19 20:42:26,768][__main__][INFO] - Epoch:24 Test_score: 666.151
[2023-04-19 20:42:26,768][__main__][INFO] - Epoch:24 Test_RMSE: 16.451
[2023-04-19 20:42:29,626][__main__][INFO] - Epoch:25 Train_TotalLoss: 674.291
[2023-04-19 20:42:29,626][__main__][INFO] - Epoch:25 Train_ReconLoss: 132.939
[2023-04-19 20:42:29,626][__main__][INFO] - Epoch:25 Train_RegLoss: 509.572
[2023-04-19 20:42:29,626][__main__][INFO] - Epoch:25 Train_TripletLoss: 21.111
[2023-04-19 20:42:29,626][__main__][INFO] - Epoch:25 Train_KLLoss: 10.669
[2023-04-19 20:42:29,626][__main__][INFO] - Epoch:25 Val_TotalLoss: 726.491
[2023-04-19 20:42:29,626][__main__][INFO] - Epoch:25 Val_ReconLoss: 162.503
[2023-04-19 20:42:29,626][__main__][INFO] - Epoch:25 Val_RegLoss: 525.802
[2023-04-19 20:42:29,627][__main__][INFO] - Epoch:25 Val_TripletLoss: 26.975
[2023-04-19 20:42:29,627][__main__][INFO] - Epoch:25 Val_KLLoss: 11.210
[2023-04-19 20:42:29,627][__main__][INFO] - Epoch:25 Test_score: 806.832
[2023-04-19 20:42:29,627][__main__][INFO] - Epoch:25 Test_RMSE: 16.218
[2023-04-19 20:42:32,519][__main__][INFO] - Epoch:26 Train_TotalLoss: 674.519
[2023-04-19 20:42:32,519][__main__][INFO] - Epoch:26 Train_ReconLoss: 133.126
[2023-04-19 20:42:32,519][__main__][INFO] - Epoch:26 Train_RegLoss: 510.140
[2023-04-19 20:42:32,519][__main__][INFO] - Epoch:26 Train_TripletLoss: 20.730
[2023-04-19 20:42:32,519][__main__][INFO] - Epoch:26 Train_KLLoss: 10.523
[2023-04-19 20:42:32,519][__main__][INFO] - Epoch:26 Val_TotalLoss: 767.904
[2023-04-19 20:42:32,519][__main__][INFO] - Epoch:26 Val_ReconLoss: 160.700
[2023-04-19 20:42:32,519][__main__][INFO] - Epoch:26 Val_RegLoss: 570.427
[2023-04-19 20:42:32,519][__main__][INFO] - Epoch:26 Val_TripletLoss: 25.958
[2023-04-19 20:42:32,519][__main__][INFO] - Epoch:26 Val_KLLoss: 10.818
[2023-04-19 20:42:32,519][__main__][INFO] - Epoch:26 Test_score: 245.585
[2023-04-19 20:42:32,519][__main__][INFO] - Epoch:26 Test_RMSE: 12.889
[2023-04-19 20:42:35,405][__main__][INFO] - Epoch:27 Train_TotalLoss: 659.519
[2023-04-19 20:42:35,406][__main__][INFO] - Epoch:27 Train_ReconLoss: 132.263
[2023-04-19 20:42:35,406][__main__][INFO] - Epoch:27 Train_RegLoss: 496.345
[2023-04-19 20:42:35,406][__main__][INFO] - Epoch:27 Train_TripletLoss: 20.155
[2023-04-19 20:42:35,406][__main__][INFO] - Epoch:27 Train_KLLoss: 10.757
[2023-04-19 20:42:35,406][__main__][INFO] - Epoch:27 Val_TotalLoss: 863.925
[2023-04-19 20:42:35,406][__main__][INFO] - Epoch:27 Val_ReconLoss: 171.061
[2023-04-19 20:42:35,406][__main__][INFO] - Epoch:27 Val_RegLoss: 654.327
[2023-04-19 20:42:35,406][__main__][INFO] - Epoch:27 Val_TripletLoss: 26.469
[2023-04-19 20:42:35,406][__main__][INFO] - Epoch:27 Val_KLLoss: 12.068
[2023-04-19 20:42:35,406][__main__][INFO] - Epoch:27 Test_score: 412.216
[2023-04-19 20:42:35,406][__main__][INFO] - Epoch:27 Test_RMSE: 13.923
[2023-04-19 20:42:38,394][__main__][INFO] - Epoch:28 Train_TotalLoss: 659.955
[2023-04-19 20:42:38,394][__main__][INFO] - Epoch:28 Train_ReconLoss: 131.599
[2023-04-19 20:42:38,394][__main__][INFO] - Epoch:28 Train_RegLoss: 496.862
[2023-04-19 20:42:38,394][__main__][INFO] - Epoch:28 Train_TripletLoss: 20.611
[2023-04-19 20:42:38,394][__main__][INFO] - Epoch:28 Train_KLLoss: 10.883
[2023-04-19 20:42:38,394][__main__][INFO] - Epoch:28 Val_TotalLoss: 917.212
[2023-04-19 20:42:38,394][__main__][INFO] - Epoch:28 Val_ReconLoss: 167.736
[2023-04-19 20:42:38,394][__main__][INFO] - Epoch:28 Val_RegLoss: 707.728
[2023-04-19 20:42:38,394][__main__][INFO] - Epoch:28 Val_TripletLoss: 29.348
[2023-04-19 20:42:38,394][__main__][INFO] - Epoch:28 Val_KLLoss: 12.399
[2023-04-19 20:42:38,394][__main__][INFO] - Epoch:28 Test_score: 1090.595
[2023-04-19 20:42:38,394][__main__][INFO] - Epoch:28 Test_RMSE: 17.560
[2023-04-19 20:42:41,177][__main__][INFO] - Epoch:29 Train_TotalLoss: 663.382
[2023-04-19 20:42:41,178][__main__][INFO] - Epoch:29 Train_ReconLoss: 132.612
[2023-04-19 20:42:41,178][__main__][INFO] - Epoch:29 Train_RegLoss: 499.540
[2023-04-19 20:42:41,178][__main__][INFO] - Epoch:29 Train_TripletLoss: 20.753
[2023-04-19 20:42:41,178][__main__][INFO] - Epoch:29 Train_KLLoss: 10.477
[2023-04-19 20:42:41,178][__main__][INFO] - Epoch:29 Val_TotalLoss: 798.501
[2023-04-19 20:42:41,178][__main__][INFO] - Epoch:29 Val_ReconLoss: 163.203
[2023-04-19 20:42:41,178][__main__][INFO] - Epoch:29 Val_RegLoss: 597.789
[2023-04-19 20:42:41,178][__main__][INFO] - Epoch:29 Val_TripletLoss: 26.732
[2023-04-19 20:42:41,178][__main__][INFO] - Epoch:29 Val_KLLoss: 10.777
[2023-04-19 20:42:41,178][__main__][INFO] - Epoch:29 Test_score: 852.656
[2023-04-19 20:42:41,178][__main__][INFO] - Epoch:29 Test_RMSE: 17.255
[2023-04-19 20:42:44,040][__main__][INFO] - Epoch:30 Train_TotalLoss: 655.001
[2023-04-19 20:42:44,040][__main__][INFO] - Epoch:30 Train_ReconLoss: 131.331
[2023-04-19 20:42:44,040][__main__][INFO] - Epoch:30 Train_RegLoss: 494.121
[2023-04-19 20:42:44,040][__main__][INFO] - Epoch:30 Train_TripletLoss: 19.129
[2023-04-19 20:42:44,040][__main__][INFO] - Epoch:30 Train_KLLoss: 10.420
[2023-04-19 20:42:44,040][__main__][INFO] - Epoch:30 Val_TotalLoss: 716.435
[2023-04-19 20:42:44,040][__main__][INFO] - Epoch:30 Val_ReconLoss: 173.705
[2023-04-19 20:42:44,040][__main__][INFO] - Epoch:30 Val_RegLoss: 506.192
[2023-04-19 20:42:44,040][__main__][INFO] - Epoch:30 Val_TripletLoss: 25.868
[2023-04-19 20:42:44,040][__main__][INFO] - Epoch:30 Val_KLLoss: 10.670
[2023-04-19 20:42:44,040][__main__][INFO] - Epoch:30 Test_score: 368.242
[2023-04-19 20:42:44,040][__main__][INFO] - Epoch:30 Test_RMSE: 13.289
[2023-04-19 20:42:46,934][__main__][INFO] - Epoch:31 Train_TotalLoss: 651.882
[2023-04-19 20:42:46,935][__main__][INFO] - Epoch:31 Train_ReconLoss: 131.686
[2023-04-19 20:42:46,935][__main__][INFO] - Epoch:31 Train_RegLoss: 491.460
[2023-04-19 20:42:46,935][__main__][INFO] - Epoch:31 Train_TripletLoss: 18.391
[2023-04-19 20:42:46,935][__main__][INFO] - Epoch:31 Train_KLLoss: 10.346
[2023-04-19 20:42:46,935][__main__][INFO] - Epoch:31 Val_TotalLoss: 802.855
[2023-04-19 20:42:46,935][__main__][INFO] - Epoch:31 Val_ReconLoss: 168.557
[2023-04-19 20:42:46,935][__main__][INFO] - Epoch:31 Val_RegLoss: 595.514
[2023-04-19 20:42:46,935][__main__][INFO] - Epoch:31 Val_TripletLoss: 26.800
[2023-04-19 20:42:46,935][__main__][INFO] - Epoch:31 Val_KLLoss: 11.984
[2023-04-19 20:42:46,935][__main__][INFO] - Epoch:31 Test_score: 222.626
[2023-04-19 20:42:46,935][__main__][INFO] - Epoch:31 Test_RMSE: 11.489
[2023-04-19 20:42:49,938][__main__][INFO] - Epoch:32 Train_TotalLoss: 637.978
[2023-04-19 20:42:49,938][__main__][INFO] - Epoch:32 Train_ReconLoss: 132.957
[2023-04-19 20:42:49,939][__main__][INFO] - Epoch:32 Train_RegLoss: 476.241
[2023-04-19 20:42:49,939][__main__][INFO] - Epoch:32 Train_TripletLoss: 18.164
[2023-04-19 20:42:49,939][__main__][INFO] - Epoch:32 Train_KLLoss: 10.617
[2023-04-19 20:42:49,939][__main__][INFO] - Epoch:32 Val_TotalLoss: 790.662
[2023-04-19 20:42:49,939][__main__][INFO] - Epoch:32 Val_ReconLoss: 167.474
[2023-04-19 20:42:49,939][__main__][INFO] - Epoch:32 Val_RegLoss: 584.369
[2023-04-19 20:42:49,939][__main__][INFO] - Epoch:32 Val_TripletLoss: 28.053
[2023-04-19 20:42:49,939][__main__][INFO] - Epoch:32 Val_KLLoss: 10.766
[2023-04-19 20:42:49,939][__main__][INFO] - Epoch:32 Test_score: 484.621
[2023-04-19 20:42:49,939][__main__][INFO] - Epoch:32 Test_RMSE: 14.412
[2023-04-19 20:42:52,934][__main__][INFO] - Epoch:33 Train_TotalLoss: 646.472
[2023-04-19 20:42:52,934][__main__][INFO] - Epoch:33 Train_ReconLoss: 132.971
[2023-04-19 20:42:52,934][__main__][INFO] - Epoch:33 Train_RegLoss: 484.133
[2023-04-19 20:42:52,934][__main__][INFO] - Epoch:33 Train_TripletLoss: 19.018
[2023-04-19 20:42:52,934][__main__][INFO] - Epoch:33 Train_KLLoss: 10.351
[2023-04-19 20:42:52,934][__main__][INFO] - Epoch:33 Val_TotalLoss: 727.034
[2023-04-19 20:42:52,934][__main__][INFO] - Epoch:33 Val_ReconLoss: 164.793
[2023-04-19 20:42:52,934][__main__][INFO] - Epoch:33 Val_RegLoss: 524.320
[2023-04-19 20:42:52,935][__main__][INFO] - Epoch:33 Val_TripletLoss: 27.792
[2023-04-19 20:42:52,935][__main__][INFO] - Epoch:33 Val_KLLoss: 10.129
[2023-04-19 20:42:52,935][__main__][INFO] - Epoch:33 Test_score: 501.137
[2023-04-19 20:42:52,935][__main__][INFO] - Epoch:33 Test_RMSE: 15.073
[2023-04-19 20:42:55,768][__main__][INFO] - Epoch:34 Train_TotalLoss: 651.949
[2023-04-19 20:42:55,768][__main__][INFO] - Epoch:34 Train_ReconLoss: 131.366
[2023-04-19 20:42:55,768][__main__][INFO] - Epoch:34 Train_RegLoss: 491.927
[2023-04-19 20:42:55,768][__main__][INFO] - Epoch:34 Train_TripletLoss: 18.544
[2023-04-19 20:42:55,768][__main__][INFO] - Epoch:34 Train_KLLoss: 10.112
[2023-04-19 20:42:55,768][__main__][INFO] - Epoch:34 Val_TotalLoss: 726.595
[2023-04-19 20:42:55,768][__main__][INFO] - Epoch:34 Val_ReconLoss: 160.913
[2023-04-19 20:42:55,768][__main__][INFO] - Epoch:34 Val_RegLoss: 527.695
[2023-04-19 20:42:55,768][__main__][INFO] - Epoch:34 Val_TripletLoss: 27.151
[2023-04-19 20:42:55,768][__main__][INFO] - Epoch:34 Val_KLLoss: 10.836
[2023-04-19 20:42:55,768][__main__][INFO] - Epoch:34 Test_score: 245.144
[2023-04-19 20:42:55,768][__main__][INFO] - Epoch:34 Test_RMSE: 11.524
