[2023-04-04 04:11:30,357][train][INFO] - Epoch:0 Train_TotalLoss: 5995.863
[2023-04-04 04:11:30,357][train][INFO] - Epoch:0 Train_ReconLoss: 78.172
[2023-04-04 04:11:30,357][train][INFO] - Epoch:0 Train_RegLoss: 5653.354
[2023-04-04 04:11:30,357][train][INFO] - Epoch:0 Train_TripletLoss: 208.326
[2023-04-04 04:11:30,357][train][INFO] - Epoch:0 Train_KLLoss: 56.010
[2023-04-04 04:11:30,357][train][INFO] - Epoch:0 Val_TotalLoss: 2836.418
[2023-04-04 04:11:30,357][train][INFO] - Epoch:0 Val_ReconLoss: 45.907
[2023-04-04 04:11:30,357][train][INFO] - Epoch:0 Val_RegLoss: 2531.131
[2023-04-04 04:11:30,357][train][INFO] - Epoch:0 Val_TripletLoss: 195.609
[2023-04-04 04:11:30,357][train][INFO] - Epoch:0 Val_KLLoss: 63.772
[2023-04-04 04:11:36,107][train][INFO] - Epoch:1 Train_TotalLoss: 1900.686
[2023-04-04 04:11:36,107][train][INFO] - Epoch:1 Train_ReconLoss: 39.981
[2023-04-04 04:11:36,107][train][INFO] - Epoch:1 Train_RegLoss: 1626.990
[2023-04-04 04:11:36,107][train][INFO] - Epoch:1 Train_TripletLoss: 183.727
[2023-04-04 04:11:36,107][train][INFO] - Epoch:1 Train_KLLoss: 49.988
[2023-04-04 04:11:36,107][train][INFO] - Epoch:1 Val_TotalLoss: 1163.932
[2023-04-04 04:11:36,107][train][INFO] - Epoch:1 Val_ReconLoss: 34.196
[2023-04-04 04:11:36,107][train][INFO] - Epoch:1 Val_RegLoss: 888.746
[2023-04-04 04:11:36,107][train][INFO] - Epoch:1 Val_TripletLoss: 201.488
[2023-04-04 04:11:36,107][train][INFO] - Epoch:1 Val_KLLoss: 39.502
[2023-04-04 04:11:41,521][train][INFO] - Epoch:2 Train_TotalLoss: 853.228
[2023-04-04 04:11:41,521][train][INFO] - Epoch:2 Train_ReconLoss: 38.258
[2023-04-04 04:11:41,521][train][INFO] - Epoch:2 Train_RegLoss: 594.580
[2023-04-04 04:11:41,521][train][INFO] - Epoch:2 Train_TripletLoss: 185.123
[2023-04-04 04:11:41,521][train][INFO] - Epoch:2 Train_KLLoss: 35.267
[2023-04-04 04:11:41,521][train][INFO] - Epoch:2 Val_TotalLoss: 696.216
[2023-04-04 04:11:41,521][train][INFO] - Epoch:2 Val_ReconLoss: 35.856
[2023-04-04 04:11:41,521][train][INFO] - Epoch:2 Val_RegLoss: 436.283
[2023-04-04 04:11:41,521][train][INFO] - Epoch:2 Val_TripletLoss: 197.170
[2023-04-04 04:11:41,521][train][INFO] - Epoch:2 Val_KLLoss: 26.907
[2023-04-04 04:11:47,103][train][INFO] - Epoch:3 Train_TotalLoss: 604.129
[2023-04-04 04:11:47,103][train][INFO] - Epoch:3 Train_ReconLoss: 38.014
[2023-04-04 04:11:47,103][train][INFO] - Epoch:3 Train_RegLoss: 349.509
[2023-04-04 04:11:47,103][train][INFO] - Epoch:3 Train_TripletLoss: 189.228
[2023-04-04 04:11:47,103][train][INFO] - Epoch:3 Train_KLLoss: 27.378
[2023-04-04 04:11:47,103][train][INFO] - Epoch:3 Val_TotalLoss: 645.469
[2023-04-04 04:11:47,104][train][INFO] - Epoch:3 Val_ReconLoss: 34.733
[2023-04-04 04:11:47,104][train][INFO] - Epoch:3 Val_RegLoss: 383.998
[2023-04-04 04:11:47,104][train][INFO] - Epoch:3 Val_TripletLoss: 200.626
[2023-04-04 04:11:47,104][train][INFO] - Epoch:3 Val_KLLoss: 26.113
[2023-04-04 04:11:52,734][train][INFO] - Epoch:4 Train_TotalLoss: 543.265
[2023-04-04 04:11:52,734][train][INFO] - Epoch:4 Train_ReconLoss: 38.728
[2023-04-04 04:11:52,734][train][INFO] - Epoch:4 Train_RegLoss: 288.541
[2023-04-04 04:11:52,734][train][INFO] - Epoch:4 Train_TripletLoss: 193.747
[2023-04-04 04:11:52,734][train][INFO] - Epoch:4 Train_KLLoss: 22.249
[2023-04-04 04:11:52,734][train][INFO] - Epoch:4 Val_TotalLoss: 642.254
[2023-04-04 04:11:52,734][train][INFO] - Epoch:4 Val_ReconLoss: 35.338
[2023-04-04 04:11:52,734][train][INFO] - Epoch:4 Val_RegLoss: 380.030
[2023-04-04 04:11:52,734][train][INFO] - Epoch:4 Val_TripletLoss: 203.359
[2023-04-04 04:11:52,734][train][INFO] - Epoch:4 Val_KLLoss: 23.527
[2023-04-04 04:11:58,185][train][INFO] - Epoch:5 Train_TotalLoss: 517.448
[2023-04-04 04:11:58,185][train][INFO] - Epoch:5 Train_ReconLoss: 38.073
[2023-04-04 04:11:58,185][train][INFO] - Epoch:5 Train_RegLoss: 266.365
[2023-04-04 04:11:58,185][train][INFO] - Epoch:5 Train_TripletLoss: 191.444
[2023-04-04 04:11:58,185][train][INFO] - Epoch:5 Train_KLLoss: 21.567
[2023-04-04 04:11:58,185][train][INFO] - Epoch:5 Val_TotalLoss: 543.359
[2023-04-04 04:11:58,185][train][INFO] - Epoch:5 Val_ReconLoss: 35.322
[2023-04-04 04:11:58,185][train][INFO] - Epoch:5 Val_RegLoss: 291.791
[2023-04-04 04:11:58,185][train][INFO] - Epoch:5 Val_TripletLoss: 194.350
[2023-04-04 04:11:58,185][train][INFO] - Epoch:5 Val_KLLoss: 21.896
[2023-04-04 04:12:03,761][train][INFO] - Epoch:6 Train_TotalLoss: 504.690
[2023-04-04 04:12:03,761][train][INFO] - Epoch:6 Train_ReconLoss: 37.553
[2023-04-04 04:12:03,761][train][INFO] - Epoch:6 Train_RegLoss: 256.651
[2023-04-04 04:12:03,761][train][INFO] - Epoch:6 Train_TripletLoss: 189.263
[2023-04-04 04:12:03,761][train][INFO] - Epoch:6 Train_KLLoss: 21.223
[2023-04-04 04:12:03,761][train][INFO] - Epoch:6 Val_TotalLoss: 574.104
[2023-04-04 04:12:03,761][train][INFO] - Epoch:6 Val_ReconLoss: 37.159
[2023-04-04 04:12:03,761][train][INFO] - Epoch:6 Val_RegLoss: 314.739
[2023-04-04 04:12:03,761][train][INFO] - Epoch:6 Val_TripletLoss: 199.722
[2023-04-04 04:12:03,761][train][INFO] - Epoch:6 Val_KLLoss: 22.485
[2023-04-04 04:12:09,319][train][INFO] - Epoch:7 Train_TotalLoss: 491.408
[2023-04-04 04:12:09,319][train][INFO] - Epoch:7 Train_ReconLoss: 37.723
[2023-04-04 04:12:09,319][train][INFO] - Epoch:7 Train_RegLoss: 247.673
[2023-04-04 04:12:09,319][train][INFO] - Epoch:7 Train_TripletLoss: 184.206
[2023-04-04 04:12:09,319][train][INFO] - Epoch:7 Train_KLLoss: 21.806
[2023-04-04 04:12:09,319][train][INFO] - Epoch:7 Val_TotalLoss: 545.091
[2023-04-04 04:12:09,319][train][INFO] - Epoch:7 Val_ReconLoss: 40.723
[2023-04-04 04:12:09,319][train][INFO] - Epoch:7 Val_RegLoss: 283.025
[2023-04-04 04:12:09,319][train][INFO] - Epoch:7 Val_TripletLoss: 205.198
[2023-04-04 04:12:09,320][train][INFO] - Epoch:7 Val_KLLoss: 16.145
[2023-04-04 04:12:15,053][train][INFO] - Epoch:8 Train_TotalLoss: 484.047
[2023-04-04 04:12:15,053][train][INFO] - Epoch:8 Train_ReconLoss: 37.537
[2023-04-04 04:12:15,053][train][INFO] - Epoch:8 Train_RegLoss: 243.154
[2023-04-04 04:12:15,053][train][INFO] - Epoch:8 Train_TripletLoss: 181.691
[2023-04-04 04:12:15,053][train][INFO] - Epoch:8 Train_KLLoss: 21.666
[2023-04-04 04:12:15,053][train][INFO] - Epoch:8 Val_TotalLoss: 601.465
[2023-04-04 04:12:15,053][train][INFO] - Epoch:8 Val_ReconLoss: 34.582
[2023-04-04 04:12:15,053][train][INFO] - Epoch:8 Val_RegLoss: 345.952
[2023-04-04 04:12:15,053][train][INFO] - Epoch:8 Val_TripletLoss: 200.261
[2023-04-04 04:12:15,053][train][INFO] - Epoch:8 Val_KLLoss: 20.669
[2023-04-04 04:12:20,644][train][INFO] - Epoch:9 Train_TotalLoss: 478.949
[2023-04-04 04:12:20,644][train][INFO] - Epoch:9 Train_ReconLoss: 42.088
[2023-04-04 04:12:20,644][train][INFO] - Epoch:9 Train_RegLoss: 235.865
[2023-04-04 04:12:20,644][train][INFO] - Epoch:9 Train_TripletLoss: 179.741
[2023-04-04 04:12:20,644][train][INFO] - Epoch:9 Train_KLLoss: 21.255
[2023-04-04 04:12:20,644][train][INFO] - Epoch:9 Val_TotalLoss: 523.563
[2023-04-04 04:12:20,644][train][INFO] - Epoch:9 Val_ReconLoss: 36.407
[2023-04-04 04:12:20,645][train][INFO] - Epoch:9 Val_RegLoss: 275.770
[2023-04-04 04:12:20,645][train][INFO] - Epoch:9 Val_TripletLoss: 191.697
[2023-04-04 04:12:20,645][train][INFO] - Epoch:9 Val_KLLoss: 19.689
[2023-04-04 04:12:26,308][train][INFO] - Epoch:10 Train_TotalLoss: 470.504
[2023-04-04 04:12:26,308][train][INFO] - Epoch:10 Train_ReconLoss: 37.372
[2023-04-04 04:12:26,309][train][INFO] - Epoch:10 Train_RegLoss: 234.179
[2023-04-04 04:12:26,309][train][INFO] - Epoch:10 Train_TripletLoss: 177.022
[2023-04-04 04:12:26,309][train][INFO] - Epoch:10 Train_KLLoss: 21.931
[2023-04-04 04:12:26,309][train][INFO] - Epoch:10 Val_TotalLoss: 514.240
[2023-04-04 04:12:26,309][train][INFO] - Epoch:10 Val_ReconLoss: 34.659
[2023-04-04 04:12:26,309][train][INFO] - Epoch:10 Val_RegLoss: 268.785
[2023-04-04 04:12:26,309][train][INFO] - Epoch:10 Val_TripletLoss: 189.428
[2023-04-04 04:12:26,309][train][INFO] - Epoch:10 Val_KLLoss: 21.369
[2023-04-04 04:12:32,013][train][INFO] - Epoch:11 Train_TotalLoss: 460.751
[2023-04-04 04:12:32,013][train][INFO] - Epoch:11 Train_ReconLoss: 37.146
[2023-04-04 04:12:32,013][train][INFO] - Epoch:11 Train_RegLoss: 226.638
[2023-04-04 04:12:32,013][train][INFO] - Epoch:11 Train_TripletLoss: 175.170
[2023-04-04 04:12:32,013][train][INFO] - Epoch:11 Train_KLLoss: 21.797
[2023-04-04 04:12:32,013][train][INFO] - Epoch:11 Val_TotalLoss: 555.787
[2023-04-04 04:12:32,013][train][INFO] - Epoch:11 Val_ReconLoss: 35.694
[2023-04-04 04:12:32,013][train][INFO] - Epoch:11 Val_RegLoss: 295.550
[2023-04-04 04:12:32,013][train][INFO] - Epoch:11 Val_TripletLoss: 201.679
[2023-04-04 04:12:32,013][train][INFO] - Epoch:11 Val_KLLoss: 22.864
[2023-04-04 04:12:37,397][train][INFO] - Epoch:12 Train_TotalLoss: 458.272
[2023-04-04 04:12:37,397][train][INFO] - Epoch:12 Train_ReconLoss: 37.143
[2023-04-04 04:12:37,397][train][INFO] - Epoch:12 Train_RegLoss: 226.253
[2023-04-04 04:12:37,397][train][INFO] - Epoch:12 Train_TripletLoss: 173.382
[2023-04-04 04:12:37,397][train][INFO] - Epoch:12 Train_KLLoss: 21.494
[2023-04-04 04:12:37,397][train][INFO] - Epoch:12 Val_TotalLoss: 574.725
[2023-04-04 04:12:37,397][train][INFO] - Epoch:12 Val_ReconLoss: 34.525
[2023-04-04 04:12:37,397][train][INFO] - Epoch:12 Val_RegLoss: 326.454
[2023-04-04 04:12:37,397][train][INFO] - Epoch:12 Val_TripletLoss: 191.659
[2023-04-04 04:12:37,397][train][INFO] - Epoch:12 Val_KLLoss: 22.087
[2023-04-04 04:12:43,261][train][INFO] - Epoch:13 Train_TotalLoss: 456.179
[2023-04-04 04:12:43,261][train][INFO] - Epoch:13 Train_ReconLoss: 36.798
[2023-04-04 04:12:43,261][train][INFO] - Epoch:13 Train_RegLoss: 226.076
[2023-04-04 04:12:43,261][train][INFO] - Epoch:13 Train_TripletLoss: 171.745
[2023-04-04 04:12:43,261][train][INFO] - Epoch:13 Train_KLLoss: 21.561
[2023-04-04 04:12:43,261][train][INFO] - Epoch:13 Val_TotalLoss: 574.285
[2023-04-04 04:12:43,261][train][INFO] - Epoch:13 Val_ReconLoss: 34.036
[2023-04-04 04:12:43,261][train][INFO] - Epoch:13 Val_RegLoss: 318.414
[2023-04-04 04:12:43,261][train][INFO] - Epoch:13 Val_TripletLoss: 200.948
[2023-04-04 04:12:43,261][train][INFO] - Epoch:13 Val_KLLoss: 20.888
[2023-04-04 04:12:48,945][train][INFO] - Epoch:14 Train_TotalLoss: 454.651
[2023-04-04 04:12:48,945][train][INFO] - Epoch:14 Train_ReconLoss: 37.340
[2023-04-04 04:12:48,945][train][INFO] - Epoch:14 Train_RegLoss: 223.264
[2023-04-04 04:12:48,946][train][INFO] - Epoch:14 Train_TripletLoss: 172.717
[2023-04-04 04:12:48,946][train][INFO] - Epoch:14 Train_KLLoss: 21.330
[2023-04-04 04:12:48,946][train][INFO] - Epoch:14 Val_TotalLoss: 549.698
[2023-04-04 04:12:48,946][train][INFO] - Epoch:14 Val_ReconLoss: 33.667
[2023-04-04 04:12:48,946][train][INFO] - Epoch:14 Val_RegLoss: 295.656
[2023-04-04 04:12:48,946][train][INFO] - Epoch:14 Val_TripletLoss: 197.914
[2023-04-04 04:12:48,946][train][INFO] - Epoch:14 Val_KLLoss: 22.461
[2023-04-04 04:12:54,612][train][INFO] - Epoch:15 Train_TotalLoss: 453.294
[2023-04-04 04:12:54,613][train][INFO] - Epoch:15 Train_ReconLoss: 36.541
[2023-04-04 04:12:54,613][train][INFO] - Epoch:15 Train_RegLoss: 224.577
[2023-04-04 04:12:54,613][train][INFO] - Epoch:15 Train_TripletLoss: 170.833
[2023-04-04 04:12:54,613][train][INFO] - Epoch:15 Train_KLLoss: 21.342
[2023-04-04 04:12:54,613][train][INFO] - Epoch:15 Val_TotalLoss: 493.908
[2023-04-04 04:12:54,613][train][INFO] - Epoch:15 Val_ReconLoss: 34.091
[2023-04-04 04:12:54,613][train][INFO] - Epoch:15 Val_RegLoss: 253.395
[2023-04-04 04:12:54,613][train][INFO] - Epoch:15 Val_TripletLoss: 187.103
[2023-04-04 04:12:54,613][train][INFO] - Epoch:15 Val_KLLoss: 19.319
[2023-04-04 04:13:00,202][train][INFO] - Epoch:16 Train_TotalLoss: 449.704
[2023-04-04 04:13:00,202][train][INFO] - Epoch:16 Train_ReconLoss: 36.369
[2023-04-04 04:13:00,202][train][INFO] - Epoch:16 Train_RegLoss: 224.473
[2023-04-04 04:13:00,202][train][INFO] - Epoch:16 Train_TripletLoss: 167.748
[2023-04-04 04:13:00,202][train][INFO] - Epoch:16 Train_KLLoss: 21.114
[2023-04-04 04:13:00,203][train][INFO] - Epoch:16 Val_TotalLoss: 557.316
[2023-04-04 04:13:00,203][train][INFO] - Epoch:16 Val_ReconLoss: 33.874
[2023-04-04 04:13:00,203][train][INFO] - Epoch:16 Val_RegLoss: 310.611
[2023-04-04 04:13:00,203][train][INFO] - Epoch:16 Val_TripletLoss: 192.687
[2023-04-04 04:13:00,203][train][INFO] - Epoch:16 Val_KLLoss: 20.144
[2023-04-04 04:13:06,031][train][INFO] - Epoch:17 Train_TotalLoss: 445.850
[2023-04-04 04:13:06,032][train][INFO] - Epoch:17 Train_ReconLoss: 36.917
[2023-04-04 04:13:06,032][train][INFO] - Epoch:17 Train_RegLoss: 221.696
[2023-04-04 04:13:06,032][train][INFO] - Epoch:17 Train_TripletLoss: 166.444
[2023-04-04 04:13:06,032][train][INFO] - Epoch:17 Train_KLLoss: 20.794
[2023-04-04 04:13:06,032][train][INFO] - Epoch:17 Val_TotalLoss: 517.911
[2023-04-04 04:13:06,032][train][INFO] - Epoch:17 Val_ReconLoss: 34.948
[2023-04-04 04:13:06,032][train][INFO] - Epoch:17 Val_RegLoss: 272.858
[2023-04-04 04:13:06,032][train][INFO] - Epoch:17 Val_TripletLoss: 190.918
[2023-04-04 04:13:06,032][train][INFO] - Epoch:17 Val_KLLoss: 19.187
[2023-04-04 04:13:11,773][train][INFO] - Epoch:18 Train_TotalLoss: 443.419
[2023-04-04 04:13:11,773][train][INFO] - Epoch:18 Train_ReconLoss: 36.560
[2023-04-04 04:13:11,773][train][INFO] - Epoch:18 Train_RegLoss: 218.086
[2023-04-04 04:13:11,774][train][INFO] - Epoch:18 Train_TripletLoss: 168.110
[2023-04-04 04:13:11,774][train][INFO] - Epoch:18 Train_KLLoss: 20.663
[2023-04-04 04:13:11,774][train][INFO] - Epoch:18 Val_TotalLoss: 531.833
[2023-04-04 04:13:11,774][train][INFO] - Epoch:18 Val_ReconLoss: 34.487
[2023-04-04 04:13:11,774][train][INFO] - Epoch:18 Val_RegLoss: 294.457
[2023-04-04 04:13:11,774][train][INFO] - Epoch:18 Val_TripletLoss: 182.649
[2023-04-04 04:13:11,774][train][INFO] - Epoch:18 Val_KLLoss: 20.239
[2023-04-04 04:13:17,762][train][INFO] - Epoch:19 Train_TotalLoss: 458.540
[2023-04-04 04:13:17,762][train][INFO] - Epoch:19 Train_ReconLoss: 42.937
[2023-04-04 04:13:17,762][train][INFO] - Epoch:19 Train_RegLoss: 227.065
[2023-04-04 04:13:17,762][train][INFO] - Epoch:19 Train_TripletLoss: 166.918
[2023-04-04 04:13:17,762][train][INFO] - Epoch:19 Train_KLLoss: 21.620
[2023-04-04 04:13:17,762][train][INFO] - Epoch:19 Val_TotalLoss: 530.678
[2023-04-04 04:13:17,762][train][INFO] - Epoch:19 Val_ReconLoss: 36.187
[2023-04-04 04:13:17,762][train][INFO] - Epoch:19 Val_RegLoss: 288.333
[2023-04-04 04:13:17,762][train][INFO] - Epoch:19 Val_TripletLoss: 186.195
[2023-04-04 04:13:17,762][train][INFO] - Epoch:19 Val_KLLoss: 19.963
[2023-04-04 04:13:23,657][train][INFO] - Epoch:20 Train_TotalLoss: 438.289
[2023-04-04 04:13:23,657][train][INFO] - Epoch:20 Train_ReconLoss: 36.483
[2023-04-04 04:13:23,657][train][INFO] - Epoch:20 Train_RegLoss: 216.535
[2023-04-04 04:13:23,657][train][INFO] - Epoch:20 Train_TripletLoss: 163.472
[2023-04-04 04:13:23,657][train][INFO] - Epoch:20 Train_KLLoss: 21.799
[2023-04-04 04:13:23,657][train][INFO] - Epoch:20 Val_TotalLoss: 550.943
[2023-04-04 04:13:23,657][train][INFO] - Epoch:20 Val_ReconLoss: 35.312
[2023-04-04 04:13:23,658][train][INFO] - Epoch:20 Val_RegLoss: 296.665
[2023-04-04 04:13:23,658][train][INFO] - Epoch:20 Val_TripletLoss: 198.417
[2023-04-04 04:13:23,658][train][INFO] - Epoch:20 Val_KLLoss: 20.548
[2023-04-04 04:13:29,629][train][INFO] - Epoch:21 Train_TotalLoss: 438.471
[2023-04-04 04:13:29,629][train][INFO] - Epoch:21 Train_ReconLoss: 36.108
[2023-04-04 04:13:29,629][train][INFO] - Epoch:21 Train_RegLoss: 217.811
[2023-04-04 04:13:29,629][train][INFO] - Epoch:21 Train_TripletLoss: 163.320
[2023-04-04 04:13:29,629][train][INFO] - Epoch:21 Train_KLLoss: 21.233
[2023-04-04 04:13:29,629][train][INFO] - Epoch:21 Val_TotalLoss: 521.922
[2023-04-04 04:13:29,629][train][INFO] - Epoch:21 Val_ReconLoss: 35.860
[2023-04-04 04:13:29,630][train][INFO] - Epoch:21 Val_RegLoss: 270.783
[2023-04-04 04:13:29,630][train][INFO] - Epoch:21 Val_TripletLoss: 196.027
[2023-04-04 04:13:29,630][train][INFO] - Epoch:21 Val_KLLoss: 19.252
[2023-04-04 04:13:35,689][train][INFO] - Epoch:22 Train_TotalLoss: 434.840
[2023-04-04 04:13:35,689][train][INFO] - Epoch:22 Train_ReconLoss: 36.302
[2023-04-04 04:13:35,689][train][INFO] - Epoch:22 Train_RegLoss: 213.137
[2023-04-04 04:13:35,689][train][INFO] - Epoch:22 Train_TripletLoss: 164.476
[2023-04-04 04:13:35,689][train][INFO] - Epoch:22 Train_KLLoss: 20.926
[2023-04-04 04:13:35,689][train][INFO] - Epoch:22 Val_TotalLoss: 529.733
[2023-04-04 04:13:35,689][train][INFO] - Epoch:22 Val_ReconLoss: 34.225
[2023-04-04 04:13:35,689][train][INFO] - Epoch:22 Val_RegLoss: 288.216
[2023-04-04 04:13:35,689][train][INFO] - Epoch:22 Val_TripletLoss: 186.900
[2023-04-04 04:13:35,689][train][INFO] - Epoch:22 Val_KLLoss: 20.392
[2023-04-04 04:13:41,283][train][INFO] - Epoch:23 Train_TotalLoss: 432.395
[2023-04-04 04:13:41,283][train][INFO] - Epoch:23 Train_ReconLoss: 35.861
[2023-04-04 04:13:41,283][train][INFO] - Epoch:23 Train_RegLoss: 214.128
[2023-04-04 04:13:41,283][train][INFO] - Epoch:23 Train_TripletLoss: 161.371
[2023-04-04 04:13:41,283][train][INFO] - Epoch:23 Train_KLLoss: 21.035
[2023-04-04 04:13:41,283][train][INFO] - Epoch:23 Val_TotalLoss: 520.528
[2023-04-04 04:13:41,283][train][INFO] - Epoch:23 Val_ReconLoss: 33.960
[2023-04-04 04:13:41,283][train][INFO] - Epoch:23 Val_RegLoss: 278.456
[2023-04-04 04:13:41,283][train][INFO] - Epoch:23 Val_TripletLoss: 187.601
[2023-04-04 04:13:41,284][train][INFO] - Epoch:23 Val_KLLoss: 20.511
[2023-04-04 04:13:46,996][train][INFO] - Epoch:24 Train_TotalLoss: 429.368
[2023-04-04 04:13:46,996][train][INFO] - Epoch:24 Train_ReconLoss: 36.102
[2023-04-04 04:13:46,996][train][INFO] - Epoch:24 Train_RegLoss: 211.280
[2023-04-04 04:13:46,996][train][INFO] - Epoch:24 Train_TripletLoss: 161.468
[2023-04-04 04:13:46,996][train][INFO] - Epoch:24 Train_KLLoss: 20.517
[2023-04-04 04:13:46,996][train][INFO] - Epoch:24 Val_TotalLoss: 551.793
[2023-04-04 04:13:46,996][train][INFO] - Epoch:24 Val_ReconLoss: 33.532
[2023-04-04 04:13:46,996][train][INFO] - Epoch:24 Val_RegLoss: 300.653
[2023-04-04 04:13:46,996][train][INFO] - Epoch:24 Val_TripletLoss: 197.283
[2023-04-04 04:13:46,996][train][INFO] - Epoch:24 Val_KLLoss: 20.324
[2023-04-04 04:13:52,665][train][INFO] - Epoch:25 Train_TotalLoss: 430.496
[2023-04-04 04:13:52,665][train][INFO] - Epoch:25 Train_ReconLoss: 35.897
[2023-04-04 04:13:52,666][train][INFO] - Epoch:25 Train_RegLoss: 213.995
[2023-04-04 04:13:52,666][train][INFO] - Epoch:25 Train_TripletLoss: 160.121
[2023-04-04 04:13:52,666][train][INFO] - Epoch:25 Train_KLLoss: 20.482
[2023-04-04 04:13:52,666][train][INFO] - Epoch:25 Val_TotalLoss: 515.442
[2023-04-04 04:13:52,666][train][INFO] - Epoch:25 Val_ReconLoss: 33.239
[2023-04-04 04:13:52,666][train][INFO] - Epoch:25 Val_RegLoss: 271.869
[2023-04-04 04:13:52,666][train][INFO] - Epoch:25 Val_TripletLoss: 190.498
[2023-04-04 04:13:52,666][train][INFO] - Epoch:25 Val_KLLoss: 19.835
[2023-04-04 04:13:58,345][train][INFO] - Epoch:26 Train_TotalLoss: 433.460
[2023-04-04 04:13:58,345][train][INFO] - Epoch:26 Train_ReconLoss: 35.929
[2023-04-04 04:13:58,345][train][INFO] - Epoch:26 Train_RegLoss: 215.113
[2023-04-04 04:13:58,345][train][INFO] - Epoch:26 Train_TripletLoss: 161.832
[2023-04-04 04:13:58,345][train][INFO] - Epoch:26 Train_KLLoss: 20.586
[2023-04-04 04:13:58,345][train][INFO] - Epoch:26 Val_TotalLoss: 509.622
[2023-04-04 04:13:58,345][train][INFO] - Epoch:26 Val_ReconLoss: 33.477
[2023-04-04 04:13:58,345][train][INFO] - Epoch:26 Val_RegLoss: 267.426
[2023-04-04 04:13:58,345][train][INFO] - Epoch:26 Val_TripletLoss: 189.216
[2023-04-04 04:13:58,345][train][INFO] - Epoch:26 Val_KLLoss: 19.502
[2023-04-04 04:14:03,922][train][INFO] - Epoch:27 Train_TotalLoss: 424.608
[2023-04-04 04:14:03,922][train][INFO] - Epoch:27 Train_ReconLoss: 35.869
[2023-04-04 04:14:03,922][train][INFO] - Epoch:27 Train_RegLoss: 212.935
[2023-04-04 04:14:03,922][train][INFO] - Epoch:27 Train_TripletLoss: 155.250
[2023-04-04 04:14:03,922][train][INFO] - Epoch:27 Train_KLLoss: 20.554
[2023-04-04 04:14:03,922][train][INFO] - Epoch:27 Val_TotalLoss: 524.116
[2023-04-04 04:14:03,922][train][INFO] - Epoch:27 Val_ReconLoss: 33.939
[2023-04-04 04:14:03,922][train][INFO] - Epoch:27 Val_RegLoss: 293.325
[2023-04-04 04:14:03,922][train][INFO] - Epoch:27 Val_TripletLoss: 177.612
[2023-04-04 04:14:03,922][train][INFO] - Epoch:27 Val_KLLoss: 19.239
[2023-04-04 04:14:09,560][train][INFO] - Epoch:28 Train_TotalLoss: 421.668
[2023-04-04 04:14:09,560][train][INFO] - Epoch:28 Train_ReconLoss: 36.173
[2023-04-04 04:14:09,560][train][INFO] - Epoch:28 Train_RegLoss: 210.201
[2023-04-04 04:14:09,560][train][INFO] - Epoch:28 Train_TripletLoss: 155.146
[2023-04-04 04:14:09,560][train][INFO] - Epoch:28 Train_KLLoss: 20.147
[2023-04-04 04:14:09,560][train][INFO] - Epoch:28 Val_TotalLoss: 520.601
[2023-04-04 04:14:09,560][train][INFO] - Epoch:28 Val_ReconLoss: 33.741
[2023-04-04 04:14:09,560][train][INFO] - Epoch:28 Val_RegLoss: 274.525
[2023-04-04 04:14:09,560][train][INFO] - Epoch:28 Val_TripletLoss: 193.886
[2023-04-04 04:14:09,560][train][INFO] - Epoch:28 Val_KLLoss: 18.449
[2023-04-04 04:14:15,107][train][INFO] - Epoch:29 Train_TotalLoss: 415.912
[2023-04-04 04:14:15,107][train][INFO] - Epoch:29 Train_ReconLoss: 36.193
[2023-04-04 04:14:15,107][train][INFO] - Epoch:29 Train_RegLoss: 206.117
[2023-04-04 04:14:15,107][train][INFO] - Epoch:29 Train_TripletLoss: 153.575
[2023-04-04 04:14:15,107][train][INFO] - Epoch:29 Train_KLLoss: 20.027
[2023-04-04 04:14:15,107][train][INFO] - Epoch:29 Val_TotalLoss: 535.834
[2023-04-04 04:14:15,107][train][INFO] - Epoch:29 Val_ReconLoss: 34.271
[2023-04-04 04:14:15,107][train][INFO] - Epoch:29 Val_RegLoss: 298.144
[2023-04-04 04:14:15,107][train][INFO] - Epoch:29 Val_TripletLoss: 183.718
[2023-04-04 04:14:15,107][train][INFO] - Epoch:29 Val_KLLoss: 19.701
