[2023-04-19 21:38:04,425][__main__][INFO] - Epoch:0 Train_TotalLoss: 9107.460
[2023-04-19 21:38:04,426][__main__][INFO] - Epoch:0 Train_ReconLoss: 264.697
[2023-04-19 21:38:04,426][__main__][INFO] - Epoch:0 Train_RegLoss: 8766.706
[2023-04-19 21:38:04,426][__main__][INFO] - Epoch:0 Train_TripletLoss: 47.569
[2023-04-19 21:38:04,426][__main__][INFO] - Epoch:0 Train_KLLoss: 28.488
[2023-04-19 21:38:04,426][__main__][INFO] - Epoch:0 Val_TotalLoss: 7392.615
[2023-04-19 21:38:04,426][__main__][INFO] - Epoch:0 Val_ReconLoss: 244.505
[2023-04-19 21:38:04,426][__main__][INFO] - Epoch:0 Val_RegLoss: 7049.237
[2023-04-19 21:38:04,426][__main__][INFO] - Epoch:0 Val_TripletLoss: 49.643
[2023-04-19 21:38:04,426][__main__][INFO] - Epoch:0 Val_KLLoss: 49.230
[2023-04-19 21:38:07,257][__main__][INFO] - Epoch:1 Train_TotalLoss: 7094.706
[2023-04-19 21:38:07,257][__main__][INFO] - Epoch:1 Train_ReconLoss: 204.127
[2023-04-19 21:38:07,257][__main__][INFO] - Epoch:1 Train_RegLoss: 6801.193
[2023-04-19 21:38:07,257][__main__][INFO] - Epoch:1 Train_TripletLoss: 45.765
[2023-04-19 21:38:07,257][__main__][INFO] - Epoch:1 Train_KLLoss: 43.621
[2023-04-19 21:38:07,257][__main__][INFO] - Epoch:1 Val_TotalLoss: 5790.302
[2023-04-19 21:38:07,257][__main__][INFO] - Epoch:1 Val_ReconLoss: 225.550
[2023-04-19 21:38:07,257][__main__][INFO] - Epoch:1 Val_RegLoss: 5476.680
[2023-04-19 21:38:07,257][__main__][INFO] - Epoch:1 Val_TripletLoss: 46.487
[2023-04-19 21:38:07,257][__main__][INFO] - Epoch:1 Val_KLLoss: 41.586
[2023-04-19 21:38:07,257][__main__][INFO] - Epoch:1 Test_score: 139359.484
[2023-04-19 21:38:07,257][__main__][INFO] - Epoch:1 Test_RMSE: 72.653
[2023-04-19 21:38:10,095][__main__][INFO] - Epoch:2 Train_TotalLoss: 5608.067
[2023-04-19 21:38:10,095][__main__][INFO] - Epoch:2 Train_ReconLoss: 192.141
[2023-04-19 21:38:10,095][__main__][INFO] - Epoch:2 Train_RegLoss: 5336.141
[2023-04-19 21:38:10,095][__main__][INFO] - Epoch:2 Train_TripletLoss: 43.894
[2023-04-19 21:38:10,095][__main__][INFO] - Epoch:2 Train_KLLoss: 35.891
[2023-04-19 21:38:10,095][__main__][INFO] - Epoch:2 Val_TotalLoss: 4547.046
[2023-04-19 21:38:10,095][__main__][INFO] - Epoch:2 Val_ReconLoss: 196.567
[2023-04-19 21:38:10,095][__main__][INFO] - Epoch:2 Val_RegLoss: 4272.275
[2023-04-19 21:38:10,095][__main__][INFO] - Epoch:2 Val_TripletLoss: 42.571
[2023-04-19 21:38:10,095][__main__][INFO] - Epoch:2 Val_KLLoss: 35.634
[2023-04-19 21:38:10,096][__main__][INFO] - Epoch:2 Test_score: 55525.066
[2023-04-19 21:38:10,096][__main__][INFO] - Epoch:2 Test_RMSE: 62.781
[2023-04-19 21:38:13,226][__main__][INFO] - Epoch:3 Train_TotalLoss: 4395.729
[2023-04-19 21:38:13,226][__main__][INFO] - Epoch:3 Train_ReconLoss: 155.299
[2023-04-19 21:38:13,226][__main__][INFO] - Epoch:3 Train_RegLoss: 4170.106
[2023-04-19 21:38:13,226][__main__][INFO] - Epoch:3 Train_TripletLoss: 39.193
[2023-04-19 21:38:13,226][__main__][INFO] - Epoch:3 Train_KLLoss: 31.130
[2023-04-19 21:38:13,226][__main__][INFO] - Epoch:3 Val_TotalLoss: 3592.834
[2023-04-19 21:38:13,226][__main__][INFO] - Epoch:3 Val_ReconLoss: 183.689
[2023-04-19 21:38:13,226][__main__][INFO] - Epoch:3 Val_RegLoss: 3339.390
[2023-04-19 21:38:13,226][__main__][INFO] - Epoch:3 Val_TripletLoss: 38.227
[2023-04-19 21:38:13,226][__main__][INFO] - Epoch:3 Val_KLLoss: 31.528
[2023-04-19 21:38:13,226][__main__][INFO] - Epoch:3 Test_score: 24685.688
[2023-04-19 21:38:13,226][__main__][INFO] - Epoch:3 Test_RMSE: 54.511
[2023-04-19 21:38:16,005][__main__][INFO] - Epoch:4 Train_TotalLoss: 3509.292
[2023-04-19 21:38:16,005][__main__][INFO] - Epoch:4 Train_ReconLoss: 147.296
[2023-04-19 21:38:16,005][__main__][INFO] - Epoch:4 Train_RegLoss: 3298.277
[2023-04-19 21:38:16,005][__main__][INFO] - Epoch:4 Train_TripletLoss: 36.858
[2023-04-19 21:38:16,005][__main__][INFO] - Epoch:4 Train_KLLoss: 26.862
[2023-04-19 21:38:16,005][__main__][INFO] - Epoch:4 Val_TotalLoss: 2886.076
[2023-04-19 21:38:16,005][__main__][INFO] - Epoch:4 Val_ReconLoss: 178.289
[2023-04-19 21:38:16,005][__main__][INFO] - Epoch:4 Val_RegLoss: 2643.090
[2023-04-19 21:38:16,006][__main__][INFO] - Epoch:4 Val_TripletLoss: 37.159
[2023-04-19 21:38:16,006][__main__][INFO] - Epoch:4 Val_KLLoss: 27.538
[2023-04-19 21:38:16,006][__main__][INFO] - Epoch:4 Test_score: 11736.141
[2023-04-19 21:38:16,006][__main__][INFO] - Epoch:4 Test_RMSE: 47.189
[2023-04-19 21:38:18,989][__main__][INFO] - Epoch:5 Train_TotalLoss: 2823.818
[2023-04-19 21:38:18,989][__main__][INFO] - Epoch:5 Train_ReconLoss: 145.175
[2023-04-19 21:38:18,989][__main__][INFO] - Epoch:5 Train_RegLoss: 2619.614
[2023-04-19 21:38:18,989][__main__][INFO] - Epoch:5 Train_TripletLoss: 35.318
[2023-04-19 21:38:18,989][__main__][INFO] - Epoch:5 Train_KLLoss: 23.711
[2023-04-19 21:38:18,989][__main__][INFO] - Epoch:5 Val_TotalLoss: 2338.628
[2023-04-19 21:38:18,989][__main__][INFO] - Epoch:5 Val_ReconLoss: 172.701
[2023-04-19 21:38:18,989][__main__][INFO] - Epoch:5 Val_RegLoss: 2104.002
[2023-04-19 21:38:18,989][__main__][INFO] - Epoch:5 Val_TripletLoss: 36.574
[2023-04-19 21:38:18,989][__main__][INFO] - Epoch:5 Val_KLLoss: 25.351
[2023-04-19 21:38:18,989][__main__][INFO] - Epoch:5 Test_score: 6031.868
[2023-04-19 21:38:18,989][__main__][INFO] - Epoch:5 Test_RMSE: 41.136
[2023-04-19 21:38:21,800][__main__][INFO] - Epoch:6 Train_TotalLoss: 2265.654
[2023-04-19 21:38:21,800][__main__][INFO] - Epoch:6 Train_ReconLoss: 141.244
[2023-04-19 21:38:21,800][__main__][INFO] - Epoch:6 Train_RegLoss: 2068.734
[2023-04-19 21:38:21,800][__main__][INFO] - Epoch:6 Train_TripletLoss: 34.038
[2023-04-19 21:38:21,800][__main__][INFO] - Epoch:6 Train_KLLoss: 21.637
[2023-04-19 21:38:21,800][__main__][INFO] - Epoch:6 Val_TotalLoss: 1899.171
[2023-04-19 21:38:21,800][__main__][INFO] - Epoch:6 Val_ReconLoss: 166.537
[2023-04-19 21:38:21,800][__main__][INFO] - Epoch:6 Val_RegLoss: 1675.662
[2023-04-19 21:38:21,800][__main__][INFO] - Epoch:6 Val_TripletLoss: 35.668
[2023-04-19 21:38:21,800][__main__][INFO] - Epoch:6 Val_KLLoss: 21.304
[2023-04-19 21:38:21,800][__main__][INFO] - Epoch:6 Test_score: 3255.129
[2023-04-19 21:38:21,800][__main__][INFO] - Epoch:6 Test_RMSE: 35.492
[2023-04-19 21:38:24,521][__main__][INFO] - Epoch:7 Train_TotalLoss: 1881.830
[2023-04-19 21:38:24,521][__main__][INFO] - Epoch:7 Train_ReconLoss: 142.942
[2023-04-19 21:38:24,521][__main__][INFO] - Epoch:7 Train_RegLoss: 1685.857
[2023-04-19 21:38:24,521][__main__][INFO] - Epoch:7 Train_TripletLoss: 33.397
[2023-04-19 21:38:24,522][__main__][INFO] - Epoch:7 Train_KLLoss: 19.634
[2023-04-19 21:38:24,522][__main__][INFO] - Epoch:7 Val_TotalLoss: 1602.944
[2023-04-19 21:38:24,522][__main__][INFO] - Epoch:7 Val_ReconLoss: 164.518
[2023-04-19 21:38:24,522][__main__][INFO] - Epoch:7 Val_RegLoss: 1384.099
[2023-04-19 21:38:24,522][__main__][INFO] - Epoch:7 Val_TripletLoss: 33.785
[2023-04-19 21:38:24,522][__main__][INFO] - Epoch:7 Val_KLLoss: 20.543
[2023-04-19 21:38:24,522][__main__][INFO] - Epoch:7 Test_score: 1897.748
[2023-04-19 21:38:24,522][__main__][INFO] - Epoch:7 Test_RMSE: 30.919
[2023-04-19 21:38:27,603][__main__][INFO] - Epoch:8 Train_TotalLoss: 1548.645
[2023-04-19 21:38:27,603][__main__][INFO] - Epoch:8 Train_ReconLoss: 137.631
[2023-04-19 21:38:27,603][__main__][INFO] - Epoch:8 Train_RegLoss: 1359.855
[2023-04-19 21:38:27,603][__main__][INFO] - Epoch:8 Train_TripletLoss: 32.773
[2023-04-19 21:38:27,603][__main__][INFO] - Epoch:8 Train_KLLoss: 18.385
[2023-04-19 21:38:27,603][__main__][INFO] - Epoch:8 Val_TotalLoss: 1354.398
[2023-04-19 21:38:27,603][__main__][INFO] - Epoch:8 Val_ReconLoss: 161.464
[2023-04-19 21:38:27,603][__main__][INFO] - Epoch:8 Val_RegLoss: 1140.415
[2023-04-19 21:38:27,603][__main__][INFO] - Epoch:8 Val_TripletLoss: 33.108
[2023-04-19 21:38:27,603][__main__][INFO] - Epoch:8 Val_KLLoss: 19.411
[2023-04-19 21:38:27,603][__main__][INFO] - Epoch:8 Test_score: 1187.040
[2023-04-19 21:38:27,603][__main__][INFO] - Epoch:8 Test_RMSE: 27.109
[2023-04-19 21:38:30,465][__main__][INFO] - Epoch:9 Train_TotalLoss: 1333.610
[2023-04-19 21:38:30,465][__main__][INFO] - Epoch:9 Train_ReconLoss: 136.755
[2023-04-19 21:38:30,466][__main__][INFO] - Epoch:9 Train_RegLoss: 1147.788
[2023-04-19 21:38:30,466][__main__][INFO] - Epoch:9 Train_TripletLoss: 31.950
[2023-04-19 21:38:30,466][__main__][INFO] - Epoch:9 Train_KLLoss: 17.118
[2023-04-19 21:38:30,466][__main__][INFO] - Epoch:9 Val_TotalLoss: 1184.510
[2023-04-19 21:38:30,466][__main__][INFO] - Epoch:9 Val_ReconLoss: 157.847
[2023-04-19 21:38:30,466][__main__][INFO] - Epoch:9 Val_RegLoss: 976.377
[2023-04-19 21:38:30,466][__main__][INFO] - Epoch:9 Val_TripletLoss: 32.404
[2023-04-19 21:38:30,466][__main__][INFO] - Epoch:9 Val_KLLoss: 17.881
[2023-04-19 21:38:30,466][__main__][INFO] - Epoch:9 Test_score: 820.259
[2023-04-19 21:38:30,466][__main__][INFO] - Epoch:9 Test_RMSE: 24.092
[2023-04-19 21:38:33,282][__main__][INFO] - Epoch:10 Train_TotalLoss: 1145.254
[2023-04-19 21:38:33,282][__main__][INFO] - Epoch:10 Train_ReconLoss: 136.341
[2023-04-19 21:38:33,282][__main__][INFO] - Epoch:10 Train_RegLoss: 961.368
[2023-04-19 21:38:33,282][__main__][INFO] - Epoch:10 Train_TripletLoss: 31.563
[2023-04-19 21:38:33,282][__main__][INFO] - Epoch:10 Train_KLLoss: 15.982
[2023-04-19 21:38:33,282][__main__][INFO] - Epoch:10 Val_TotalLoss: 1026.866
[2023-04-19 21:38:33,283][__main__][INFO] - Epoch:10 Val_ReconLoss: 164.469
[2023-04-19 21:38:33,283][__main__][INFO] - Epoch:10 Val_RegLoss: 814.980
[2023-04-19 21:38:33,283][__main__][INFO] - Epoch:10 Val_TripletLoss: 30.788
[2023-04-19 21:38:33,283][__main__][INFO] - Epoch:10 Val_KLLoss: 16.629
[2023-04-19 21:38:33,283][__main__][INFO] - Epoch:10 Test_score: 663.542
[2023-04-19 21:38:33,283][__main__][INFO] - Epoch:10 Test_RMSE: 21.802
[2023-04-19 21:38:35,941][__main__][INFO] - Epoch:11 Train_TotalLoss: 999.380
[2023-04-19 21:38:35,941][__main__][INFO] - Epoch:11 Train_ReconLoss: 135.861
[2023-04-19 21:38:35,941][__main__][INFO] - Epoch:11 Train_RegLoss: 817.617
[2023-04-19 21:38:35,941][__main__][INFO] - Epoch:11 Train_TripletLoss: 30.958
[2023-04-19 21:38:35,941][__main__][INFO] - Epoch:11 Train_KLLoss: 14.944
[2023-04-19 21:38:35,941][__main__][INFO] - Epoch:11 Val_TotalLoss: 1001.951
[2023-04-19 21:38:35,941][__main__][INFO] - Epoch:11 Val_ReconLoss: 160.577
[2023-04-19 21:38:35,941][__main__][INFO] - Epoch:11 Val_RegLoss: 792.309
[2023-04-19 21:38:35,941][__main__][INFO] - Epoch:11 Val_TripletLoss: 33.111
[2023-04-19 21:38:35,941][__main__][INFO] - Epoch:11 Val_KLLoss: 15.954
[2023-04-19 21:38:35,941][__main__][INFO] - Epoch:11 Test_score: 475.287
[2023-04-19 21:38:35,941][__main__][INFO] - Epoch:11 Test_RMSE: 19.374
[2023-04-19 21:38:38,766][__main__][INFO] - Epoch:12 Train_TotalLoss: 911.437
[2023-04-19 21:38:38,766][__main__][INFO] - Epoch:12 Train_ReconLoss: 137.648
[2023-04-19 21:38:38,766][__main__][INFO] - Epoch:12 Train_RegLoss: 729.016
[2023-04-19 21:38:38,766][__main__][INFO] - Epoch:12 Train_TripletLoss: 30.430
[2023-04-19 21:38:38,766][__main__][INFO] - Epoch:12 Train_KLLoss: 14.342
[2023-04-19 21:38:38,766][__main__][INFO] - Epoch:12 Val_TotalLoss: 902.554
[2023-04-19 21:38:38,766][__main__][INFO] - Epoch:12 Val_ReconLoss: 158.070
[2023-04-19 21:38:38,766][__main__][INFO] - Epoch:12 Val_RegLoss: 699.601
[2023-04-19 21:38:38,766][__main__][INFO] - Epoch:12 Val_TripletLoss: 30.726
[2023-04-19 21:38:38,767][__main__][INFO] - Epoch:12 Val_KLLoss: 14.158
[2023-04-19 21:38:38,767][__main__][INFO] - Epoch:12 Test_score: 573.449
[2023-04-19 21:38:38,767][__main__][INFO] - Epoch:12 Test_RMSE: 17.975
[2023-04-19 21:38:41,578][__main__][INFO] - Epoch:13 Train_TotalLoss: 843.628
[2023-04-19 21:38:41,578][__main__][INFO] - Epoch:13 Train_ReconLoss: 135.613
[2023-04-19 21:38:41,578][__main__][INFO] - Epoch:13 Train_RegLoss: 664.356
[2023-04-19 21:38:41,578][__main__][INFO] - Epoch:13 Train_TripletLoss: 30.057
[2023-04-19 21:38:41,578][__main__][INFO] - Epoch:13 Train_KLLoss: 13.601
[2023-04-19 21:38:41,578][__main__][INFO] - Epoch:13 Val_TotalLoss: 827.689
[2023-04-19 21:38:41,578][__main__][INFO] - Epoch:13 Val_ReconLoss: 157.120
[2023-04-19 21:38:41,578][__main__][INFO] - Epoch:13 Val_RegLoss: 626.930
[2023-04-19 21:38:41,578][__main__][INFO] - Epoch:13 Val_TripletLoss: 29.592
[2023-04-19 21:38:41,579][__main__][INFO] - Epoch:13 Val_KLLoss: 14.047
[2023-04-19 21:38:41,579][__main__][INFO] - Epoch:13 Test_score: 317.283
[2023-04-19 21:38:41,579][__main__][INFO] - Epoch:13 Test_RMSE: 15.515
[2023-04-19 21:38:44,440][__main__][INFO] - Epoch:14 Train_TotalLoss: 781.630
[2023-04-19 21:38:44,440][__main__][INFO] - Epoch:14 Train_ReconLoss: 134.680
[2023-04-19 21:38:44,440][__main__][INFO] - Epoch:14 Train_RegLoss: 603.569
[2023-04-19 21:38:44,440][__main__][INFO] - Epoch:14 Train_TripletLoss: 30.437
[2023-04-19 21:38:44,440][__main__][INFO] - Epoch:14 Train_KLLoss: 12.944
[2023-04-19 21:38:44,440][__main__][INFO] - Epoch:14 Val_TotalLoss: 832.472
[2023-04-19 21:38:44,440][__main__][INFO] - Epoch:14 Val_ReconLoss: 157.148
[2023-04-19 21:38:44,440][__main__][INFO] - Epoch:14 Val_RegLoss: 630.812
[2023-04-19 21:38:44,441][__main__][INFO] - Epoch:14 Val_TripletLoss: 31.182
[2023-04-19 21:38:44,441][__main__][INFO] - Epoch:14 Val_KLLoss: 13.329
[2023-04-19 21:38:44,441][__main__][INFO] - Epoch:14 Test_score: 340.670
[2023-04-19 21:38:44,441][__main__][INFO] - Epoch:14 Test_RMSE: 14.850
[2023-04-19 21:38:47,230][__main__][INFO] - Epoch:15 Train_TotalLoss: 745.092
[2023-04-19 21:38:47,230][__main__][INFO] - Epoch:15 Train_ReconLoss: 134.549
[2023-04-19 21:38:47,230][__main__][INFO] - Epoch:15 Train_RegLoss: 567.247
[2023-04-19 21:38:47,230][__main__][INFO] - Epoch:15 Train_TripletLoss: 30.748
[2023-04-19 21:38:47,230][__main__][INFO] - Epoch:15 Train_KLLoss: 12.548
[2023-04-19 21:38:47,230][__main__][INFO] - Epoch:15 Val_TotalLoss: 797.999
[2023-04-19 21:38:47,230][__main__][INFO] - Epoch:15 Val_ReconLoss: 156.886
[2023-04-19 21:38:47,230][__main__][INFO] - Epoch:15 Val_RegLoss: 598.759
[2023-04-19 21:38:47,230][__main__][INFO] - Epoch:15 Val_TripletLoss: 29.082
[2023-04-19 21:38:47,230][__main__][INFO] - Epoch:15 Val_KLLoss: 13.272
[2023-04-19 21:38:47,230][__main__][INFO] - Epoch:15 Test_score: 316.415
[2023-04-19 21:38:47,230][__main__][INFO] - Epoch:15 Test_RMSE: 13.680
[2023-04-19 21:38:50,130][__main__][INFO] - Epoch:16 Train_TotalLoss: 725.401
[2023-04-19 21:38:50,130][__main__][INFO] - Epoch:16 Train_ReconLoss: 134.176
[2023-04-19 21:38:50,130][__main__][INFO] - Epoch:16 Train_RegLoss: 548.985
[2023-04-19 21:38:50,130][__main__][INFO] - Epoch:16 Train_TripletLoss: 30.093
[2023-04-19 21:38:50,130][__main__][INFO] - Epoch:16 Train_KLLoss: 12.147
[2023-04-19 21:38:50,130][__main__][INFO] - Epoch:16 Val_TotalLoss: 810.461
[2023-04-19 21:38:50,130][__main__][INFO] - Epoch:16 Val_ReconLoss: 157.457
[2023-04-19 21:38:50,130][__main__][INFO] - Epoch:16 Val_RegLoss: 607.877
[2023-04-19 21:38:50,130][__main__][INFO] - Epoch:16 Val_TripletLoss: 33.227
[2023-04-19 21:38:50,130][__main__][INFO] - Epoch:16 Val_KLLoss: 11.900
[2023-04-19 21:38:50,130][__main__][INFO] - Epoch:16 Test_score: 384.839
[2023-04-19 21:38:50,130][__main__][INFO] - Epoch:16 Test_RMSE: 13.560
[2023-04-19 21:38:52,814][__main__][INFO] - Epoch:17 Train_TotalLoss: 694.778
[2023-04-19 21:38:52,815][__main__][INFO] - Epoch:17 Train_ReconLoss: 134.101
[2023-04-19 21:38:52,815][__main__][INFO] - Epoch:17 Train_RegLoss: 519.053
[2023-04-19 21:38:52,815][__main__][INFO] - Epoch:17 Train_TripletLoss: 29.996
[2023-04-19 21:38:52,815][__main__][INFO] - Epoch:17 Train_KLLoss: 11.628
[2023-04-19 21:38:52,815][__main__][INFO] - Epoch:17 Val_TotalLoss: 773.967
[2023-04-19 21:38:52,815][__main__][INFO] - Epoch:17 Val_ReconLoss: 155.015
[2023-04-19 21:38:52,815][__main__][INFO] - Epoch:17 Val_RegLoss: 574.695
[2023-04-19 21:38:52,815][__main__][INFO] - Epoch:17 Val_TripletLoss: 32.562
[2023-04-19 21:38:52,815][__main__][INFO] - Epoch:17 Val_KLLoss: 11.694
[2023-04-19 21:38:52,815][__main__][INFO] - Epoch:17 Test_score: 356.730
[2023-04-19 21:38:52,815][__main__][INFO] - Epoch:17 Test_RMSE: 13.686
[2023-04-19 21:38:55,694][__main__][INFO] - Epoch:18 Train_TotalLoss: 690.661
[2023-04-19 21:38:55,695][__main__][INFO] - Epoch:18 Train_ReconLoss: 133.762
[2023-04-19 21:38:55,695][__main__][INFO] - Epoch:18 Train_RegLoss: 515.678
[2023-04-19 21:38:55,695][__main__][INFO] - Epoch:18 Train_TripletLoss: 29.974
[2023-04-19 21:38:55,695][__main__][INFO] - Epoch:18 Train_KLLoss: 11.246
[2023-04-19 21:38:55,695][__main__][INFO] - Epoch:18 Val_TotalLoss: 732.212
[2023-04-19 21:38:55,695][__main__][INFO] - Epoch:18 Val_ReconLoss: 155.799
[2023-04-19 21:38:55,695][__main__][INFO] - Epoch:18 Val_RegLoss: 534.659
[2023-04-19 21:38:55,695][__main__][INFO] - Epoch:18 Val_TripletLoss: 30.139
[2023-04-19 21:38:55,695][__main__][INFO] - Epoch:18 Val_KLLoss: 11.616
[2023-04-19 21:38:55,695][__main__][INFO] - Epoch:18 Test_score: 197.537
[2023-04-19 21:38:55,695][__main__][INFO] - Epoch:18 Test_RMSE: 12.160
[2023-04-19 21:38:58,532][__main__][INFO] - Epoch:19 Train_TotalLoss: 669.277
[2023-04-19 21:38:58,533][__main__][INFO] - Epoch:19 Train_ReconLoss: 134.544
[2023-04-19 21:38:58,533][__main__][INFO] - Epoch:19 Train_RegLoss: 493.813
[2023-04-19 21:38:58,533][__main__][INFO] - Epoch:19 Train_TripletLoss: 29.798
[2023-04-19 21:38:58,533][__main__][INFO] - Epoch:19 Train_KLLoss: 11.122
[2023-04-19 21:38:58,533][__main__][INFO] - Epoch:19 Val_TotalLoss: 774.132
[2023-04-19 21:38:58,533][__main__][INFO] - Epoch:19 Val_ReconLoss: 154.965
[2023-04-19 21:38:58,533][__main__][INFO] - Epoch:19 Val_RegLoss: 578.237
[2023-04-19 21:38:58,533][__main__][INFO] - Epoch:19 Val_TripletLoss: 29.182
[2023-04-19 21:38:58,533][__main__][INFO] - Epoch:19 Val_KLLoss: 11.748
[2023-04-19 21:38:58,533][__main__][INFO] - Epoch:19 Test_score: 452.854
[2023-04-19 21:38:58,533][__main__][INFO] - Epoch:19 Test_RMSE: 13.028
[2023-04-19 21:39:01,518][__main__][INFO] - Epoch:20 Train_TotalLoss: 664.129
[2023-04-19 21:39:01,518][__main__][INFO] - Epoch:20 Train_ReconLoss: 132.850
[2023-04-19 21:39:01,518][__main__][INFO] - Epoch:20 Train_RegLoss: 489.953
[2023-04-19 21:39:01,518][__main__][INFO] - Epoch:20 Train_TripletLoss: 30.428
[2023-04-19 21:39:01,518][__main__][INFO] - Epoch:20 Train_KLLoss: 10.898
[2023-04-19 21:39:01,518][__main__][INFO] - Epoch:20 Val_TotalLoss: 730.107
[2023-04-19 21:39:01,518][__main__][INFO] - Epoch:20 Val_ReconLoss: 156.079
[2023-04-19 21:39:01,518][__main__][INFO] - Epoch:20 Val_RegLoss: 532.880
[2023-04-19 21:39:01,518][__main__][INFO] - Epoch:20 Val_TripletLoss: 29.549
[2023-04-19 21:39:01,518][__main__][INFO] - Epoch:20 Val_KLLoss: 11.600
[2023-04-19 21:39:01,518][__main__][INFO] - Epoch:20 Test_score: 545.410
[2023-04-19 21:39:01,518][__main__][INFO] - Epoch:20 Test_RMSE: 13.400
[2023-04-19 21:39:04,347][__main__][INFO] - Epoch:21 Train_TotalLoss: 652.503
[2023-04-19 21:39:04,347][__main__][INFO] - Epoch:21 Train_ReconLoss: 132.431
[2023-04-19 21:39:04,347][__main__][INFO] - Epoch:21 Train_RegLoss: 479.472
[2023-04-19 21:39:04,347][__main__][INFO] - Epoch:21 Train_TripletLoss: 30.102
[2023-04-19 21:39:04,347][__main__][INFO] - Epoch:21 Train_KLLoss: 10.498
[2023-04-19 21:39:04,347][__main__][INFO] - Epoch:21 Val_TotalLoss: 718.415
[2023-04-19 21:39:04,347][__main__][INFO] - Epoch:21 Val_ReconLoss: 153.350
[2023-04-19 21:39:04,347][__main__][INFO] - Epoch:21 Val_RegLoss: 523.099
[2023-04-19 21:39:04,347][__main__][INFO] - Epoch:21 Val_TripletLoss: 30.614
[2023-04-19 21:39:04,347][__main__][INFO] - Epoch:21 Val_KLLoss: 11.353
[2023-04-19 21:39:04,347][__main__][INFO] - Epoch:21 Test_score: 515.710
[2023-04-19 21:39:04,347][__main__][INFO] - Epoch:21 Test_RMSE: 11.853
[2023-04-19 21:39:07,175][__main__][INFO] - Epoch:22 Train_TotalLoss: 650.093
[2023-04-19 21:39:07,175][__main__][INFO] - Epoch:22 Train_ReconLoss: 132.872
[2023-04-19 21:39:07,175][__main__][INFO] - Epoch:22 Train_RegLoss: 476.783
[2023-04-19 21:39:07,175][__main__][INFO] - Epoch:22 Train_TripletLoss: 29.925
[2023-04-19 21:39:07,175][__main__][INFO] - Epoch:22 Train_KLLoss: 10.513
[2023-04-19 21:39:07,175][__main__][INFO] - Epoch:22 Val_TotalLoss: 765.303
[2023-04-19 21:39:07,175][__main__][INFO] - Epoch:22 Val_ReconLoss: 156.993
[2023-04-19 21:39:07,175][__main__][INFO] - Epoch:22 Val_RegLoss: 565.510
[2023-04-19 21:39:07,175][__main__][INFO] - Epoch:22 Val_TripletLoss: 32.195
[2023-04-19 21:39:07,175][__main__][INFO] - Epoch:22 Val_KLLoss: 10.605
[2023-04-19 21:39:07,175][__main__][INFO] - Epoch:22 Test_score: 563.973
[2023-04-19 21:39:07,175][__main__][INFO] - Epoch:22 Test_RMSE: 12.043
[2023-04-19 21:39:10,070][__main__][INFO] - Epoch:23 Train_TotalLoss: 657.655
[2023-04-19 21:39:10,070][__main__][INFO] - Epoch:23 Train_ReconLoss: 132.333
[2023-04-19 21:39:10,070][__main__][INFO] - Epoch:23 Train_RegLoss: 485.102
[2023-04-19 21:39:10,070][__main__][INFO] - Epoch:23 Train_TripletLoss: 29.929
[2023-04-19 21:39:10,070][__main__][INFO] - Epoch:23 Train_KLLoss: 10.291
[2023-04-19 21:39:10,070][__main__][INFO] - Epoch:23 Val_TotalLoss: 753.681
[2023-04-19 21:39:10,070][__main__][INFO] - Epoch:23 Val_ReconLoss: 159.996
[2023-04-19 21:39:10,070][__main__][INFO] - Epoch:23 Val_RegLoss: 552.630
[2023-04-19 21:39:10,070][__main__][INFO] - Epoch:23 Val_TripletLoss: 30.533
[2023-04-19 21:39:10,070][__main__][INFO] - Epoch:23 Val_KLLoss: 10.522
[2023-04-19 21:39:10,070][__main__][INFO] - Epoch:23 Test_score: 290.555
[2023-04-19 21:39:10,071][__main__][INFO] - Epoch:23 Test_RMSE: 13.210
[2023-04-19 21:39:12,879][__main__][INFO] - Epoch:24 Train_TotalLoss: 651.947
[2023-04-19 21:39:12,879][__main__][INFO] - Epoch:24 Train_ReconLoss: 133.670
[2023-04-19 21:39:12,879][__main__][INFO] - Epoch:24 Train_RegLoss: 478.398
[2023-04-19 21:39:12,879][__main__][INFO] - Epoch:24 Train_TripletLoss: 29.798
[2023-04-19 21:39:12,879][__main__][INFO] - Epoch:24 Train_KLLoss: 10.081
[2023-04-19 21:39:12,879][__main__][INFO] - Epoch:24 Val_TotalLoss: 732.951
[2023-04-19 21:39:12,879][__main__][INFO] - Epoch:24 Val_ReconLoss: 156.461
[2023-04-19 21:39:12,879][__main__][INFO] - Epoch:24 Val_RegLoss: 533.542
[2023-04-19 21:39:12,879][__main__][INFO] - Epoch:24 Val_TripletLoss: 32.296
[2023-04-19 21:39:12,879][__main__][INFO] - Epoch:24 Val_KLLoss: 10.653
[2023-04-19 21:39:12,879][__main__][INFO] - Epoch:24 Test_score: 595.938
[2023-04-19 21:39:12,879][__main__][INFO] - Epoch:24 Test_RMSE: 12.417
[2023-04-19 21:39:15,963][__main__][INFO] - Epoch:25 Train_TotalLoss: 652.788
[2023-04-19 21:39:15,963][__main__][INFO] - Epoch:25 Train_ReconLoss: 131.663
[2023-04-19 21:39:15,963][__main__][INFO] - Epoch:25 Train_RegLoss: 480.928
[2023-04-19 21:39:15,963][__main__][INFO] - Epoch:25 Train_TripletLoss: 30.176
[2023-04-19 21:39:15,963][__main__][INFO] - Epoch:25 Train_KLLoss: 10.022
[2023-04-19 21:39:15,963][__main__][INFO] - Epoch:25 Val_TotalLoss: 711.427
[2023-04-19 21:39:15,963][__main__][INFO] - Epoch:25 Val_ReconLoss: 153.670
[2023-04-19 21:39:15,963][__main__][INFO] - Epoch:25 Val_RegLoss: 515.166
[2023-04-19 21:39:15,963][__main__][INFO] - Epoch:25 Val_TripletLoss: 32.191
[2023-04-19 21:39:15,963][__main__][INFO] - Epoch:25 Val_KLLoss: 10.400
[2023-04-19 21:39:15,964][__main__][INFO] - Epoch:25 Test_score: 432.490
[2023-04-19 21:39:15,964][__main__][INFO] - Epoch:25 Test_RMSE: 13.160
[2023-04-19 21:39:18,825][__main__][INFO] - Epoch:26 Train_TotalLoss: 652.936
[2023-04-19 21:39:18,825][__main__][INFO] - Epoch:26 Train_ReconLoss: 131.256
[2023-04-19 21:39:18,825][__main__][INFO] - Epoch:26 Train_RegLoss: 481.645
[2023-04-19 21:39:18,825][__main__][INFO] - Epoch:26 Train_TripletLoss: 30.261
[2023-04-19 21:39:18,825][__main__][INFO] - Epoch:26 Train_KLLoss: 9.774
[2023-04-19 21:39:18,825][__main__][INFO] - Epoch:26 Val_TotalLoss: 717.202
[2023-04-19 21:39:18,826][__main__][INFO] - Epoch:26 Val_ReconLoss: 153.310
[2023-04-19 21:39:18,826][__main__][INFO] - Epoch:26 Val_RegLoss: 521.395
[2023-04-19 21:39:18,826][__main__][INFO] - Epoch:26 Val_TripletLoss: 32.127
[2023-04-19 21:39:18,826][__main__][INFO] - Epoch:26 Val_KLLoss: 10.371
[2023-04-19 21:39:18,826][__main__][INFO] - Epoch:26 Test_score: 221.990
[2023-04-19 21:39:18,826][__main__][INFO] - Epoch:26 Test_RMSE: 11.666
[2023-04-19 21:39:21,727][__main__][INFO] - Epoch:27 Train_TotalLoss: 631.633
[2023-04-19 21:39:21,727][__main__][INFO] - Epoch:27 Train_ReconLoss: 130.416
[2023-04-19 21:39:21,727][__main__][INFO] - Epoch:27 Train_RegLoss: 461.101
[2023-04-19 21:39:21,727][__main__][INFO] - Epoch:27 Train_TripletLoss: 30.138
[2023-04-19 21:39:21,727][__main__][INFO] - Epoch:27 Train_KLLoss: 9.978
[2023-04-19 21:39:21,727][__main__][INFO] - Epoch:27 Val_TotalLoss: 708.883
[2023-04-19 21:39:21,728][__main__][INFO] - Epoch:27 Val_ReconLoss: 152.444
[2023-04-19 21:39:21,728][__main__][INFO] - Epoch:27 Val_RegLoss: 514.102
[2023-04-19 21:39:21,728][__main__][INFO] - Epoch:27 Val_TripletLoss: 31.822
[2023-04-19 21:39:21,728][__main__][INFO] - Epoch:27 Val_KLLoss: 10.515
[2023-04-19 21:39:21,728][__main__][INFO] - Epoch:27 Test_score: 249.253
[2023-04-19 21:39:21,728][__main__][INFO] - Epoch:27 Test_RMSE: 11.643
[2023-04-19 21:39:24,609][__main__][INFO] - Epoch:28 Train_TotalLoss: 633.238
[2023-04-19 21:39:24,609][__main__][INFO] - Epoch:28 Train_ReconLoss: 133.696
[2023-04-19 21:39:24,609][__main__][INFO] - Epoch:28 Train_RegLoss: 459.302
[2023-04-19 21:39:24,609][__main__][INFO] - Epoch:28 Train_TripletLoss: 30.399
[2023-04-19 21:39:24,609][__main__][INFO] - Epoch:28 Train_KLLoss: 9.840
[2023-04-19 21:39:24,609][__main__][INFO] - Epoch:28 Val_TotalLoss: 692.691
[2023-04-19 21:39:24,609][__main__][INFO] - Epoch:28 Val_ReconLoss: 153.775
[2023-04-19 21:39:24,609][__main__][INFO] - Epoch:28 Val_RegLoss: 496.592
[2023-04-19 21:39:24,609][__main__][INFO] - Epoch:28 Val_TripletLoss: 32.212
[2023-04-19 21:39:24,609][__main__][INFO] - Epoch:28 Val_KLLoss: 10.112
[2023-04-19 21:39:24,609][__main__][INFO] - Epoch:28 Test_score: 251.608
[2023-04-19 21:39:24,609][__main__][INFO] - Epoch:28 Test_RMSE: 11.717
[2023-04-19 21:39:27,507][__main__][INFO] - Epoch:29 Train_TotalLoss: 638.163
[2023-04-19 21:39:27,507][__main__][INFO] - Epoch:29 Train_ReconLoss: 130.742
[2023-04-19 21:39:27,507][__main__][INFO] - Epoch:29 Train_RegLoss: 467.969
[2023-04-19 21:39:27,507][__main__][INFO] - Epoch:29 Train_TripletLoss: 29.581
[2023-04-19 21:39:27,507][__main__][INFO] - Epoch:29 Train_KLLoss: 9.870
[2023-04-19 21:39:27,507][__main__][INFO] - Epoch:29 Val_TotalLoss: 703.690
[2023-04-19 21:39:27,507][__main__][INFO] - Epoch:29 Val_ReconLoss: 152.103
[2023-04-19 21:39:27,507][__main__][INFO] - Epoch:29 Val_RegLoss: 510.137
[2023-04-19 21:39:27,507][__main__][INFO] - Epoch:29 Val_TripletLoss: 30.903
[2023-04-19 21:39:27,507][__main__][INFO] - Epoch:29 Val_KLLoss: 10.547
[2023-04-19 21:39:27,507][__main__][INFO] - Epoch:29 Test_score: 189.633
[2023-04-19 21:39:27,508][__main__][INFO] - Epoch:29 Test_RMSE: 10.989
