[2023-04-14 02:35:22,966][__main__][INFO] - Epoch:0 Train_TotalLoss: 9169.387
[2023-04-14 02:35:22,967][__main__][INFO] - Epoch:0 Train_ReconLoss: 322.769
[2023-04-14 02:35:22,967][__main__][INFO] - Epoch:0 Train_RegLoss: 8761.050
[2023-04-14 02:35:22,967][__main__][INFO] - Epoch:0 Train_TripletLoss: 57.820
[2023-04-14 02:35:22,967][__main__][INFO] - Epoch:0 Train_KLLoss: 27.748
[2023-04-14 02:35:22,967][__main__][INFO] - Epoch:0 Val_TotalLoss: 7449.895
[2023-04-14 02:35:22,967][__main__][INFO] - Epoch:0 Val_ReconLoss: 345.513
[2023-04-14 02:35:22,967][__main__][INFO] - Epoch:0 Val_RegLoss: 7000.455
[2023-04-14 02:35:22,967][__main__][INFO] - Epoch:0 Val_TripletLoss: 59.439
[2023-04-14 02:35:22,967][__main__][INFO] - Epoch:0 Val_KLLoss: 44.488
[2023-04-14 02:35:25,769][__main__][INFO] - Epoch:1 Train_TotalLoss: 7067.638
[2023-04-14 02:35:25,769][__main__][INFO] - Epoch:1 Train_ReconLoss: 265.652
[2023-04-14 02:35:25,769][__main__][INFO] - Epoch:1 Train_RegLoss: 6702.401
[2023-04-14 02:35:25,769][__main__][INFO] - Epoch:1 Train_TripletLoss: 55.600
[2023-04-14 02:35:25,769][__main__][INFO] - Epoch:1 Train_KLLoss: 43.985
[2023-04-14 02:35:25,769][__main__][INFO] - Epoch:1 Val_TotalLoss: 5725.639
[2023-04-14 02:35:25,770][__main__][INFO] - Epoch:1 Val_ReconLoss: 251.441
[2023-04-14 02:35:25,770][__main__][INFO] - Epoch:1 Val_RegLoss: 5380.630
[2023-04-14 02:35:25,770][__main__][INFO] - Epoch:1 Val_TripletLoss: 54.415
[2023-04-14 02:35:25,770][__main__][INFO] - Epoch:1 Val_KLLoss: 39.152
[2023-04-14 02:35:25,770][__main__][INFO] - Epoch:1 Test_score: 134665.328
[2023-04-14 02:35:25,770][__main__][INFO] - Epoch:1 Test_RMSE: 72.239
[2023-04-14 02:35:28,393][__main__][INFO] - Epoch:2 Train_TotalLoss: 5495.507
[2023-04-14 02:35:28,394][__main__][INFO] - Epoch:2 Train_ReconLoss: 184.109
[2023-04-14 02:35:28,394][__main__][INFO] - Epoch:2 Train_RegLoss: 5225.543
[2023-04-14 02:35:28,394][__main__][INFO] - Epoch:2 Train_TripletLoss: 47.932
[2023-04-14 02:35:28,394][__main__][INFO] - Epoch:2 Train_KLLoss: 37.923
[2023-04-14 02:35:28,394][__main__][INFO] - Epoch:2 Val_TotalLoss: 4414.753
[2023-04-14 02:35:28,394][__main__][INFO] - Epoch:2 Val_ReconLoss: 198.177
[2023-04-14 02:35:28,394][__main__][INFO] - Epoch:2 Val_RegLoss: 4135.031
[2023-04-14 02:35:28,394][__main__][INFO] - Epoch:2 Val_TripletLoss: 45.631
[2023-04-14 02:35:28,394][__main__][INFO] - Epoch:2 Val_KLLoss: 35.914
[2023-04-14 02:35:28,394][__main__][INFO] - Epoch:2 Test_score: 52107.113
[2023-04-14 02:35:28,394][__main__][INFO] - Epoch:2 Test_RMSE: 62.199
[2023-04-14 02:35:31,230][__main__][INFO] - Epoch:3 Train_TotalLoss: 4309.384
[2023-04-14 02:35:31,231][__main__][INFO] - Epoch:3 Train_ReconLoss: 154.425
[2023-04-14 02:35:31,231][__main__][INFO] - Epoch:3 Train_RegLoss: 4080.230
[2023-04-14 02:35:31,231][__main__][INFO] - Epoch:3 Train_TripletLoss: 42.113
[2023-04-14 02:35:31,231][__main__][INFO] - Epoch:3 Train_KLLoss: 32.615
[2023-04-14 02:35:31,231][__main__][INFO] - Epoch:3 Val_TotalLoss: 3477.255
[2023-04-14 02:35:31,231][__main__][INFO] - Epoch:3 Val_ReconLoss: 184.269
[2023-04-14 02:35:31,231][__main__][INFO] - Epoch:3 Val_RegLoss: 3220.833
[2023-04-14 02:35:31,231][__main__][INFO] - Epoch:3 Val_TripletLoss: 41.543
[2023-04-14 02:35:31,231][__main__][INFO] - Epoch:3 Val_KLLoss: 30.611
[2023-04-14 02:35:31,231][__main__][INFO] - Epoch:3 Test_score: 22741.322
[2023-04-14 02:35:31,231][__main__][INFO] - Epoch:3 Test_RMSE: 53.678
[2023-04-14 02:35:33,949][__main__][INFO] - Epoch:4 Train_TotalLoss: 3425.574
[2023-04-14 02:35:33,949][__main__][INFO] - Epoch:4 Train_ReconLoss: 145.840
[2023-04-14 02:35:33,949][__main__][INFO] - Epoch:4 Train_RegLoss: 3213.451
[2023-04-14 02:35:33,949][__main__][INFO] - Epoch:4 Train_TripletLoss: 38.229
[2023-04-14 02:35:33,949][__main__][INFO] - Epoch:4 Train_KLLoss: 28.053
[2023-04-14 02:35:33,949][__main__][INFO] - Epoch:4 Val_TotalLoss: 2808.330
[2023-04-14 02:35:33,949][__main__][INFO] - Epoch:4 Val_ReconLoss: 178.005
[2023-04-14 02:35:33,949][__main__][INFO] - Epoch:4 Val_RegLoss: 2566.550
[2023-04-14 02:35:33,949][__main__][INFO] - Epoch:4 Val_TripletLoss: 36.089
[2023-04-14 02:35:33,949][__main__][INFO] - Epoch:4 Val_KLLoss: 27.686
[2023-04-14 02:35:33,949][__main__][INFO] - Epoch:4 Test_score: 10769.773
[2023-04-14 02:35:33,949][__main__][INFO] - Epoch:4 Test_RMSE: 46.382
[2023-04-14 02:35:36,723][__main__][INFO] - Epoch:5 Train_TotalLoss: 2714.724
[2023-04-14 02:35:36,723][__main__][INFO] - Epoch:5 Train_ReconLoss: 141.145
[2023-04-14 02:35:36,723][__main__][INFO] - Epoch:5 Train_RegLoss: 2512.242
[2023-04-14 02:35:36,723][__main__][INFO] - Epoch:5 Train_TripletLoss: 36.135
[2023-04-14 02:35:36,723][__main__][INFO] - Epoch:5 Train_KLLoss: 25.202
[2023-04-14 02:35:36,723][__main__][INFO] - Epoch:5 Val_TotalLoss: 2297.425
[2023-04-14 02:35:36,723][__main__][INFO] - Epoch:5 Val_ReconLoss: 166.973
[2023-04-14 02:35:36,723][__main__][INFO] - Epoch:5 Val_RegLoss: 2068.483
[2023-04-14 02:35:36,723][__main__][INFO] - Epoch:5 Val_TripletLoss: 36.686
[2023-04-14 02:35:36,723][__main__][INFO] - Epoch:5 Val_KLLoss: 25.282
[2023-04-14 02:35:36,723][__main__][INFO] - Epoch:5 Test_score: 5516.128
[2023-04-14 02:35:36,723][__main__][INFO] - Epoch:5 Test_RMSE: 40.289
[2023-04-14 02:35:39,494][__main__][INFO] - Epoch:6 Train_TotalLoss: 2204.771
[2023-04-14 02:35:39,494][__main__][INFO] - Epoch:6 Train_ReconLoss: 139.730
[2023-04-14 02:35:39,494][__main__][INFO] - Epoch:6 Train_RegLoss: 2008.077
[2023-04-14 02:35:39,494][__main__][INFO] - Epoch:6 Train_TripletLoss: 34.273
[2023-04-14 02:35:39,494][__main__][INFO] - Epoch:6 Train_KLLoss: 22.692
[2023-04-14 02:35:39,494][__main__][INFO] - Epoch:6 Val_TotalLoss: 1847.342
[2023-04-14 02:35:39,494][__main__][INFO] - Epoch:6 Val_ReconLoss: 171.912
[2023-04-14 02:35:39,494][__main__][INFO] - Epoch:6 Val_RegLoss: 1617.822
[2023-04-14 02:35:39,494][__main__][INFO] - Epoch:6 Val_TripletLoss: 34.102
[2023-04-14 02:35:39,494][__main__][INFO] - Epoch:6 Val_KLLoss: 23.506
[2023-04-14 02:35:39,494][__main__][INFO] - Epoch:6 Test_score: 2998.999
[2023-04-14 02:35:39,494][__main__][INFO] - Epoch:6 Test_RMSE: 34.872
[2023-04-14 02:35:42,292][__main__][INFO] - Epoch:7 Train_TotalLoss: 1832.413
[2023-04-14 02:35:42,293][__main__][INFO] - Epoch:7 Train_ReconLoss: 140.489
[2023-04-14 02:35:42,293][__main__][INFO] - Epoch:7 Train_RegLoss: 1637.499
[2023-04-14 02:35:42,293][__main__][INFO] - Epoch:7 Train_TripletLoss: 33.677
[2023-04-14 02:35:42,293][__main__][INFO] - Epoch:7 Train_KLLoss: 20.747
[2023-04-14 02:35:42,293][__main__][INFO] - Epoch:7 Val_TotalLoss: 1575.527
[2023-04-14 02:35:42,293][__main__][INFO] - Epoch:7 Val_ReconLoss: 164.553
[2023-04-14 02:35:42,293][__main__][INFO] - Epoch:7 Val_RegLoss: 1357.071
[2023-04-14 02:35:42,293][__main__][INFO] - Epoch:7 Val_TripletLoss: 33.641
[2023-04-14 02:35:42,293][__main__][INFO] - Epoch:7 Val_KLLoss: 20.262
[2023-04-14 02:35:42,293][__main__][INFO] - Epoch:7 Test_score: 1752.804
[2023-04-14 02:35:42,293][__main__][INFO] - Epoch:7 Test_RMSE: 30.318
[2023-04-14 02:35:45,216][__main__][INFO] - Epoch:8 Train_TotalLoss: 1535.633
[2023-04-14 02:35:45,216][__main__][INFO] - Epoch:8 Train_ReconLoss: 139.333
[2023-04-14 02:35:45,216][__main__][INFO] - Epoch:8 Train_RegLoss: 1344.898
[2023-04-14 02:35:45,216][__main__][INFO] - Epoch:8 Train_TripletLoss: 32.305
[2023-04-14 02:35:45,216][__main__][INFO] - Epoch:8 Train_KLLoss: 19.097
[2023-04-14 02:35:45,216][__main__][INFO] - Epoch:8 Val_TotalLoss: 1332.659
[2023-04-14 02:35:45,216][__main__][INFO] - Epoch:8 Val_ReconLoss: 164.198
[2023-04-14 02:35:45,216][__main__][INFO] - Epoch:8 Val_RegLoss: 1116.390
[2023-04-14 02:35:45,216][__main__][INFO] - Epoch:8 Val_TripletLoss: 32.513
[2023-04-14 02:35:45,216][__main__][INFO] - Epoch:8 Val_KLLoss: 19.559
[2023-04-14 02:35:45,216][__main__][INFO] - Epoch:8 Test_score: 1120.163
[2023-04-14 02:35:45,216][__main__][INFO] - Epoch:8 Test_RMSE: 26.686
[2023-04-14 02:35:47,986][__main__][INFO] - Epoch:9 Train_TotalLoss: 1293.436
[2023-04-14 02:35:47,987][__main__][INFO] - Epoch:9 Train_ReconLoss: 145.881
[2023-04-14 02:35:47,987][__main__][INFO] - Epoch:9 Train_RegLoss: 1097.854
[2023-04-14 02:35:47,987][__main__][INFO] - Epoch:9 Train_TripletLoss: 32.077
[2023-04-14 02:35:47,987][__main__][INFO] - Epoch:9 Train_KLLoss: 17.624
[2023-04-14 02:35:47,987][__main__][INFO] - Epoch:9 Val_TotalLoss: 1154.243
[2023-04-14 02:35:47,987][__main__][INFO] - Epoch:9 Val_ReconLoss: 183.672
[2023-04-14 02:35:47,987][__main__][INFO] - Epoch:9 Val_RegLoss: 920.169
[2023-04-14 02:35:47,987][__main__][INFO] - Epoch:9 Val_TripletLoss: 31.893
[2023-04-14 02:35:47,987][__main__][INFO] - Epoch:9 Val_KLLoss: 18.509
[2023-04-14 02:35:47,987][__main__][INFO] - Epoch:9 Test_score: 833.831
[2023-04-14 02:35:47,987][__main__][INFO] - Epoch:9 Test_RMSE: 24.238
[2023-04-14 02:35:50,854][__main__][INFO] - Epoch:10 Train_TotalLoss: 1121.973
[2023-04-14 02:35:50,854][__main__][INFO] - Epoch:10 Train_ReconLoss: 148.495
[2023-04-14 02:35:50,854][__main__][INFO] - Epoch:10 Train_RegLoss: 924.449
[2023-04-14 02:35:50,854][__main__][INFO] - Epoch:10 Train_TripletLoss: 32.271
[2023-04-14 02:35:50,854][__main__][INFO] - Epoch:10 Train_KLLoss: 16.758
[2023-04-14 02:35:50,854][__main__][INFO] - Epoch:10 Val_TotalLoss: 1042.625
[2023-04-14 02:35:50,854][__main__][INFO] - Epoch:10 Val_ReconLoss: 163.653
[2023-04-14 02:35:50,854][__main__][INFO] - Epoch:10 Val_RegLoss: 831.625
[2023-04-14 02:35:50,854][__main__][INFO] - Epoch:10 Val_TripletLoss: 31.056
[2023-04-14 02:35:50,854][__main__][INFO] - Epoch:10 Val_KLLoss: 16.291
[2023-04-14 02:35:50,854][__main__][INFO] - Epoch:10 Test_score: 571.266
[2023-04-14 02:35:50,855][__main__][INFO] - Epoch:10 Test_RMSE: 21.166
[2023-04-14 02:35:53,631][__main__][INFO] - Epoch:11 Train_TotalLoss: 986.239
[2023-04-14 02:35:53,631][__main__][INFO] - Epoch:11 Train_ReconLoss: 139.369
[2023-04-14 02:35:53,631][__main__][INFO] - Epoch:11 Train_RegLoss: 800.082
[2023-04-14 02:35:53,631][__main__][INFO] - Epoch:11 Train_TripletLoss: 31.437
[2023-04-14 02:35:53,631][__main__][INFO] - Epoch:11 Train_KLLoss: 15.351
[2023-04-14 02:35:53,631][__main__][INFO] - Epoch:11 Val_TotalLoss: 917.586
[2023-04-14 02:35:53,631][__main__][INFO] - Epoch:11 Val_ReconLoss: 163.259
[2023-04-14 02:35:53,631][__main__][INFO] - Epoch:11 Val_RegLoss: 708.447
[2023-04-14 02:35:53,631][__main__][INFO] - Epoch:11 Val_TripletLoss: 30.646
[2023-04-14 02:35:53,631][__main__][INFO] - Epoch:11 Val_KLLoss: 15.234
[2023-04-14 02:35:53,631][__main__][INFO] - Epoch:11 Test_score: 434.233
[2023-04-14 02:35:53,631][__main__][INFO] - Epoch:11 Test_RMSE: 18.811
[2023-04-14 02:35:56,553][__main__][INFO] - Epoch:12 Train_TotalLoss: 896.731
[2023-04-14 02:35:56,553][__main__][INFO] - Epoch:12 Train_ReconLoss: 138.671
[2023-04-14 02:35:56,554][__main__][INFO] - Epoch:12 Train_RegLoss: 711.802
[2023-04-14 02:35:56,554][__main__][INFO] - Epoch:12 Train_TripletLoss: 31.300
[2023-04-14 02:35:56,554][__main__][INFO] - Epoch:12 Train_KLLoss: 14.959
[2023-04-14 02:35:56,554][__main__][INFO] - Epoch:12 Val_TotalLoss: 885.265
[2023-04-14 02:35:56,554][__main__][INFO] - Epoch:12 Val_ReconLoss: 163.960
[2023-04-14 02:35:56,554][__main__][INFO] - Epoch:12 Val_RegLoss: 673.706
[2023-04-14 02:35:56,554][__main__][INFO] - Epoch:12 Val_TripletLoss: 31.965
[2023-04-14 02:35:56,554][__main__][INFO] - Epoch:12 Val_KLLoss: 15.634
[2023-04-14 02:35:56,554][__main__][INFO] - Epoch:12 Test_score: 370.128
[2023-04-14 02:35:56,554][__main__][INFO] - Epoch:12 Test_RMSE: 16.968
[2023-04-14 02:35:59,273][__main__][INFO] - Epoch:13 Train_TotalLoss: 844.783
[2023-04-14 02:35:59,273][__main__][INFO] - Epoch:13 Train_ReconLoss: 136.693
[2023-04-14 02:35:59,273][__main__][INFO] - Epoch:13 Train_RegLoss: 662.676
[2023-04-14 02:35:59,273][__main__][INFO] - Epoch:13 Train_TripletLoss: 31.259
[2023-04-14 02:35:59,273][__main__][INFO] - Epoch:13 Train_KLLoss: 14.154
[2023-04-14 02:35:59,273][__main__][INFO] - Epoch:13 Val_TotalLoss: 831.478
[2023-04-14 02:35:59,273][__main__][INFO] - Epoch:13 Val_ReconLoss: 161.273
[2023-04-14 02:35:59,273][__main__][INFO] - Epoch:13 Val_RegLoss: 624.888
[2023-04-14 02:35:59,273][__main__][INFO] - Epoch:13 Val_TripletLoss: 31.006
[2023-04-14 02:35:59,273][__main__][INFO] - Epoch:13 Val_KLLoss: 14.311
[2023-04-14 02:35:59,273][__main__][INFO] - Epoch:13 Test_score: 497.071
[2023-04-14 02:35:59,274][__main__][INFO] - Epoch:13 Test_RMSE: 16.974
[2023-04-14 02:36:02,149][__main__][INFO] - Epoch:14 Train_TotalLoss: 790.308
[2023-04-14 02:36:02,149][__main__][INFO] - Epoch:14 Train_ReconLoss: 140.359
[2023-04-14 02:36:02,149][__main__][INFO] - Epoch:14 Train_RegLoss: 605.261
[2023-04-14 02:36:02,149][__main__][INFO] - Epoch:14 Train_TripletLoss: 31.244
[2023-04-14 02:36:02,149][__main__][INFO] - Epoch:14 Train_KLLoss: 13.445
[2023-04-14 02:36:02,149][__main__][INFO] - Epoch:14 Val_TotalLoss: 782.489
[2023-04-14 02:36:02,149][__main__][INFO] - Epoch:14 Val_ReconLoss: 168.035
[2023-04-14 02:36:02,149][__main__][INFO] - Epoch:14 Val_RegLoss: 566.956
[2023-04-14 02:36:02,149][__main__][INFO] - Epoch:14 Val_TripletLoss: 34.209
[2023-04-14 02:36:02,149][__main__][INFO] - Epoch:14 Val_KLLoss: 13.289
[2023-04-14 02:36:02,149][__main__][INFO] - Epoch:14 Test_score: 438.953
[2023-04-14 02:36:02,149][__main__][INFO] - Epoch:14 Test_RMSE: 15.725
[2023-04-14 02:36:04,884][__main__][INFO] - Epoch:15 Train_TotalLoss: 768.762
[2023-04-14 02:36:04,885][__main__][INFO] - Epoch:15 Train_ReconLoss: 138.268
[2023-04-14 02:36:04,885][__main__][INFO] - Epoch:15 Train_RegLoss: 586.174
[2023-04-14 02:36:04,885][__main__][INFO] - Epoch:15 Train_TripletLoss: 31.486
[2023-04-14 02:36:04,885][__main__][INFO] - Epoch:15 Train_KLLoss: 12.834
[2023-04-14 02:36:04,885][__main__][INFO] - Epoch:15 Val_TotalLoss: 798.205
[2023-04-14 02:36:04,885][__main__][INFO] - Epoch:15 Val_ReconLoss: 159.837
[2023-04-14 02:36:04,885][__main__][INFO] - Epoch:15 Val_RegLoss: 593.666
[2023-04-14 02:36:04,885][__main__][INFO] - Epoch:15 Val_TripletLoss: 31.934
[2023-04-14 02:36:04,885][__main__][INFO] - Epoch:15 Val_KLLoss: 12.768
[2023-04-14 02:36:04,885][__main__][INFO] - Epoch:15 Test_score: 411.991
[2023-04-14 02:36:04,885][__main__][INFO] - Epoch:15 Test_RMSE: 14.803
[2023-04-14 02:36:07,845][__main__][INFO] - Epoch:16 Train_TotalLoss: 720.583
[2023-04-14 02:36:07,845][__main__][INFO] - Epoch:16 Train_ReconLoss: 135.086
[2023-04-14 02:36:07,845][__main__][INFO] - Epoch:16 Train_RegLoss: 542.466
[2023-04-14 02:36:07,845][__main__][INFO] - Epoch:16 Train_TripletLoss: 30.719
[2023-04-14 02:36:07,845][__main__][INFO] - Epoch:16 Train_KLLoss: 12.312
[2023-04-14 02:36:07,845][__main__][INFO] - Epoch:16 Val_TotalLoss: 782.854
[2023-04-14 02:36:07,845][__main__][INFO] - Epoch:16 Val_ReconLoss: 157.139
[2023-04-14 02:36:07,845][__main__][INFO] - Epoch:16 Val_RegLoss: 581.521
[2023-04-14 02:36:07,845][__main__][INFO] - Epoch:16 Val_TripletLoss: 31.601
[2023-04-14 02:36:07,845][__main__][INFO] - Epoch:16 Val_KLLoss: 12.593
[2023-04-14 02:36:07,845][__main__][INFO] - Epoch:16 Test_score: 264.616
[2023-04-14 02:36:07,845][__main__][INFO] - Epoch:16 Test_RMSE: 13.165
[2023-04-14 02:36:10,661][__main__][INFO] - Epoch:17 Train_TotalLoss: 712.085
[2023-04-14 02:36:10,661][__main__][INFO] - Epoch:17 Train_ReconLoss: 134.331
[2023-04-14 02:36:10,661][__main__][INFO] - Epoch:17 Train_RegLoss: 535.128
[2023-04-14 02:36:10,661][__main__][INFO] - Epoch:17 Train_TripletLoss: 30.633
[2023-04-14 02:36:10,661][__main__][INFO] - Epoch:17 Train_KLLoss: 11.993
[2023-04-14 02:36:10,661][__main__][INFO] - Epoch:17 Val_TotalLoss: 757.197
[2023-04-14 02:36:10,661][__main__][INFO] - Epoch:17 Val_ReconLoss: 160.464
[2023-04-14 02:36:10,661][__main__][INFO] - Epoch:17 Val_RegLoss: 554.898
[2023-04-14 02:36:10,661][__main__][INFO] - Epoch:17 Val_TripletLoss: 29.290
[2023-04-14 02:36:10,661][__main__][INFO] - Epoch:17 Val_KLLoss: 12.545
[2023-04-14 02:36:10,661][__main__][INFO] - Epoch:17 Test_score: 381.594
[2023-04-14 02:36:10,661][__main__][INFO] - Epoch:17 Test_RMSE: 12.719
[2023-04-14 02:36:13,445][__main__][INFO] - Epoch:18 Train_TotalLoss: 689.882
[2023-04-14 02:36:13,445][__main__][INFO] - Epoch:18 Train_ReconLoss: 134.194
[2023-04-14 02:36:13,445][__main__][INFO] - Epoch:18 Train_RegLoss: 513.409
[2023-04-14 02:36:13,445][__main__][INFO] - Epoch:18 Train_TripletLoss: 30.682
[2023-04-14 02:36:13,445][__main__][INFO] - Epoch:18 Train_KLLoss: 11.598
[2023-04-14 02:36:13,445][__main__][INFO] - Epoch:18 Val_TotalLoss: 754.154
[2023-04-14 02:36:13,445][__main__][INFO] - Epoch:18 Val_ReconLoss: 160.304
[2023-04-14 02:36:13,445][__main__][INFO] - Epoch:18 Val_RegLoss: 552.488
[2023-04-14 02:36:13,445][__main__][INFO] - Epoch:18 Val_TripletLoss: 29.487
[2023-04-14 02:36:13,445][__main__][INFO] - Epoch:18 Val_KLLoss: 11.875
[2023-04-14 02:36:13,445][__main__][INFO] - Epoch:18 Test_score: 452.517
[2023-04-14 02:36:13,445][__main__][INFO] - Epoch:18 Test_RMSE: 13.127
[2023-04-14 02:36:16,244][__main__][INFO] - Epoch:19 Train_TotalLoss: 687.623
[2023-04-14 02:36:16,244][__main__][INFO] - Epoch:19 Train_ReconLoss: 139.322
[2023-04-14 02:36:16,244][__main__][INFO] - Epoch:19 Train_RegLoss: 506.256
[2023-04-14 02:36:16,244][__main__][INFO] - Epoch:19 Train_TripletLoss: 30.479
[2023-04-14 02:36:16,245][__main__][INFO] - Epoch:19 Train_KLLoss: 11.566
[2023-04-14 02:36:16,245][__main__][INFO] - Epoch:19 Val_TotalLoss: 721.288
[2023-04-14 02:36:16,245][__main__][INFO] - Epoch:19 Val_ReconLoss: 158.667
[2023-04-14 02:36:16,245][__main__][INFO] - Epoch:19 Val_RegLoss: 520.753
[2023-04-14 02:36:16,245][__main__][INFO] - Epoch:19 Val_TripletLoss: 29.829
[2023-04-14 02:36:16,245][__main__][INFO] - Epoch:19 Val_KLLoss: 12.039
[2023-04-14 02:36:16,245][__main__][INFO] - Epoch:19 Test_score: 463.588
[2023-04-14 02:36:16,245][__main__][INFO] - Epoch:19 Test_RMSE: 12.266
[2023-04-14 02:36:19,020][__main__][INFO] - Epoch:20 Train_TotalLoss: 677.792
[2023-04-14 02:36:19,020][__main__][INFO] - Epoch:20 Train_ReconLoss: 134.415
[2023-04-14 02:36:19,020][__main__][INFO] - Epoch:20 Train_RegLoss: 501.156
[2023-04-14 02:36:19,020][__main__][INFO] - Epoch:20 Train_TripletLoss: 30.979
[2023-04-14 02:36:19,020][__main__][INFO] - Epoch:20 Train_KLLoss: 11.242
[2023-04-14 02:36:19,021][__main__][INFO] - Epoch:20 Val_TotalLoss: 741.169
[2023-04-14 02:36:19,021][__main__][INFO] - Epoch:20 Val_ReconLoss: 156.418
[2023-04-14 02:36:19,021][__main__][INFO] - Epoch:20 Val_RegLoss: 542.329
[2023-04-14 02:36:19,021][__main__][INFO] - Epoch:20 Val_TripletLoss: 31.159
[2023-04-14 02:36:19,021][__main__][INFO] - Epoch:20 Val_KLLoss: 11.263
[2023-04-14 02:36:19,021][__main__][INFO] - Epoch:20 Test_score: 523.324
[2023-04-14 02:36:19,021][__main__][INFO] - Epoch:20 Test_RMSE: 12.688
[2023-04-14 02:36:21,829][__main__][INFO] - Epoch:21 Train_TotalLoss: 670.991
[2023-04-14 02:36:21,829][__main__][INFO] - Epoch:21 Train_ReconLoss: 133.862
[2023-04-14 02:36:21,829][__main__][INFO] - Epoch:21 Train_RegLoss: 495.637
[2023-04-14 02:36:21,829][__main__][INFO] - Epoch:21 Train_TripletLoss: 30.646
[2023-04-14 02:36:21,829][__main__][INFO] - Epoch:21 Train_KLLoss: 10.845
[2023-04-14 02:36:21,829][__main__][INFO] - Epoch:21 Val_TotalLoss: 724.191
[2023-04-14 02:36:21,829][__main__][INFO] - Epoch:21 Val_ReconLoss: 156.730
[2023-04-14 02:36:21,829][__main__][INFO] - Epoch:21 Val_RegLoss: 524.932
[2023-04-14 02:36:21,829][__main__][INFO] - Epoch:21 Val_TripletLoss: 31.390
[2023-04-14 02:36:21,829][__main__][INFO] - Epoch:21 Val_KLLoss: 11.139
[2023-04-14 02:36:21,830][__main__][INFO] - Epoch:21 Test_score: 489.960
[2023-04-14 02:36:21,830][__main__][INFO] - Epoch:21 Test_RMSE: 11.966
[2023-04-14 02:36:24,638][__main__][INFO] - Epoch:22 Train_TotalLoss: 659.321
[2023-04-14 02:36:24,638][__main__][INFO] - Epoch:22 Train_ReconLoss: 133.278
[2023-04-14 02:36:24,638][__main__][INFO] - Epoch:22 Train_RegLoss: 485.586
[2023-04-14 02:36:24,639][__main__][INFO] - Epoch:22 Train_TripletLoss: 29.955
[2023-04-14 02:36:24,639][__main__][INFO] - Epoch:22 Train_KLLoss: 10.502
[2023-04-14 02:36:24,639][__main__][INFO] - Epoch:22 Val_TotalLoss: 685.288
[2023-04-14 02:36:24,639][__main__][INFO] - Epoch:22 Val_ReconLoss: 155.940
[2023-04-14 02:36:24,639][__main__][INFO] - Epoch:22 Val_RegLoss: 488.998
[2023-04-14 02:36:24,639][__main__][INFO] - Epoch:22 Val_TripletLoss: 29.292
[2023-04-14 02:36:24,639][__main__][INFO] - Epoch:22 Val_KLLoss: 11.057
[2023-04-14 02:36:24,639][__main__][INFO] - Epoch:22 Test_score: 237.183
[2023-04-14 02:36:24,639][__main__][INFO] - Epoch:22 Test_RMSE: 11.895
[2023-04-14 02:36:27,450][__main__][INFO] - Epoch:23 Train_TotalLoss: 660.603
[2023-04-14 02:36:27,450][__main__][INFO] - Epoch:23 Train_ReconLoss: 132.180
[2023-04-14 02:36:27,450][__main__][INFO] - Epoch:23 Train_RegLoss: 487.876
[2023-04-14 02:36:27,450][__main__][INFO] - Epoch:23 Train_TripletLoss: 30.082
[2023-04-14 02:36:27,450][__main__][INFO] - Epoch:23 Train_KLLoss: 10.465
[2023-04-14 02:36:27,450][__main__][INFO] - Epoch:23 Val_TotalLoss: 708.489
[2023-04-14 02:36:27,451][__main__][INFO] - Epoch:23 Val_ReconLoss: 155.920
[2023-04-14 02:36:27,451][__main__][INFO] - Epoch:23 Val_RegLoss: 510.506
[2023-04-14 02:36:27,451][__main__][INFO] - Epoch:23 Val_TripletLoss: 30.745
[2023-04-14 02:36:27,451][__main__][INFO] - Epoch:23 Val_KLLoss: 11.318
[2023-04-14 02:36:27,451][__main__][INFO] - Epoch:23 Test_score: 618.337
[2023-04-14 02:36:27,451][__main__][INFO] - Epoch:23 Test_RMSE: 12.545
[2023-04-14 02:36:30,221][__main__][INFO] - Epoch:24 Train_TotalLoss: 683.176
[2023-04-14 02:36:30,221][__main__][INFO] - Epoch:24 Train_ReconLoss: 146.689
[2023-04-14 02:36:30,221][__main__][INFO] - Epoch:24 Train_RegLoss: 494.504
[2023-04-14 02:36:30,221][__main__][INFO] - Epoch:24 Train_TripletLoss: 31.474
[2023-04-14 02:36:30,221][__main__][INFO] - Epoch:24 Train_KLLoss: 10.509
[2023-04-14 02:36:30,221][__main__][INFO] - Epoch:24 Val_TotalLoss: 711.714
[2023-04-14 02:36:30,221][__main__][INFO] - Epoch:24 Val_ReconLoss: 167.886
[2023-04-14 02:36:30,221][__main__][INFO] - Epoch:24 Val_RegLoss: 500.308
[2023-04-14 02:36:30,221][__main__][INFO] - Epoch:24 Val_TripletLoss: 32.618
[2023-04-14 02:36:30,222][__main__][INFO] - Epoch:24 Val_KLLoss: 10.902
[2023-04-14 02:36:30,222][__main__][INFO] - Epoch:24 Test_score: 653.492
[2023-04-14 02:36:30,222][__main__][INFO] - Epoch:24 Test_RMSE: 12.536
[2023-04-14 02:36:33,097][__main__][INFO] - Epoch:25 Train_TotalLoss: 663.782
[2023-04-14 02:36:33,097][__main__][INFO] - Epoch:25 Train_ReconLoss: 139.981
[2023-04-14 02:36:33,097][__main__][INFO] - Epoch:25 Train_RegLoss: 482.163
[2023-04-14 02:36:33,097][__main__][INFO] - Epoch:25 Train_TripletLoss: 31.343
[2023-04-14 02:36:33,097][__main__][INFO] - Epoch:25 Train_KLLoss: 10.295
[2023-04-14 02:36:33,097][__main__][INFO] - Epoch:25 Val_TotalLoss: 714.152
[2023-04-14 02:36:33,097][__main__][INFO] - Epoch:25 Val_ReconLoss: 161.462
[2023-04-14 02:36:33,097][__main__][INFO] - Epoch:25 Val_RegLoss: 509.953
[2023-04-14 02:36:33,097][__main__][INFO] - Epoch:25 Val_TripletLoss: 31.867
[2023-04-14 02:36:33,097][__main__][INFO] - Epoch:25 Val_KLLoss: 10.870
[2023-04-14 02:36:33,097][__main__][INFO] - Epoch:25 Test_score: 265.118
[2023-04-14 02:36:33,097][__main__][INFO] - Epoch:25 Test_RMSE: 12.043
[2023-04-14 02:36:35,909][__main__][INFO] - Epoch:26 Train_TotalLoss: 658.286
[2023-04-14 02:36:35,909][__main__][INFO] - Epoch:26 Train_ReconLoss: 137.429
[2023-04-14 02:36:35,909][__main__][INFO] - Epoch:26 Train_RegLoss: 479.802
[2023-04-14 02:36:35,909][__main__][INFO] - Epoch:26 Train_TripletLoss: 30.926
[2023-04-14 02:36:35,909][__main__][INFO] - Epoch:26 Train_KLLoss: 10.130
[2023-04-14 02:36:35,909][__main__][INFO] - Epoch:26 Val_TotalLoss: 735.453
[2023-04-14 02:36:35,909][__main__][INFO] - Epoch:26 Val_ReconLoss: 159.629
[2023-04-14 02:36:35,909][__main__][INFO] - Epoch:26 Val_RegLoss: 531.369
[2023-04-14 02:36:35,909][__main__][INFO] - Epoch:26 Val_TripletLoss: 33.849
[2023-04-14 02:36:35,909][__main__][INFO] - Epoch:26 Val_KLLoss: 10.606
[2023-04-14 02:36:35,909][__main__][INFO] - Epoch:26 Test_score: 231.588
[2023-04-14 02:36:35,909][__main__][INFO] - Epoch:26 Test_RMSE: 11.727
[2023-04-14 02:36:38,768][__main__][INFO] - Epoch:27 Train_TotalLoss: 665.866
[2023-04-14 02:36:38,768][__main__][INFO] - Epoch:27 Train_ReconLoss: 134.988
[2023-04-14 02:36:38,768][__main__][INFO] - Epoch:27 Train_RegLoss: 489.048
[2023-04-14 02:36:38,768][__main__][INFO] - Epoch:27 Train_TripletLoss: 31.882
[2023-04-14 02:36:38,768][__main__][INFO] - Epoch:27 Train_KLLoss: 9.948
[2023-04-14 02:36:38,768][__main__][INFO] - Epoch:27 Val_TotalLoss: 723.884
[2023-04-14 02:36:38,768][__main__][INFO] - Epoch:27 Val_ReconLoss: 157.724
[2023-04-14 02:36:38,769][__main__][INFO] - Epoch:27 Val_RegLoss: 521.394
[2023-04-14 02:36:38,769][__main__][INFO] - Epoch:27 Val_TripletLoss: 34.705
[2023-04-14 02:36:38,769][__main__][INFO] - Epoch:27 Val_KLLoss: 10.060
[2023-04-14 02:36:38,769][__main__][INFO] - Epoch:27 Test_score: 250.937
[2023-04-14 02:36:38,769][__main__][INFO] - Epoch:27 Test_RMSE: 11.803
[2023-04-14 02:36:41,581][__main__][INFO] - Epoch:28 Train_TotalLoss: 640.891
[2023-04-14 02:36:41,581][__main__][INFO] - Epoch:28 Train_ReconLoss: 134.904
[2023-04-14 02:36:41,581][__main__][INFO] - Epoch:28 Train_RegLoss: 464.854
[2023-04-14 02:36:41,581][__main__][INFO] - Epoch:28 Train_TripletLoss: 31.033
[2023-04-14 02:36:41,581][__main__][INFO] - Epoch:28 Train_KLLoss: 10.099
[2023-04-14 02:36:41,582][__main__][INFO] - Epoch:28 Val_TotalLoss: 713.409
[2023-04-14 02:36:41,582][__main__][INFO] - Epoch:28 Val_ReconLoss: 157.462
[2023-04-14 02:36:41,582][__main__][INFO] - Epoch:28 Val_RegLoss: 513.215
[2023-04-14 02:36:41,582][__main__][INFO] - Epoch:28 Val_TripletLoss: 32.236
[2023-04-14 02:36:41,582][__main__][INFO] - Epoch:28 Val_KLLoss: 10.496
[2023-04-14 02:36:41,582][__main__][INFO] - Epoch:28 Test_score: 187.959
[2023-04-14 02:36:41,582][__main__][INFO] - Epoch:28 Test_RMSE: 11.674
[2023-04-14 02:36:44,484][__main__][INFO] - Epoch:29 Train_TotalLoss: 642.072
[2023-04-14 02:36:44,484][__main__][INFO] - Epoch:29 Train_ReconLoss: 133.737
[2023-04-14 02:36:44,484][__main__][INFO] - Epoch:29 Train_RegLoss: 467.063
[2023-04-14 02:36:44,484][__main__][INFO] - Epoch:29 Train_TripletLoss: 31.344
[2023-04-14 02:36:44,484][__main__][INFO] - Epoch:29 Train_KLLoss: 9.928
[2023-04-14 02:36:44,484][__main__][INFO] - Epoch:29 Val_TotalLoss: 710.857
[2023-04-14 02:36:44,484][__main__][INFO] - Epoch:29 Val_ReconLoss: 157.275
[2023-04-14 02:36:44,484][__main__][INFO] - Epoch:29 Val_RegLoss: 509.690
[2023-04-14 02:36:44,484][__main__][INFO] - Epoch:29 Val_TripletLoss: 33.577
[2023-04-14 02:36:44,484][__main__][INFO] - Epoch:29 Val_KLLoss: 10.315
[2023-04-14 02:36:44,484][__main__][INFO] - Epoch:29 Test_score: 244.689
[2023-04-14 02:36:44,484][__main__][INFO] - Epoch:29 Test_RMSE: 12.341
[2023-04-14 02:36:47,389][__main__][INFO] - Epoch:30 Train_TotalLoss: 654.100
[2023-04-14 02:36:47,389][__main__][INFO] - Epoch:30 Train_ReconLoss: 137.239
[2023-04-14 02:36:47,389][__main__][INFO] - Epoch:30 Train_RegLoss: 475.721
[2023-04-14 02:36:47,389][__main__][INFO] - Epoch:30 Train_TripletLoss: 31.216
[2023-04-14 02:36:47,389][__main__][INFO] - Epoch:30 Train_KLLoss: 9.924
[2023-04-14 02:36:47,389][__main__][INFO] - Epoch:30 Val_TotalLoss: 757.903
[2023-04-14 02:36:47,389][__main__][INFO] - Epoch:30 Val_ReconLoss: 167.903
[2023-04-14 02:36:47,389][__main__][INFO] - Epoch:30 Val_RegLoss: 548.253
[2023-04-14 02:36:47,389][__main__][INFO] - Epoch:30 Val_TripletLoss: 31.114
[2023-04-14 02:36:47,389][__main__][INFO] - Epoch:30 Val_KLLoss: 10.632
[2023-04-14 02:36:47,389][__main__][INFO] - Epoch:30 Test_score: 262.575
[2023-04-14 02:36:47,389][__main__][INFO] - Epoch:30 Test_RMSE: 12.904
[2023-04-14 02:36:50,103][__main__][INFO] - Epoch:31 Train_TotalLoss: 649.772
[2023-04-14 02:36:50,103][__main__][INFO] - Epoch:31 Train_ReconLoss: 137.113
[2023-04-14 02:36:50,103][__main__][INFO] - Epoch:31 Train_RegLoss: 471.584
[2023-04-14 02:36:50,103][__main__][INFO] - Epoch:31 Train_TripletLoss: 31.315
[2023-04-14 02:36:50,103][__main__][INFO] - Epoch:31 Train_KLLoss: 9.759
[2023-04-14 02:36:50,103][__main__][INFO] - Epoch:31 Val_TotalLoss: 688.261
[2023-04-14 02:36:50,103][__main__][INFO] - Epoch:31 Val_ReconLoss: 157.295
[2023-04-14 02:36:50,103][__main__][INFO] - Epoch:31 Val_RegLoss: 489.962
[2023-04-14 02:36:50,103][__main__][INFO] - Epoch:31 Val_TripletLoss: 31.067
[2023-04-14 02:36:50,103][__main__][INFO] - Epoch:31 Val_KLLoss: 9.937
[2023-04-14 02:36:50,103][__main__][INFO] - Epoch:31 Test_score: 241.146
[2023-04-14 02:36:50,103][__main__][INFO] - Epoch:31 Test_RMSE: 12.031
[2023-04-14 02:36:52,962][__main__][INFO] - Epoch:32 Train_TotalLoss: 632.865
[2023-04-14 02:36:52,962][__main__][INFO] - Epoch:32 Train_ReconLoss: 133.542
[2023-04-14 02:36:52,963][__main__][INFO] - Epoch:32 Train_RegLoss: 459.275
[2023-04-14 02:36:52,963][__main__][INFO] - Epoch:32 Train_TripletLoss: 30.355
[2023-04-14 02:36:52,963][__main__][INFO] - Epoch:32 Train_KLLoss: 9.694
[2023-04-14 02:36:52,963][__main__][INFO] - Epoch:32 Val_TotalLoss: 707.018
[2023-04-14 02:36:52,963][__main__][INFO] - Epoch:32 Val_ReconLoss: 154.355
[2023-04-14 02:36:52,963][__main__][INFO] - Epoch:32 Val_RegLoss: 511.447
[2023-04-14 02:36:52,963][__main__][INFO] - Epoch:32 Val_TripletLoss: 30.761
[2023-04-14 02:36:52,963][__main__][INFO] - Epoch:32 Val_KLLoss: 10.455
[2023-04-14 02:36:52,963][__main__][INFO] - Epoch:32 Test_score: 242.431
[2023-04-14 02:36:52,963][__main__][INFO] - Epoch:32 Test_RMSE: 11.669
[2023-04-14 02:36:55,709][__main__][INFO] - Epoch:33 Train_TotalLoss: 635.066
[2023-04-14 02:36:55,709][__main__][INFO] - Epoch:33 Train_ReconLoss: 131.856
[2023-04-14 02:36:55,709][__main__][INFO] - Epoch:33 Train_RegLoss: 463.233
[2023-04-14 02:36:55,709][__main__][INFO] - Epoch:33 Train_TripletLoss: 30.280
[2023-04-14 02:36:55,709][__main__][INFO] - Epoch:33 Train_KLLoss: 9.697
[2023-04-14 02:36:55,709][__main__][INFO] - Epoch:33 Val_TotalLoss: 707.586
[2023-04-14 02:36:55,710][__main__][INFO] - Epoch:33 Val_ReconLoss: 154.903
[2023-04-14 02:36:55,710][__main__][INFO] - Epoch:33 Val_RegLoss: 510.641
[2023-04-14 02:36:55,710][__main__][INFO] - Epoch:33 Val_TripletLoss: 31.688
[2023-04-14 02:36:55,710][__main__][INFO] - Epoch:33 Val_KLLoss: 10.355
[2023-04-14 02:36:55,710][__main__][INFO] - Epoch:33 Test_score: 246.702
[2023-04-14 02:36:55,710][__main__][INFO] - Epoch:33 Test_RMSE: 12.031
[2023-04-14 02:36:58,500][__main__][INFO] - Epoch:34 Train_TotalLoss: 653.704
[2023-04-14 02:36:58,500][__main__][INFO] - Epoch:34 Train_ReconLoss: 131.971
[2023-04-14 02:36:58,500][__main__][INFO] - Epoch:34 Train_RegLoss: 480.568
[2023-04-14 02:36:58,500][__main__][INFO] - Epoch:34 Train_TripletLoss: 31.282
[2023-04-14 02:36:58,501][__main__][INFO] - Epoch:34 Train_KLLoss: 9.884
[2023-04-14 02:36:58,501][__main__][INFO] - Epoch:34 Val_TotalLoss: 670.317
[2023-04-14 02:36:58,501][__main__][INFO] - Epoch:34 Val_ReconLoss: 153.748
[2023-04-14 02:36:58,501][__main__][INFO] - Epoch:34 Val_RegLoss: 475.401
[2023-04-14 02:36:58,501][__main__][INFO] - Epoch:34 Val_TripletLoss: 30.893
[2023-04-14 02:36:58,501][__main__][INFO] - Epoch:34 Val_KLLoss: 10.274
[2023-04-14 02:36:58,501][__main__][INFO] - Epoch:34 Test_score: 411.398
[2023-04-14 02:36:58,501][__main__][INFO] - Epoch:34 Test_RMSE: 12.734
