[2023-04-04 03:19:41,803][train][INFO] - Epoch:0 Train_TotalLoss: 5749.365
[2023-04-04 03:19:41,804][train][INFO] - Epoch:0 Train_ReconLoss: 73.174
[2023-04-04 03:19:41,804][train][INFO] - Epoch:0 Train_RegLoss: 5559.872
[2023-04-04 03:19:41,804][train][INFO] - Epoch:0 Train_TripletLoss: 74.584
[2023-04-04 03:19:41,804][train][INFO] - Epoch:0 Train_KLLoss: 41.735
[2023-04-04 03:19:41,804][train][INFO] - Epoch:0 Val_TotalLoss: 2500.241
[2023-04-04 03:19:41,804][train][INFO] - Epoch:0 Val_ReconLoss: 53.098
[2023-04-04 03:19:41,804][train][INFO] - Epoch:0 Val_RegLoss: 2339.271
[2023-04-04 03:19:41,804][train][INFO] - Epoch:0 Val_TripletLoss: 61.380
[2023-04-04 03:19:41,804][train][INFO] - Epoch:0 Val_KLLoss: 46.491
[2023-04-04 03:19:47,520][train][INFO] - Epoch:1 Train_TotalLoss: 1633.128
[2023-04-04 03:19:47,520][train][INFO] - Epoch:1 Train_ReconLoss: 55.522
[2023-04-04 03:19:47,520][train][INFO] - Epoch:1 Train_RegLoss: 1478.853
[2023-04-04 03:19:47,520][train][INFO] - Epoch:1 Train_TripletLoss: 59.558
[2023-04-04 03:19:47,520][train][INFO] - Epoch:1 Train_KLLoss: 39.195
[2023-04-04 03:19:47,520][train][INFO] - Epoch:1 Val_TotalLoss: 926.493
[2023-04-04 03:19:47,520][train][INFO] - Epoch:1 Val_ReconLoss: 53.217
[2023-04-04 03:19:47,520][train][INFO] - Epoch:1 Val_RegLoss: 777.859
[2023-04-04 03:19:47,520][train][INFO] - Epoch:1 Val_TripletLoss: 62.902
[2023-04-04 03:19:47,520][train][INFO] - Epoch:1 Val_KLLoss: 32.515
[2023-04-04 03:19:53,345][train][INFO] - Epoch:2 Train_TotalLoss: 662.200
[2023-04-04 03:19:53,345][train][INFO] - Epoch:2 Train_ReconLoss: 53.335
[2023-04-04 03:19:53,345][train][INFO] - Epoch:2 Train_RegLoss: 522.098
[2023-04-04 03:19:53,345][train][INFO] - Epoch:2 Train_TripletLoss: 62.309
[2023-04-04 03:19:53,345][train][INFO] - Epoch:2 Train_KLLoss: 24.458
[2023-04-04 03:19:53,345][train][INFO] - Epoch:2 Val_TotalLoss: 541.507
[2023-04-04 03:19:53,345][train][INFO] - Epoch:2 Val_ReconLoss: 33.636
[2023-04-04 03:19:53,345][train][INFO] - Epoch:2 Val_RegLoss: 422.564
[2023-04-04 03:19:53,345][train][INFO] - Epoch:2 Val_TripletLoss: 64.285
[2023-04-04 03:19:53,345][train][INFO] - Epoch:2 Val_KLLoss: 21.023
[2023-04-04 03:19:59,030][train][INFO] - Epoch:3 Train_TotalLoss: 414.916
[2023-04-04 03:19:59,030][train][INFO] - Epoch:3 Train_ReconLoss: 31.723
[2023-04-04 03:19:59,030][train][INFO] - Epoch:3 Train_RegLoss: 301.102
[2023-04-04 03:19:59,030][train][INFO] - Epoch:3 Train_TripletLoss: 64.571
[2023-04-04 03:19:59,030][train][INFO] - Epoch:3 Train_KLLoss: 17.521
[2023-04-04 03:19:59,030][train][INFO] - Epoch:3 Val_TotalLoss: 488.454
[2023-04-04 03:19:59,030][train][INFO] - Epoch:3 Val_ReconLoss: 27.401
[2023-04-04 03:19:59,030][train][INFO] - Epoch:3 Val_RegLoss: 378.686
[2023-04-04 03:19:59,030][train][INFO] - Epoch:3 Val_TripletLoss: 66.489
[2023-04-04 03:19:59,030][train][INFO] - Epoch:3 Val_KLLoss: 15.878
[2023-04-04 03:20:04,794][train][INFO] - Epoch:4 Train_TotalLoss: 359.757
[2023-04-04 03:20:04,794][train][INFO] - Epoch:4 Train_ReconLoss: 29.847
[2023-04-04 03:20:04,794][train][INFO] - Epoch:4 Train_RegLoss: 249.658
[2023-04-04 03:20:04,794][train][INFO] - Epoch:4 Train_TripletLoss: 66.292
[2023-04-04 03:20:04,794][train][INFO] - Epoch:4 Train_KLLoss: 13.960
[2023-04-04 03:20:04,794][train][INFO] - Epoch:4 Val_TotalLoss: 423.968
[2023-04-04 03:20:04,794][train][INFO] - Epoch:4 Val_ReconLoss: 27.818
[2023-04-04 03:20:04,794][train][INFO] - Epoch:4 Val_RegLoss: 315.508
[2023-04-04 03:20:04,794][train][INFO] - Epoch:4 Val_TripletLoss: 67.402
[2023-04-04 03:20:04,794][train][INFO] - Epoch:4 Val_KLLoss: 13.240
[2023-04-04 03:20:10,506][train][INFO] - Epoch:5 Train_TotalLoss: 332.551
[2023-04-04 03:20:10,506][train][INFO] - Epoch:5 Train_ReconLoss: 28.658
[2023-04-04 03:20:10,506][train][INFO] - Epoch:5 Train_RegLoss: 224.612
[2023-04-04 03:20:10,506][train][INFO] - Epoch:5 Train_TripletLoss: 66.922
[2023-04-04 03:20:10,506][train][INFO] - Epoch:5 Train_KLLoss: 12.359
[2023-04-04 03:20:10,506][train][INFO] - Epoch:5 Val_TotalLoss: 433.057
[2023-04-04 03:20:10,506][train][INFO] - Epoch:5 Val_ReconLoss: 28.363
[2023-04-04 03:20:10,506][train][INFO] - Epoch:5 Val_RegLoss: 323.741
[2023-04-04 03:20:10,506][train][INFO] - Epoch:5 Val_TripletLoss: 68.983
[2023-04-04 03:20:10,506][train][INFO] - Epoch:5 Val_KLLoss: 11.969
[2023-04-04 03:20:16,374][train][INFO] - Epoch:6 Train_TotalLoss: 325.933
[2023-04-04 03:20:16,374][train][INFO] - Epoch:6 Train_ReconLoss: 27.760
[2023-04-04 03:20:16,374][train][INFO] - Epoch:6 Train_RegLoss: 219.893
[2023-04-04 03:20:16,374][train][INFO] - Epoch:6 Train_TripletLoss: 66.410
[2023-04-04 03:20:16,374][train][INFO] - Epoch:6 Train_KLLoss: 11.870
[2023-04-04 03:20:16,374][train][INFO] - Epoch:6 Val_TotalLoss: 383.230
[2023-04-04 03:20:16,374][train][INFO] - Epoch:6 Val_ReconLoss: 26.957
[2023-04-04 03:20:16,375][train][INFO] - Epoch:6 Val_RegLoss: 277.990
[2023-04-04 03:20:16,375][train][INFO] - Epoch:6 Val_TripletLoss: 67.383
[2023-04-04 03:20:16,375][train][INFO] - Epoch:6 Val_KLLoss: 10.900
[2023-04-04 03:20:22,171][train][INFO] - Epoch:7 Train_TotalLoss: 313.018
[2023-04-04 03:20:22,171][train][INFO] - Epoch:7 Train_ReconLoss: 27.058
[2023-04-04 03:20:22,171][train][INFO] - Epoch:7 Train_RegLoss: 207.821
[2023-04-04 03:20:22,171][train][INFO] - Epoch:7 Train_TripletLoss: 66.536
[2023-04-04 03:20:22,171][train][INFO] - Epoch:7 Train_KLLoss: 11.603
[2023-04-04 03:20:22,171][train][INFO] - Epoch:7 Val_TotalLoss: 392.314
[2023-04-04 03:20:22,171][train][INFO] - Epoch:7 Val_ReconLoss: 26.773
[2023-04-04 03:20:22,171][train][INFO] - Epoch:7 Val_RegLoss: 286.416
[2023-04-04 03:20:22,171][train][INFO] - Epoch:7 Val_TripletLoss: 67.941
[2023-04-04 03:20:22,171][train][INFO] - Epoch:7 Val_KLLoss: 11.183
[2023-04-04 03:20:27,949][train][INFO] - Epoch:8 Train_TotalLoss: 308.118
[2023-04-04 03:20:27,949][train][INFO] - Epoch:8 Train_ReconLoss: 26.850
[2023-04-04 03:20:27,949][train][INFO] - Epoch:8 Train_RegLoss: 204.004
[2023-04-04 03:20:27,949][train][INFO] - Epoch:8 Train_TripletLoss: 65.969
[2023-04-04 03:20:27,949][train][INFO] - Epoch:8 Train_KLLoss: 11.295
[2023-04-04 03:20:27,949][train][INFO] - Epoch:8 Val_TotalLoss: 364.798
[2023-04-04 03:20:27,949][train][INFO] - Epoch:8 Val_ReconLoss: 26.243
[2023-04-04 03:20:27,949][train][INFO] - Epoch:8 Val_RegLoss: 258.060
[2023-04-04 03:20:27,949][train][INFO] - Epoch:8 Val_TripletLoss: 69.243
[2023-04-04 03:20:27,949][train][INFO] - Epoch:8 Val_KLLoss: 11.253
[2023-04-04 03:20:33,799][train][INFO] - Epoch:9 Train_TotalLoss: 305.638
[2023-04-04 03:20:33,799][train][INFO] - Epoch:9 Train_ReconLoss: 26.343
[2023-04-04 03:20:33,799][train][INFO] - Epoch:9 Train_RegLoss: 201.866
[2023-04-04 03:20:33,799][train][INFO] - Epoch:9 Train_TripletLoss: 66.146
[2023-04-04 03:20:33,799][train][INFO] - Epoch:9 Train_KLLoss: 11.283
[2023-04-04 03:20:33,799][train][INFO] - Epoch:9 Val_TotalLoss: 372.330
[2023-04-04 03:20:33,799][train][INFO] - Epoch:9 Val_ReconLoss: 26.254
[2023-04-04 03:20:33,799][train][INFO] - Epoch:9 Val_RegLoss: 266.128
[2023-04-04 03:20:33,799][train][INFO] - Epoch:9 Val_TripletLoss: 69.051
[2023-04-04 03:20:33,799][train][INFO] - Epoch:9 Val_KLLoss: 10.898
[2023-04-04 03:20:39,646][train][INFO] - Epoch:10 Train_TotalLoss: 302.926
[2023-04-04 03:20:39,646][train][INFO] - Epoch:10 Train_ReconLoss: 26.242
[2023-04-04 03:20:39,646][train][INFO] - Epoch:10 Train_RegLoss: 199.656
[2023-04-04 03:20:39,646][train][INFO] - Epoch:10 Train_TripletLoss: 65.775
[2023-04-04 03:20:39,646][train][INFO] - Epoch:10 Train_KLLoss: 11.253
[2023-04-04 03:20:39,646][train][INFO] - Epoch:10 Val_TotalLoss: 371.816
[2023-04-04 03:20:39,646][train][INFO] - Epoch:10 Val_ReconLoss: 26.395
[2023-04-04 03:20:39,646][train][INFO] - Epoch:10 Val_RegLoss: 265.393
[2023-04-04 03:20:39,646][train][INFO] - Epoch:10 Val_TripletLoss: 69.436
[2023-04-04 03:20:39,646][train][INFO] - Epoch:10 Val_KLLoss: 10.590
[2023-04-04 03:20:45,459][train][INFO] - Epoch:11 Train_TotalLoss: 298.931
[2023-04-04 03:20:45,459][train][INFO] - Epoch:11 Train_ReconLoss: 26.057
[2023-04-04 03:20:45,459][train][INFO] - Epoch:11 Train_RegLoss: 196.727
[2023-04-04 03:20:45,459][train][INFO] - Epoch:11 Train_TripletLoss: 64.843
[2023-04-04 03:20:45,459][train][INFO] - Epoch:11 Train_KLLoss: 11.304
[2023-04-04 03:20:45,459][train][INFO] - Epoch:11 Val_TotalLoss: 370.676
[2023-04-04 03:20:45,459][train][INFO] - Epoch:11 Val_ReconLoss: 26.615
[2023-04-04 03:20:45,459][train][INFO] - Epoch:11 Val_RegLoss: 262.780
[2023-04-04 03:20:45,459][train][INFO] - Epoch:11 Val_TripletLoss: 70.717
[2023-04-04 03:20:45,460][train][INFO] - Epoch:11 Val_KLLoss: 10.565
[2023-04-04 03:20:51,393][train][INFO] - Epoch:12 Train_TotalLoss: 298.339
[2023-04-04 03:20:51,394][train][INFO] - Epoch:12 Train_ReconLoss: 25.889
[2023-04-04 03:20:51,394][train][INFO] - Epoch:12 Train_RegLoss: 195.547
[2023-04-04 03:20:51,394][train][INFO] - Epoch:12 Train_TripletLoss: 65.808
[2023-04-04 03:20:51,394][train][INFO] - Epoch:12 Train_KLLoss: 11.095
[2023-04-04 03:20:51,394][train][INFO] - Epoch:12 Val_TotalLoss: 398.135
[2023-04-04 03:20:51,394][train][INFO] - Epoch:12 Val_ReconLoss: 25.393
[2023-04-04 03:20:51,394][train][INFO] - Epoch:12 Val_RegLoss: 293.448
[2023-04-04 03:20:51,394][train][INFO] - Epoch:12 Val_TripletLoss: 68.733
[2023-04-04 03:20:51,394][train][INFO] - Epoch:12 Val_KLLoss: 10.561
[2023-04-04 03:20:57,247][train][INFO] - Epoch:13 Train_TotalLoss: 292.908
[2023-04-04 03:20:57,248][train][INFO] - Epoch:13 Train_ReconLoss: 25.865
[2023-04-04 03:20:57,248][train][INFO] - Epoch:13 Train_RegLoss: 191.495
[2023-04-04 03:20:57,248][train][INFO] - Epoch:13 Train_TripletLoss: 64.336
[2023-04-04 03:20:57,248][train][INFO] - Epoch:13 Train_KLLoss: 11.213
[2023-04-04 03:20:57,248][train][INFO] - Epoch:13 Val_TotalLoss: 390.793
[2023-04-04 03:20:57,248][train][INFO] - Epoch:13 Val_ReconLoss: 24.857
[2023-04-04 03:20:57,248][train][INFO] - Epoch:13 Val_RegLoss: 285.193
[2023-04-04 03:20:57,248][train][INFO] - Epoch:13 Val_TripletLoss: 70.460
[2023-04-04 03:20:57,248][train][INFO] - Epoch:13 Val_KLLoss: 10.283
[2023-04-04 03:21:03,153][train][INFO] - Epoch:14 Train_TotalLoss: 289.761
[2023-04-04 03:21:03,154][train][INFO] - Epoch:14 Train_ReconLoss: 25.653
[2023-04-04 03:21:03,154][train][INFO] - Epoch:14 Train_RegLoss: 188.975
[2023-04-04 03:21:03,154][train][INFO] - Epoch:14 Train_TripletLoss: 64.005
[2023-04-04 03:21:03,154][train][INFO] - Epoch:14 Train_KLLoss: 11.128
[2023-04-04 03:21:03,154][train][INFO] - Epoch:14 Val_TotalLoss: 372.204
[2023-04-04 03:21:03,154][train][INFO] - Epoch:14 Val_ReconLoss: 25.095
[2023-04-04 03:21:03,154][train][INFO] - Epoch:14 Val_RegLoss: 267.842
[2023-04-04 03:21:03,154][train][INFO] - Epoch:14 Val_TripletLoss: 68.520
[2023-04-04 03:21:03,154][train][INFO] - Epoch:14 Val_KLLoss: 10.747
[2023-04-04 03:21:08,754][train][INFO] - Epoch:15 Train_TotalLoss: 292.437
[2023-04-04 03:21:08,754][train][INFO] - Epoch:15 Train_ReconLoss: 25.771
[2023-04-04 03:21:08,754][train][INFO] - Epoch:15 Train_RegLoss: 191.619
[2023-04-04 03:21:08,755][train][INFO] - Epoch:15 Train_TripletLoss: 63.874
[2023-04-04 03:21:08,755][train][INFO] - Epoch:15 Train_KLLoss: 11.172
[2023-04-04 03:21:08,755][train][INFO] - Epoch:15 Val_TotalLoss: 411.748
[2023-04-04 03:21:08,755][train][INFO] - Epoch:15 Val_ReconLoss: 25.910
[2023-04-04 03:21:08,755][train][INFO] - Epoch:15 Val_RegLoss: 307.226
[2023-04-04 03:21:08,755][train][INFO] - Epoch:15 Val_TripletLoss: 67.838
[2023-04-04 03:21:08,755][train][INFO] - Epoch:15 Val_KLLoss: 10.773
[2023-04-04 03:21:14,500][train][INFO] - Epoch:16 Train_TotalLoss: 291.851
[2023-04-04 03:21:14,500][train][INFO] - Epoch:16 Train_ReconLoss: 25.528
[2023-04-04 03:21:14,500][train][INFO] - Epoch:16 Train_RegLoss: 191.561
[2023-04-04 03:21:14,501][train][INFO] - Epoch:16 Train_TripletLoss: 63.654
[2023-04-04 03:21:14,501][train][INFO] - Epoch:16 Train_KLLoss: 11.108
[2023-04-04 03:21:14,501][train][INFO] - Epoch:16 Val_TotalLoss: 388.850
[2023-04-04 03:21:14,501][train][INFO] - Epoch:16 Val_ReconLoss: 25.654
[2023-04-04 03:21:14,501][train][INFO] - Epoch:16 Val_RegLoss: 282.559
[2023-04-04 03:21:14,501][train][INFO] - Epoch:16 Val_TripletLoss: 69.850
[2023-04-04 03:21:14,501][train][INFO] - Epoch:16 Val_KLLoss: 10.787
[2023-04-04 03:21:20,163][train][INFO] - Epoch:17 Train_TotalLoss: 287.241
[2023-04-04 03:21:20,163][train][INFO] - Epoch:17 Train_ReconLoss: 25.520
[2023-04-04 03:21:20,163][train][INFO] - Epoch:17 Train_RegLoss: 187.307
[2023-04-04 03:21:20,163][train][INFO] - Epoch:17 Train_TripletLoss: 63.227
[2023-04-04 03:21:20,163][train][INFO] - Epoch:17 Train_KLLoss: 11.187
[2023-04-04 03:21:20,163][train][INFO] - Epoch:17 Val_TotalLoss: 359.125
[2023-04-04 03:21:20,163][train][INFO] - Epoch:17 Val_ReconLoss: 24.479
[2023-04-04 03:21:20,163][train][INFO] - Epoch:17 Val_RegLoss: 256.884
[2023-04-04 03:21:20,163][train][INFO] - Epoch:17 Val_TripletLoss: 66.724
[2023-04-04 03:21:20,164][train][INFO] - Epoch:17 Val_KLLoss: 11.038
[2023-04-04 03:21:25,962][train][INFO] - Epoch:18 Train_TotalLoss: 284.994
[2023-04-04 03:21:25,962][train][INFO] - Epoch:18 Train_ReconLoss: 25.133
[2023-04-04 03:21:25,962][train][INFO] - Epoch:18 Train_RegLoss: 185.984
[2023-04-04 03:21:25,962][train][INFO] - Epoch:18 Train_TripletLoss: 62.629
[2023-04-04 03:21:25,963][train][INFO] - Epoch:18 Train_KLLoss: 11.248
[2023-04-04 03:21:25,963][train][INFO] - Epoch:18 Val_TotalLoss: 363.243
[2023-04-04 03:21:25,963][train][INFO] - Epoch:18 Val_ReconLoss: 24.099
[2023-04-04 03:21:25,963][train][INFO] - Epoch:18 Val_RegLoss: 260.832
[2023-04-04 03:21:25,963][train][INFO] - Epoch:18 Val_TripletLoss: 67.644
[2023-04-04 03:21:25,963][train][INFO] - Epoch:18 Val_KLLoss: 10.668
[2023-04-04 03:21:31,635][train][INFO] - Epoch:19 Train_TotalLoss: 283.809
[2023-04-04 03:21:31,635][train][INFO] - Epoch:19 Train_ReconLoss: 25.287
[2023-04-04 03:21:31,635][train][INFO] - Epoch:19 Train_RegLoss: 184.545
[2023-04-04 03:21:31,635][train][INFO] - Epoch:19 Train_TripletLoss: 62.922
[2023-04-04 03:21:31,635][train][INFO] - Epoch:19 Train_KLLoss: 11.055
[2023-04-04 03:21:31,635][train][INFO] - Epoch:19 Val_TotalLoss: 326.478
[2023-04-04 03:21:31,635][train][INFO] - Epoch:19 Val_ReconLoss: 24.836
[2023-04-04 03:21:31,635][train][INFO] - Epoch:19 Val_RegLoss: 223.664
[2023-04-04 03:21:31,635][train][INFO] - Epoch:19 Val_TripletLoss: 67.545
[2023-04-04 03:21:31,635][train][INFO] - Epoch:19 Val_KLLoss: 10.433
